
$$ts=2014-07-07 13:34:39	$$service=dbmonitor:test	$$message=[ERROR]Io 异常: The Network Adapter could not establish the connection	$$snapshotfile=N/A	$$snapshotid=1404711279445	
$$ts=2014-07-07 13:34:39	$$service=dbmonitor:test	$$message=[ERROR] sql=select count(*) as  count from v*session where status='ACTIVE'  and username='UAP63'#Io 异常: The Network Adapter could not establish the connection	$$snapshotfile=N/A	$$snapshotid=1404711279466	
$$ts=2014-07-07 13:34:50	$$service=dbmonitor:test	$$message=[ERROR] sql=select count(*) as  count from v*session where status='ACTIVE'  and username='UAP63'#Io 异常: The Network Adapter could not establish the connection	$$snapshotfile=N/A	$$snapshotid=1404711290457	
$$ts=2014-07-07 13:34:50	$$service=dbmonitor:test	$$message=[ERROR]Io 异常: The Network Adapter could not establish the connection	$$snapshotfile=N/A	$$snapshotid=1404711290477	
$$ts=2014-07-07 13:34:59	$$service=dbmonitor:design	$$message=[ERROR] sql=select count(*) as count from  sys.dm_exec_sessions where status='running' #到主机  的 TCP/IP 连接失败。 java.net.ConnectException: Connection timed out: connect	$$snapshotfile=N/A	$$snapshotid=1404711299420	
$$ts=2014-07-07 13:35:01	$$service=dbmonitor:test	$$message=[ERROR]Io 异常: The Network Adapter could not establish the connection	$$snapshotfile=N/A	$$snapshotid=1404711301442	
$$ts=2014-07-07 13:35:01	$$service=dbmonitor:test	$$message=[ERROR] sql=select count(*) as  count from v*session where status='ACTIVE'  and username='UAP63'#Io 异常: The Network Adapter could not establish the connection	$$snapshotfile=N/A	$$snapshotid=1404711301462	
$$ts=2014-07-07 13:35:02	$$service=processmonitor:MW-Tony-T420i	$$message=[ERROR][mw]server response check failed.	$$snapshotfile=N/A	$$snapshotid=1404711302482	
$$ts=2014-07-07 13:35:02	$$service=processmonitor:MW-Tony-T420i	$$message=[WARNING][mw]server restart over ,costtime=0	$$snapshotfile=N/A	$$snapshotid=1404711302502	
$$ts=2014-07-07 13:35:12	$$service=dbmonitor:test	$$message=[ERROR] sql=select count(*) as  count from v*session where status='ACTIVE'  and username='UAP63'#Io 异常: The Network Adapter could not establish the connection	$$snapshotfile=N/A	$$snapshotid=1404711312448	
$$ts=2014-07-07 13:35:12	$$service=dbmonitor:test	$$message=[ERROR]Io 异常: The Network Adapter could not establish the connection	$$snapshotfile=N/A	$$snapshotid=1404711312468	
$$ts=2014-07-07 13:35:23	$$service=dbmonitor:test	$$message=[ERROR] sql=select count(*) as  count from v*session where status='ACTIVE'  and username='UAP63'#Io 异常: The Network Adapter could not establish the connection	$$snapshotfile=N/A	$$snapshotid=1404711323442	
$$ts=2014-07-07 13:35:23	$$service=dbmonitor:test	$$message=[ERROR]Io 异常: The Network Adapter could not establish the connection	$$snapshotfile=N/A	$$snapshotid=1404711323463	
$$ts=2014-07-07 13:35:30	$$service=dbmonitor:design	$$message=[ERROR] sql=select count(*) as count from  sys.dm_exec_sessions where status='running' #到主机  的 TCP/IP 连接失败。 java.net.ConnectException: Connection timed out: connect	$$snapshotfile=N/A	$$snapshotid=1404711330429	
$$ts=2014-07-07 13:35:34	$$service=dbmonitor:test	$$message=[ERROR] sql=select count(*) as  count from v*session where status='ACTIVE'  and username='UAP63'#Io 异常: The Network Adapter could not establish the connection	$$snapshotfile=N/A	$$snapshotid=1404711334439	
$$ts=2014-07-07 13:35:34	$$service=dbmonitor:test	$$message=[ERROR]Io 异常: The Network Adapter could not establish the connection	$$snapshotfile=N/A	$$snapshotid=1404711334459	
$$ts=2014-07-07 13:35:45	$$service=dbmonitor:test	$$message=[ERROR] sql=select count(*) as  count from v*session where status='ACTIVE'  and username='UAP63'#Io 异常: The Network Adapter could not establish the connection	$$snapshotfile=N/A	$$snapshotid=1404711345442	
$$ts=2014-07-07 13:35:45	$$service=dbmonitor:test	$$message=[ERROR]Io 异常: The Network Adapter could not establish the connection	$$snapshotfile=N/A	$$snapshotid=1404711345462	
$$ts=2014-07-07 13:35:56	$$service=dbmonitor:test	$$message=[ERROR] sql=select count(*) as  count from v*session where status='ACTIVE'  and username='UAP63'#Io 异常: The Network Adapter could not establish the connection	$$snapshotfile=N/A	$$snapshotid=1404711356444	
$$ts=2014-07-07 13:35:56	$$service=dbmonitor:test	$$message=[ERROR]Io 异常: The Network Adapter could not establish the connection	$$snapshotfile=N/A	$$snapshotid=1404711356464	
$$ts=2014-07-07 13:36:01	$$service=dbmonitor:design	$$message=[ERROR] sql=select count(*) as count from  sys.dm_exec_sessions where status='running' #到主机  的 TCP/IP 连接失败。 java.net.ConnectException: Connection timed out: connect	$$snapshotfile=N/A	$$snapshotid=1404711361432	
$$ts=2014-07-07 13:36:07	$$service=dbmonitor:test	$$message=[ERROR] sql=select count(*) as  count from v*session where status='ACTIVE'  and username='UAP63'#Io 异常: The Network Adapter could not establish the connection	$$snapshotfile=N/A	$$snapshotid=1404711367454	
$$ts=2014-07-07 13:36:07	$$service=dbmonitor:test	$$message=[ERROR]Io 异常: The Network Adapter could not establish the connection	$$snapshotfile=N/A	$$snapshotid=1404711367474	
$$ts=2014-07-07 13:36:18	$$service=dbmonitor:test	$$message=[ERROR] sql=select count(*) as  count from v*session where status='ACTIVE'  and username='UAP63'#Io 异常: The Network Adapter could not establish the connection	$$snapshotfile=N/A	$$snapshotid=1404711378459	
$$ts=2014-07-07 13:36:18	$$service=dbmonitor:test	$$message=[ERROR]Io 异常: The Network Adapter could not establish the connection	$$snapshotfile=N/A	$$snapshotid=1404711378479	
$$ts=2014-07-07 13:36:29	$$service=dbmonitor:test	$$message=[ERROR] sql=select count(*) as  count from v*session where status='ACTIVE'  and username='UAP63'#Io 异常: The Network Adapter could not establish the connection	$$snapshotfile=N/A	$$snapshotid=1404711389450	
$$ts=2014-07-07 13:36:29	$$service=dbmonitor:test	$$message=[ERROR]Io 异常: The Network Adapter could not establish the connection	$$snapshotfile=N/A	$$snapshotid=1404711389470	
$$ts=2014-07-07 13:36:32	$$service=dbmonitor:design	$$message=[ERROR] sql=select count(*) as count from  sys.dm_exec_sessions where status='running' #到主机  的 TCP/IP 连接失败。 java.net.ConnectException: Connection timed out: connect	$$snapshotfile=N/A	$$snapshotid=1404711392430	
$$ts=2014-07-07 13:36:35	$$service=processmonitor:MW-Tony-T420i	$$message=[ERROR][mw]server response check failed.	$$snapshotfile=N/A	$$snapshotid=1404711395510	
$$ts=2014-07-07 13:36:35	$$service=processmonitor:MW-Tony-T420i	$$message=[WARNING][mw]server restart over ,costtime=0	$$snapshotfile=N/A	$$snapshotid=1404711395530	
$$ts=2014-07-07 13:36:40	$$service=dbmonitor:test	$$message=[ERROR] sql=select count(*) as  count from v*session where status='ACTIVE'  and username='UAP63'#Io 异常: The Network Adapter could not establish the connection	$$snapshotfile=N/A	$$snapshotid=1404711400451	
$$ts=2014-07-07 13:36:40	$$service=dbmonitor:test	$$message=[ERROR]Io 异常: The Network Adapter could not establish the connection	$$snapshotfile=N/A	$$snapshotid=1404711400471	
$$ts=2014-07-07 13:36:51	$$service=dbmonitor:test	$$message=[ERROR] sql=select count(*) as  count from v*session where status='ACTIVE'  and username='UAP63'#Io 异常: The Network Adapter could not establish the connection	$$snapshotfile=N/A	$$snapshotid=1404711411454	
$$ts=2014-07-07 13:36:51	$$service=dbmonitor:test	$$message=[ERROR]Io 异常: The Network Adapter could not establish the connection	$$snapshotfile=N/A	$$snapshotid=1404711411474	
$$ts=2014-07-07 13:37:02	$$service=dbmonitor:test	$$message=[ERROR] sql=select count(*) as  count from v*session where status='ACTIVE'  and username='UAP63'#Io 异常: The Network Adapter could not establish the connection	$$snapshotfile=N/A	$$snapshotid=1404711422452	
$$ts=2014-07-07 13:37:02	$$service=dbmonitor:test	$$message=[ERROR]Io 异常: The Network Adapter could not establish the connection	$$snapshotfile=N/A	$$snapshotid=1404711422472	
$$ts=2014-07-07 13:37:03	$$service=dbmonitor:design	$$message=[ERROR] sql=select count(*) as count from  sys.dm_exec_sessions where status='running' #到主机  的 TCP/IP 连接失败。 java.net.ConnectException: Connection timed out: connect	$$snapshotfile=N/A	$$snapshotid=1404711423452	
$$ts=2014-07-07 13:37:13	$$service=dbmonitor:test	$$message=[ERROR] sql=select count(*) as  count from v*session where status='ACTIVE'  and username='UAP63'#Io 异常: The Network Adapter could not establish the connection	$$snapshotfile=N/A	$$snapshotid=1404711433456	
$$ts=2014-07-07 13:37:13	$$service=dbmonitor:test	$$message=[ERROR]Io 异常: The Network Adapter could not establish the connection	$$snapshotfile=N/A	$$snapshotid=1404711433476	
$$ts=2014-07-07 13:37:24	$$service=dbmonitor:test	$$message=[ERROR] sql=select count(*) as  count from v*session where status='ACTIVE'  and username='UAP63'#Io 异常: The Network Adapter could not establish the connection	$$snapshotfile=N/A	$$snapshotid=1404711444458	
$$ts=2014-07-07 13:37:24	$$service=dbmonitor:test	$$message=[ERROR]Io 异常: The Network Adapter could not establish the connection	$$snapshotfile=N/A	$$snapshotid=1404711444478	
$$ts=2014-07-07 13:37:34	$$service=dbmonitor:design	$$message=[ERROR] sql=select count(*) as count from  sys.dm_exec_sessions where status='running' #到主机  的 TCP/IP 连接失败。 java.net.ConnectException: Connection timed out: connect	$$snapshotfile=N/A	$$snapshotid=1404711454455	
$$ts=2014-07-07 13:37:35	$$service=dbmonitor:test	$$message=[ERROR] sql=select count(*) as  count from v*session where status='ACTIVE'  and username='UAP63'#Io 异常: The Network Adapter could not establish the connection	$$snapshotfile=N/A	$$snapshotid=1404711455477	
$$ts=2014-07-07 13:37:35	$$service=dbmonitor:test	$$message=[ERROR]Io 异常: The Network Adapter could not establish the connection	$$snapshotfile=N/A	$$snapshotid=1404711455497	
$$ts=2014-07-07 13:37:45	$$service=dbmonitor:design	$$message=[ERROR] sql=select count(*) as count from  sys.dm_exec_sessions where status='running' #到主机  的 TCP/IP 连接失败。 java.net.ConnectException: Connection refused: connect	$$snapshotfile=N/A	$$snapshotid=1404711465455	
$$ts=2014-07-07 13:37:46	$$service=dbmonitor:test	$$message=[ERROR] sql=select count(*) as  count from v*session where status='ACTIVE'  and username='UAP63'#Io 异常: The Network Adapter could not establish the connection	$$snapshotfile=N/A	$$snapshotid=1404711466475	
$$ts=2014-07-07 13:37:46	$$service=dbmonitor:test	$$message=[ERROR]Io 异常: The Network Adapter could not establish the connection	$$snapshotfile=N/A	$$snapshotid=1404711466495	
$$ts=2014-07-07 13:37:56	$$service=dbmonitor:design	$$message=[ERROR] sql=select count(*) as count from  sys.dm_exec_sessions where status='running' #到主机  的 TCP/IP 连接失败。 java.net.ConnectException: Connection refused: connect	$$snapshotfile=N/A	$$snapshotid=1404711476446	
$$ts=2014-07-07 13:37:57	$$service=dbmonitor:test	$$message=[ERROR] sql=select count(*) as  count from v*session where status='ACTIVE'  and username='UAP63'#Io 异常: The Network Adapter could not establish the connection	$$snapshotfile=N/A	$$snapshotid=1404711477486	
$$ts=2014-07-07 13:37:57	$$service=dbmonitor:test	$$message=[ERROR]Io 异常: The Network Adapter could not establish the connection	$$snapshotfile=N/A	$$snapshotid=1404711477506	
$$ts=2014-07-07 13:38:07	$$service=dbmonitor:design	$$message=[ERROR] sql=select count(*) as count from  sys.dm_exec_sessions where status='running' #到主机  的 TCP/IP 连接失败。 java.net.ConnectException: Connection refused: connect	$$snapshotfile=N/A	$$snapshotid=1404711487445	
$$ts=2014-07-07 13:38:08	$$service=dbmonitor:test	$$message=[ERROR] sql=select count(*) as  count from v*session where status='ACTIVE'  and username='UAP63'#Io 异常: The Network Adapter could not establish the connection	$$snapshotfile=N/A	$$snapshotid=1404711488485	
$$ts=2014-07-07 13:38:08	$$service=dbmonitor:test	$$message=[ERROR]Io 异常: The Network Adapter could not establish the connection	$$snapshotfile=N/A	$$snapshotid=1404711488505	
$$ts=2014-07-07 13:38:08	$$service=processmonitor:MW-Tony-T420i	$$message=[ERROR][mw]server response check failed.	$$snapshotfile=N/A	$$snapshotid=1404711488585	
$$ts=2014-07-07 13:38:08	$$service=processmonitor:MW-Tony-T420i	$$message=[WARNING][mw]server restart over ,costtime=0	$$snapshotfile=N/A	$$snapshotid=1404711488605	
$$ts=2014-07-07 13:38:18	$$service=dbmonitor:design	$$message=[ERROR] sql=select count(*) as count from  sys.dm_exec_sessions where status='running' #到主机  的 TCP/IP 连接失败。 java.net.ConnectException: Connection refused: connect	$$snapshotfile=N/A	$$snapshotid=1404711498457	
$$ts=2014-07-07 13:38:19	$$service=dbmonitor:test	$$message=[ERROR] sql=select count(*) as  count from v*session where status='ACTIVE'  and username='UAP63'#Io 异常: The Network Adapter could not establish the connection	$$snapshotfile=N/A	$$snapshotid=1404711499497	
$$ts=2014-07-07 13:38:19	$$service=dbmonitor:test	$$message=[ERROR]Io 异常: The Network Adapter could not establish the connection	$$snapshotfile=N/A	$$snapshotid=1404711499517	
$$ts=2014-07-07 13:38:29	$$service=dbmonitor:design	$$message=[ERROR] sql=select count(*) as count from  sys.dm_exec_sessions where status='running' #到主机  的 TCP/IP 连接失败。 java.net.ConnectException: Connection refused: connect	$$snapshotfile=N/A	$$snapshotid=1404711509466	
$$ts=2014-07-07 13:38:30	$$service=dbmonitor:test	$$message=[ERROR] sql=select count(*) as  count from v*session where status='ACTIVE'  and username='UAP63'#Io 异常: The Network Adapter could not establish the connection	$$snapshotfile=N/A	$$snapshotid=1404711510487	
$$ts=2014-07-07 13:38:30	$$service=dbmonitor:test	$$message=[ERROR]Io 异常: The Network Adapter could not establish the connection	$$snapshotfile=N/A	$$snapshotid=1404711510508	
$$ts=2014-07-07 13:38:40	$$service=dbmonitor:design	$$message=[ERROR] sql=select count(*) as count from  sys.dm_exec_sessions where status='running' #到主机  的 TCP/IP 连接失败。 java.net.ConnectException: Connection refused: connect	$$snapshotfile=N/A	$$snapshotid=1404711520450	
$$ts=2014-07-07 13:38:41	$$service=dbmonitor:test	$$message=[ERROR] sql=select count(*) as  count from v*session where status='ACTIVE'  and username='UAP63'#Io 异常: The Network Adapter could not establish the connection	$$snapshotfile=N/A	$$snapshotid=1404711521503	
$$ts=2014-07-07 13:38:41	$$service=dbmonitor:test	$$message=[ERROR]Io 异常: The Network Adapter could not establish the connection	$$snapshotfile=N/A	$$snapshotid=1404711521523	
$$ts=2014-07-07 13:38:51	$$service=dbmonitor:design	$$message=[ERROR] sql=select count(*) as count from  sys.dm_exec_sessions where status='running' #到主机  的 TCP/IP 连接失败。 java.net.ConnectException: Connection refused: connect	$$snapshotfile=N/A	$$snapshotid=1404711531464	
$$ts=2014-07-07 13:38:52	$$service=dbmonitor:test	$$message=[ERROR] sql=select count(*) as  count from v*session where status='ACTIVE'  and username='UAP63'#Io 异常: The Network Adapter could not establish the connection	$$snapshotfile=N/A	$$snapshotid=1404711532504	
$$ts=2014-07-07 13:38:52	$$service=dbmonitor:test	$$message=[ERROR]Io 异常: The Network Adapter could not establish the connection	$$snapshotfile=N/A	$$snapshotid=1404711532524	
$$ts=2014-07-07 13:39:02	$$service=dbmonitor:design	$$message=[ERROR] sql=select count(*) as count from  sys.dm_exec_sessions where status='running' #到主机  的 TCP/IP 连接失败。 java.net.ConnectException: Connection refused: connect	$$snapshotfile=N/A	$$snapshotid=1404711542464	
$$ts=2014-07-07 13:39:03	$$service=dbmonitor:test	$$message=[ERROR] sql=select count(*) as  count from v*session where status='ACTIVE'  and username='UAP63'#Io 异常: The Network Adapter could not establish the connection	$$snapshotfile=N/A	$$snapshotid=1404711543524	
$$ts=2014-07-07 13:39:03	$$service=dbmonitor:test	$$message=[ERROR]Io 异常: The Network Adapter could not establish the connection	$$snapshotfile=N/A	$$snapshotid=1404711543544	
$$ts=2014-07-07 13:39:13	$$service=dbmonitor:design	$$message=[ERROR] sql=select count(*) as count from  sys.dm_exec_sessions where status='running' #到主机  的 TCP/IP 连接失败。 java.net.ConnectException: Connection refused: connect	$$snapshotfile=N/A	$$snapshotid=1404711553457	
$$ts=2014-07-07 13:39:14	$$service=dbmonitor:test	$$message=[ERROR] sql=select count(*) as  count from v*session where status='ACTIVE'  and username='UAP63'#Io 异常: The Network Adapter could not establish the connection	$$snapshotfile=N/A	$$snapshotid=1404711554518	
$$ts=2014-07-07 13:39:14	$$service=dbmonitor:test	$$message=[ERROR]Io 异常: The Network Adapter could not establish the connection	$$snapshotfile=N/A	$$snapshotid=1404711554538	
$$ts=2014-07-07 13:39:24	$$service=dbmonitor:design	$$message=[ERROR] sql=select count(*) as count from  sys.dm_exec_sessions where status='running' #到主机  的 TCP/IP 连接失败。 java.net.ConnectException: Connection refused: connect	$$snapshotfile=N/A	$$snapshotid=1404711564481	
$$ts=2014-07-07 13:39:25	$$service=dbmonitor:test	$$message=[ERROR] sql=select count(*) as  count from v*session where status='ACTIVE'  and username='UAP63'#Io 异常: The Network Adapter could not establish the connection	$$snapshotfile=N/A	$$snapshotid=1404711565521	
$$ts=2014-07-07 13:39:25	$$service=dbmonitor:test	$$message=[ERROR]Io 异常: The Network Adapter could not establish the connection	$$snapshotfile=N/A	$$snapshotid=1404711565541	
$$ts=2014-07-07 13:39:35	$$service=dbmonitor:design	$$message=[ERROR] sql=select count(*) as count from  sys.dm_exec_sessions where status='running' #到主机  的 TCP/IP 连接失败。 java.net.ConnectException: Connection refused: connect	$$snapshotfile=N/A	$$snapshotid=1404711575482	
$$ts=2014-07-07 13:39:36	$$service=dbmonitor:test	$$message=[ERROR] sql=select count(*) as  count from v*session where status='ACTIVE'  and username='UAP63'#Io 异常: The Network Adapter could not establish the connection	$$snapshotfile=N/A	$$snapshotid=1404711576522	
$$ts=2014-07-07 13:39:36	$$service=dbmonitor:test	$$message=[ERROR]Io 异常: The Network Adapter could not establish the connection	$$snapshotfile=N/A	$$snapshotid=1404711576542	
$$ts=2014-07-07 13:39:41	$$service=processmonitor:MW-Tony-T420i	$$message=[ERROR][mw]server response check failed.	$$snapshotfile=N/A	$$snapshotid=1404711581603	
$$ts=2014-07-07 13:39:41	$$service=processmonitor:MW-Tony-T420i	$$message=[WARNING][mw]server restart over ,costtime=0	$$snapshotfile=N/A	$$snapshotid=1404711581623	
$$ts=2014-07-07 13:39:46	$$service=dbmonitor:design	$$message=[ERROR] sql=select count(*) as count from  sys.dm_exec_sessions where status='running' #到主机  的 TCP/IP 连接失败。 java.net.ConnectException: Connection refused: connect	$$snapshotfile=N/A	$$snapshotid=1404711586483	
$$ts=2014-07-07 13:39:47	$$service=dbmonitor:test	$$message=[ERROR] sql=select count(*) as  count from v*session where status='ACTIVE'  and username='UAP63'#Io 异常: The Network Adapter could not establish the connection	$$snapshotfile=N/A	$$snapshotid=1404711587543	
$$ts=2014-07-07 13:39:47	$$service=dbmonitor:test	$$message=[ERROR]Io 异常: The Network Adapter could not establish the connection	$$snapshotfile=N/A	$$snapshotid=1404711587563	
$$ts=2014-07-07 13:39:57	$$service=dbmonitor:design	$$message=[ERROR] sql=select count(*) as count from  sys.dm_exec_sessions where status='running' #到主机  的 TCP/IP 连接失败。 java.net.ConnectException: Connection refused: connect	$$snapshotfile=N/A	$$snapshotid=1404711597498	
$$ts=2014-07-07 13:39:58	$$service=dbmonitor:test	$$message=[ERROR]Io 异常: The Network Adapter could not establish the connection	$$snapshotfile=N/A	$$snapshotid=1404711598540	
$$ts=2014-07-07 13:39:58	$$service=dbmonitor:test	$$message=[ERROR] sql=select count(*) as  count from v*session where status='ACTIVE'  and username='UAP63'#Io 异常: The Network Adapter could not establish the connection	$$snapshotfile=N/A	$$snapshotid=1404711598560	
$$ts=2014-07-07 13:40:08	$$service=dbmonitor:design	$$message=[ERROR] sql=select count(*) as count from  sys.dm_exec_sessions where status='running' #到主机  的 TCP/IP 连接失败。 java.net.ConnectException: Connection refused: connect	$$snapshotfile=N/A	$$snapshotid=1404711608503	
$$ts=2014-07-07 13:40:09	$$service=dbmonitor:test	$$message=[ERROR] sql=select count(*) as  count from v*session where status='ACTIVE'  and username='UAP63'#Io 异常: The Network Adapter could not establish the connection	$$snapshotfile=N/A	$$snapshotid=1404711609544	
$$ts=2014-07-07 13:40:09	$$service=dbmonitor:test	$$message=[ERROR]Io 异常: The Network Adapter could not establish the connection	$$snapshotfile=N/A	$$snapshotid=1404711609564	
$$ts=2014-07-07 13:40:19	$$service=dbmonitor:design	$$message=[ERROR] sql=select count(*) as count from  sys.dm_exec_sessions where status='running' #到主机  的 TCP/IP 连接失败。 java.net.ConnectException: Connection refused: connect	$$snapshotfile=N/A	$$snapshotid=1404711619494	
$$ts=2014-07-07 13:40:20	$$service=dbmonitor:test	$$message=[ERROR] sql=select count(*) as  count from v*session where status='ACTIVE'  and username='UAP63'#Io 异常: The Network Adapter could not establish the connection	$$snapshotfile=N/A	$$snapshotid=1404711620534	
$$ts=2014-07-07 13:40:20	$$service=dbmonitor:test	$$message=[ERROR]Io 异常: The Network Adapter could not establish the connection	$$snapshotfile=N/A	$$snapshotid=1404711620554	
$$ts=2014-07-07 13:40:30	$$service=dbmonitor:design	$$message=[ERROR] sql=select count(*) as count from  sys.dm_exec_sessions where status='running' #到主机  的 TCP/IP 连接失败。 java.net.ConnectException: Connection refused: connect	$$snapshotfile=N/A	$$snapshotid=1404711630497	
$$ts=2014-07-07 13:40:31	$$service=dbmonitor:test	$$message=[ERROR] sql=select count(*) as  count from v*session where status='ACTIVE'  and username='UAP63'#Io 异常: The Network Adapter could not establish the connection	$$snapshotfile=N/A	$$snapshotid=1404711631537	
$$ts=2014-07-07 13:40:31	$$service=dbmonitor:test	$$message=[ERROR]Io 异常: The Network Adapter could not establish the connection	$$snapshotfile=N/A	$$snapshotid=1404711631557	
$$ts=2014-07-07 13:40:41	$$service=dbmonitor:design	$$message=[ERROR] sql=select count(*) as count from  sys.dm_exec_sessions where status='running' #到主机  的 TCP/IP 连接失败。 java.net.ConnectException: Connection refused: connect	$$snapshotfile=N/A	$$snapshotid=1404711641504	
$$ts=2014-07-07 13:40:42	$$service=dbmonitor:test	$$message=[ERROR] sql=select count(*) as  count from v*session where status='ACTIVE'  and username='UAP63'#Io 异常: The Network Adapter could not establish the connection	$$snapshotfile=N/A	$$snapshotid=1404711642544	
$$ts=2014-07-07 13:40:42	$$service=dbmonitor:test	$$message=[ERROR]Io 异常: The Network Adapter could not establish the connection	$$snapshotfile=N/A	$$snapshotid=1404711642564	
$$ts=2014-07-07 13:40:52	$$service=dbmonitor:design	$$message=[ERROR] sql=select count(*) as count from  sys.dm_exec_sessions where status='running' #到主机  的 TCP/IP 连接失败。 java.net.ConnectException: Connection refused: connect	$$snapshotfile=N/A	$$snapshotid=1404711652513	
$$ts=2014-07-07 13:40:53	$$service=dbmonitor:test	$$message=[ERROR] sql=select count(*) as  count from v*session where status='ACTIVE'  and username='UAP63'#Io 异常: The Network Adapter could not establish the connection	$$snapshotfile=N/A	$$snapshotid=1404711653553	
$$ts=2014-07-07 13:40:53	$$service=dbmonitor:test	$$message=[ERROR]Io 异常: The Network Adapter could not establish the connection	$$snapshotfile=N/A	$$snapshotid=1404711653573	
$$ts=2014-07-07 13:41:03	$$service=dbmonitor:design	$$message=[ERROR] sql=select count(*) as count from  sys.dm_exec_sessions where status='running' #到主机  的 TCP/IP 连接失败。 java.net.ConnectException: Connection refused: connect	$$snapshotfile=N/A	$$snapshotid=1404711663522	
$$ts=2014-07-07 13:41:04	$$service=dbmonitor:test	$$message=[ERROR] sql=select count(*) as  count from v*session where status='ACTIVE'  and username='UAP63'#Io 异常: The Network Adapter could not establish the connection	$$snapshotfile=N/A	$$snapshotid=1404711664553	
$$ts=2014-07-07 13:41:04	$$service=dbmonitor:test	$$message=[ERROR]Io 异常: The Network Adapter could not establish the connection	$$snapshotfile=N/A	$$snapshotid=1404711664573	
$$ts=2014-07-07 13:41:14	$$service=dbmonitor:design	$$message=[ERROR] sql=select count(*) as count from  sys.dm_exec_sessions where status='running' #到主机  的 TCP/IP 连接失败。 java.net.ConnectException: Connection refused: connect	$$snapshotfile=N/A	$$snapshotid=1404711674527	
$$ts=2014-07-07 13:41:14	$$service=processmonitor:MW-Tony-T420i	$$message=[ERROR][mw]server response check failed.	$$snapshotfile=N/A	$$snapshotid=1404711674607	
$$ts=2014-07-07 13:41:14	$$service=processmonitor:MW-Tony-T420i	$$message=[WARNING][mw]server restart over ,costtime=0	$$snapshotfile=N/A	$$snapshotid=1404711674627	
$$ts=2014-07-07 13:41:15	$$service=dbmonitor:test	$$message=[ERROR] sql=select count(*) as  count from v*session where status='ACTIVE'  and username='UAP63'#Io 异常: The Network Adapter could not establish the connection	$$snapshotfile=N/A	$$snapshotid=1404711675549	
$$ts=2014-07-07 13:41:15	$$service=dbmonitor:test	$$message=[ERROR]Io 异常: The Network Adapter could not establish the connection	$$snapshotfile=N/A	$$snapshotid=1404711675569	
$$ts=2014-07-07 13:41:25	$$service=dbmonitor:design	$$message=[ERROR] sql=select count(*) as count from  sys.dm_exec_sessions where status='running' #到主机  的 TCP/IP 连接失败。 java.net.ConnectException: Connection refused: connect	$$snapshotfile=N/A	$$snapshotid=1404711685534	
$$ts=2014-07-07 13:41:26	$$service=dbmonitor:test	$$message=[ERROR] sql=select count(*) as  count from v*session where status='ACTIVE'  and username='UAP63'#Io 异常: The Network Adapter could not establish the connection	$$snapshotfile=N/A	$$snapshotid=1404711686554	
$$ts=2014-07-07 13:41:26	$$service=dbmonitor:test	$$message=[ERROR]Io 异常: The Network Adapter could not establish the connection	$$snapshotfile=N/A	$$snapshotid=1404711686574	
$$ts=2014-07-07 13:41:36	$$service=dbmonitor:design	$$message=[ERROR] sql=select count(*) as count from  sys.dm_exec_sessions where status='running' #到主机  的 TCP/IP 连接失败。 java.net.ConnectException: Connection refused: connect	$$snapshotfile=N/A	$$snapshotid=1404711696558	
$$ts=2014-07-07 13:41:37	$$service=dbmonitor:test	$$message=[ERROR] sql=select count(*) as  count from v*session where status='ACTIVE'  and username='UAP63'#Io 异常: The Network Adapter could not establish the connection	$$snapshotfile=N/A	$$snapshotid=1404711697558	
$$ts=2014-07-07 13:41:37	$$service=dbmonitor:test	$$message=[ERROR]Io 异常: The Network Adapter could not establish the connection	$$snapshotfile=N/A	$$snapshotid=1404711697578	
$$ts=2014-07-07 13:41:47	$$service=dbmonitor:design	$$message=[ERROR] sql=select count(*) as count from  sys.dm_exec_sessions where status='running' #到主机  的 TCP/IP 连接失败。 java.net.ConnectException: Connection refused: connect	$$snapshotfile=N/A	$$snapshotid=1404711707560	
$$ts=2014-07-07 13:41:48	$$service=dbmonitor:test	$$message=[ERROR] sql=select count(*) as  count from v*session where status='ACTIVE'  and username='UAP63'#Io 异常: The Network Adapter could not establish the connection	$$snapshotfile=N/A	$$snapshotid=1404711708560	
$$ts=2014-07-07 13:41:48	$$service=dbmonitor:test	$$message=[ERROR]Io 异常: The Network Adapter could not establish the connection	$$snapshotfile=N/A	$$snapshotid=1404711708580	
$$ts=2014-07-07 13:41:58	$$service=dbmonitor:design	$$message=[ERROR] sql=select count(*) as count from  sys.dm_exec_sessions where status='running' #到主机  的 TCP/IP 连接失败。 java.net.ConnectException: Connection refused: connect	$$snapshotfile=N/A	$$snapshotid=1404711718563	
$$ts=2014-07-07 13:41:59	$$service=dbmonitor:test	$$message=[ERROR] sql=select count(*) as  count from v*session where status='ACTIVE'  and username='UAP63'#Io 异常: The Network Adapter could not establish the connection	$$snapshotfile=N/A	$$snapshotid=1404711719544	
$$ts=2014-07-07 13:41:59	$$service=dbmonitor:test	$$message=[ERROR]Io 异常: The Network Adapter could not establish the connection	$$snapshotfile=N/A	$$snapshotid=1404711719564	
$$ts=2014-07-07 13:42:09	$$service=dbmonitor:design	$$message=[ERROR] sql=select count(*) as count from  sys.dm_exec_sessions where status='running' #到主机  的 TCP/IP 连接失败。 java.net.ConnectException: Connection refused: connect	$$snapshotfile=N/A	$$snapshotid=1404711729566	
$$ts=2014-07-07 13:42:10	$$service=dbmonitor:test	$$message=[ERROR] sql=select count(*) as  count from v*session where status='ACTIVE'  and username='UAP63'#Io 异常: The Network Adapter could not establish the connection	$$snapshotfile=N/A	$$snapshotid=1404711730546	
$$ts=2014-07-07 13:42:10	$$service=dbmonitor:test	$$message=[ERROR]Io 异常: The Network Adapter could not establish the connection	$$snapshotfile=N/A	$$snapshotid=1404711730566	
$$ts=2014-07-07 13:42:20	$$service=dbmonitor:design	$$message=[ERROR] sql=select count(*) as count from  sys.dm_exec_sessions where status='running' #到主机  的 TCP/IP 连接失败。 java.net.ConnectException: Connection refused: connect	$$snapshotfile=N/A	$$snapshotid=1404711740572	
$$ts=2014-07-07 13:42:21	$$service=dbmonitor:test	$$message=[ERROR] sql=select count(*) as  count from v*session where status='ACTIVE'  and username='UAP63'#Io 异常: The Network Adapter could not establish the connection	$$snapshotfile=N/A	$$snapshotid=1404711741553	
$$ts=2014-07-07 13:42:21	$$service=dbmonitor:test	$$message=[ERROR]Io 异常: The Network Adapter could not establish the connection	$$snapshotfile=N/A	$$snapshotid=1404711741573	
$$ts=2014-07-07 13:42:31	$$service=dbmonitor:design	$$message=[ERROR] sql=select count(*) as count from  sys.dm_exec_sessions where status='running' #到主机  的 TCP/IP 连接失败。 java.net.ConnectException: Connection refused: connect	$$snapshotfile=N/A	$$snapshotid=1404711751581	
$$ts=2014-07-07 13:42:32	$$service=dbmonitor:test	$$message=[ERROR] sql=select count(*) as  count from v*session where status='ACTIVE'  and username='UAP63'#Io 异常: The Network Adapter could not establish the connection	$$snapshotfile=N/A	$$snapshotid=1404711752563	
$$ts=2014-07-07 13:42:32	$$service=dbmonitor:test	$$message=[ERROR]Io 异常: The Network Adapter could not establish the connection	$$snapshotfile=N/A	$$snapshotid=1404711752583	
$$ts=2014-07-07 13:42:42	$$service=dbmonitor:design	$$message=[ERROR] sql=select count(*) as count from  sys.dm_exec_sessions where status='running' #到主机  的 TCP/IP 连接失败。 java.net.ConnectException: Connection refused: connect	$$snapshotfile=N/A	$$snapshotid=1404711762588	
$$ts=2014-07-07 13:42:43	$$service=dbmonitor:test	$$message=[ERROR] sql=select count(*) as  count from v*session where status='ACTIVE'  and username='UAP63'#Io 异常: The Network Adapter could not establish the connection	$$snapshotfile=N/A	$$snapshotid=1404711763568	
$$ts=2014-07-07 13:42:43	$$service=dbmonitor:test	$$message=[ERROR]Io 异常: The Network Adapter could not establish the connection	$$snapshotfile=N/A	$$snapshotid=1404711763588	
$$ts=2014-07-07 13:42:47	$$service=processmonitor:MW-Tony-T420i	$$message=[ERROR][mw]server response check failed.	$$snapshotfile=N/A	$$snapshotid=1404711767630	
$$ts=2014-07-07 13:42:47	$$service=processmonitor:MW-Tony-T420i	$$message=[WARNING][mw]server restart over ,costtime=0	$$snapshotfile=N/A	$$snapshotid=1404711767650	
$$ts=2014-07-07 13:42:53	$$service=dbmonitor:design	$$message=[ERROR] sql=select count(*) as count from  sys.dm_exec_sessions where status='running' #到主机  的 TCP/IP 连接失败。 java.net.ConnectException: Connection refused: connect	$$snapshotfile=N/A	$$snapshotid=1404711773595	
$$ts=2014-07-07 13:42:54	$$service=dbmonitor:test	$$message=[ERROR]Io 异常: The Network Adapter could not establish the connection	$$snapshotfile=N/A	$$snapshotid=1404711774555	
$$ts=2014-07-07 13:42:54	$$service=dbmonitor:test	$$message=[ERROR] sql=select count(*) as  count from v*session where status='ACTIVE'  and username='UAP63'#Io 异常: The Network Adapter could not establish the connection	$$snapshotfile=N/A	$$snapshotid=1404711774575	
$$ts=2014-07-07 13:43:04	$$service=dbmonitor:design	$$message=[ERROR] sql=select count(*) as count from  sys.dm_exec_sessions where status='running' #到主机  的 TCP/IP 连接失败。 java.net.ConnectException: Connection refused: connect	$$snapshotfile=N/A	$$snapshotid=1404711784595	
$$ts=2014-07-07 13:43:05	$$service=dbmonitor:test	$$message=[ERROR]Io 异常: The Network Adapter could not establish the connection	$$snapshotfile=N/A	$$snapshotid=1404711785555	
$$ts=2014-07-07 13:43:05	$$service=dbmonitor:test	$$message=[ERROR] sql=select count(*) as  count from v*session where status='ACTIVE'  and username='UAP63'#Io 异常: The Network Adapter could not establish the connection	$$snapshotfile=N/A	$$snapshotid=1404711785575	
$$ts=2014-07-07 13:43:15	$$service=dbmonitor:design	$$message=[ERROR] sql=select count(*) as count from  sys.dm_exec_sessions where status='running' #到主机  的 TCP/IP 连接失败。 java.net.ConnectException: Connection refused: connect	$$snapshotfile=N/A	$$snapshotid=1404711795600	
$$ts=2014-07-07 13:43:16	$$service=dbmonitor:test	$$message=[ERROR] sql=select count(*) as  count from v*session where status='ACTIVE'  and username='UAP63'#Io 异常: The Network Adapter could not establish the connection	$$snapshotfile=N/A	$$snapshotid=1404711796560	
$$ts=2014-07-07 13:43:16	$$service=dbmonitor:test	$$message=[ERROR]Io 异常: The Network Adapter could not establish the connection	$$snapshotfile=N/A	$$snapshotid=1404711796582	
$$ts=2014-07-07 13:43:26	$$service=dbmonitor:design	$$message=[ERROR] sql=select count(*) as count from  sys.dm_exec_sessions where status='running' #到主机  的 TCP/IP 连接失败。 java.net.ConnectException: Connection refused: connect	$$snapshotfile=N/A	$$snapshotid=1404711806599	
$$ts=2014-07-07 13:43:27	$$service=dbmonitor:test	$$message=[ERROR] sql=select count(*) as  count from v*session where status='ACTIVE'  and username='UAP63'#Io 异常: The Network Adapter could not establish the connection	$$snapshotfile=N/A	$$snapshotid=1404711807564	
$$ts=2014-07-07 13:43:27	$$service=dbmonitor:test	$$message=[ERROR]Io 异常: The Network Adapter could not establish the connection	$$snapshotfile=N/A	$$snapshotid=1404711807584	
$$ts=2014-07-07 13:43:37	$$service=dbmonitor:design	$$message=[ERROR] sql=select count(*) as count from  sys.dm_exec_sessions where status='running' #到主机  的 TCP/IP 连接失败。 java.net.ConnectException: Connection refused: connect	$$snapshotfile=N/A	$$snapshotid=1404711817592	
$$ts=2014-07-07 13:43:38	$$service=dbmonitor:test	$$message=[ERROR] sql=select count(*) as  count from v*session where status='ACTIVE'  and username='UAP63'#Io 异常: The Network Adapter could not establish the connection	$$snapshotfile=N/A	$$snapshotid=1404711818572	
$$ts=2014-07-07 13:43:38	$$service=dbmonitor:test	$$message=[ERROR]Io 异常: The Network Adapter could not establish the connection	$$snapshotfile=N/A	$$snapshotid=1404711818592	
$$ts=2014-07-07 13:43:48	$$service=dbmonitor:design	$$message=[ERROR] sql=select count(*) as count from  sys.dm_exec_sessions where status='running' #到主机  的 TCP/IP 连接失败。 java.net.ConnectException: Connection refused: connect	$$snapshotfile=N/A	$$snapshotid=1404711828595	
$$ts=2014-07-07 13:43:49	$$service=dbmonitor:test	$$message=[ERROR]Io 异常: The Network Adapter could not establish the connection	$$snapshotfile=N/A	$$snapshotid=1404711829575	
$$ts=2014-07-07 13:43:49	$$service=dbmonitor:test	$$message=[ERROR] sql=select count(*) as  count from v*session where status='ACTIVE'  and username='UAP63'#Io 异常: The Network Adapter could not establish the connection	$$snapshotfile=N/A	$$snapshotid=1404711829595	
$$ts=2014-07-07 13:43:59	$$service=dbmonitor:design	$$message=[ERROR] sql=select count(*) as count from  sys.dm_exec_sessions where status='running' #到主机  的 TCP/IP 连接失败。 java.net.ConnectException: Connection refused: connect	$$snapshotfile=N/A	$$snapshotid=1404711839599	
$$ts=2014-07-07 13:44:00	$$service=dbmonitor:test	$$message=[ERROR] sql=select count(*) as  count from v*session where status='ACTIVE'  and username='UAP63'#Io 异常: The Network Adapter could not establish the connection	$$snapshotfile=N/A	$$snapshotid=1404711840561	
$$ts=2014-07-07 13:44:00	$$service=dbmonitor:test	$$message=[ERROR]Io 异常: The Network Adapter could not establish the connection	$$snapshotfile=N/A	$$snapshotid=1404711840581	
$$ts=2014-07-07 13:44:10	$$service=dbmonitor:design	$$message=[ERROR] sql=select count(*) as count from  sys.dm_exec_sessions where status='running' #到主机  的 TCP/IP 连接失败。 java.net.ConnectException: Connection refused: connect	$$snapshotfile=N/A	$$snapshotid=1404711850598	
$$ts=2014-07-07 13:44:11	$$service=dbmonitor:test	$$message=[ERROR] sql=select count(*) as  count from v*session where status='ACTIVE'  and username='UAP63'#Io 异常: The Network Adapter could not establish the connection	$$snapshotfile=N/A	$$snapshotid=1404711851568	
$$ts=2014-07-07 13:44:11	$$service=dbmonitor:test	$$message=[ERROR]Io 异常: The Network Adapter could not establish the connection	$$snapshotfile=N/A	$$snapshotid=1404711851588	
$$ts=2014-07-07 13:44:20	$$service=processmonitor:MW-Tony-T420i	$$message=[ERROR][mw]server response check failed.	$$snapshotfile=N/A	$$snapshotid=1404711860677	
$$ts=2014-07-07 13:44:20	$$service=processmonitor:MW-Tony-T420i	$$message=[WARNING][mw]server restart over ,costtime=0	$$snapshotfile=N/A	$$snapshotid=1404711860697	
$$ts=2014-07-07 13:44:21	$$service=dbmonitor:design	$$message=[ERROR] sql=select count(*) as count from  sys.dm_exec_sessions where status='running' #到主机  的 TCP/IP 连接失败。 java.net.ConnectException: Connection refused: connect	$$snapshotfile=N/A	$$snapshotid=1404711861597	
$$ts=2014-07-07 13:44:22	$$service=dbmonitor:test	$$message=[ERROR] sql=select count(*) as  count from v*session where status='ACTIVE'  and username='UAP63'#Io 异常: The Network Adapter could not establish the connection	$$snapshotfile=N/A	$$snapshotid=1404711862557	
$$ts=2014-07-07 13:44:22	$$service=dbmonitor:test	$$message=[ERROR]Io 异常: The Network Adapter could not establish the connection	$$snapshotfile=N/A	$$snapshotid=1404711862577	
$$ts=2014-07-07 13:44:32	$$service=dbmonitor:design	$$message=[ERROR] sql=select count(*) as count from  sys.dm_exec_sessions where status='running' #到主机  的 TCP/IP 连接失败。 java.net.ConnectException: Connection refused: connect	$$snapshotfile=N/A	$$snapshotid=1404711872598	
$$ts=2014-07-07 13:44:33	$$service=dbmonitor:test	$$message=[ERROR] sql=select count(*) as  count from v*session where status='ACTIVE'  and username='UAP63'#Io 异常: The Network Adapter could not establish the connection	$$snapshotfile=N/A	$$snapshotid=1404711873558	
$$ts=2014-07-07 13:44:33	$$service=dbmonitor:test	$$message=[ERROR]Io 异常: The Network Adapter could not establish the connection	$$snapshotfile=N/A	$$snapshotid=1404711873578	
$$ts=2014-07-07 13:44:43	$$service=dbmonitor:design	$$message=[ERROR] sql=select count(*) as count from  sys.dm_exec_sessions where status='running' #到主机  的 TCP/IP 连接失败。 java.net.ConnectException: Connection refused: connect	$$snapshotfile=N/A	$$snapshotid=1404711883622	
$$ts=2014-07-07 13:44:44	$$service=dbmonitor:test	$$message=[ERROR] sql=select count(*) as  count from v*session where status='ACTIVE'  and username='UAP63'#Io 异常: The Network Adapter could not establish the connection	$$snapshotfile=N/A	$$snapshotid=1404711884562	
$$ts=2014-07-07 13:44:44	$$service=dbmonitor:test	$$message=[ERROR]Io 异常: The Network Adapter could not establish the connection	$$snapshotfile=N/A	$$snapshotid=1404711884582	
$$ts=2014-07-07 13:44:54	$$service=dbmonitor:design	$$message=[ERROR] sql=select count(*) as count from  sys.dm_exec_sessions where status='running' #到主机  的 TCP/IP 连接失败。 java.net.ConnectException: Connection refused: connect	$$snapshotfile=N/A	$$snapshotid=1404711894628	
$$ts=2014-07-07 13:44:55	$$service=dbmonitor:test	$$message=[ERROR] sql=select count(*) as  count from v*session where status='ACTIVE'  and username='UAP63'#Io 异常: The Network Adapter could not establish the connection	$$snapshotfile=N/A	$$snapshotid=1404711895569	
$$ts=2014-07-07 13:44:55	$$service=dbmonitor:test	$$message=[ERROR]Io 异常: The Network Adapter could not establish the connection	$$snapshotfile=N/A	$$snapshotid=1404711895589	
$$ts=2014-07-07 13:45:05	$$service=dbmonitor:design	$$message=[ERROR] sql=select count(*) as count from  sys.dm_exec_sessions where status='running' #到主机  的 TCP/IP 连接失败。 java.net.ConnectException: Connection refused: connect	$$snapshotfile=N/A	$$snapshotid=1404711905626	
$$ts=2014-07-07 13:45:06	$$service=dbmonitor:test	$$message=[ERROR]Io 异常: The Network Adapter could not establish the connection	$$snapshotfile=N/A	$$snapshotid=1404711906566	
$$ts=2014-07-07 13:45:06	$$service=dbmonitor:test	$$message=[ERROR] sql=select count(*) as  count from v*session where status='ACTIVE'  and username='UAP63'#Io 异常: The Network Adapter could not establish the connection	$$snapshotfile=N/A	$$snapshotid=1404711906586	
$$ts=2014-07-07 13:45:16	$$service=dbmonitor:design	$$message=[ERROR] sql=select count(*) as count from  sys.dm_exec_sessions where status='running' #到主机  的 TCP/IP 连接失败。 java.net.ConnectException: Connection refused: connect	$$snapshotfile=N/A	$$snapshotid=1404711916633	
$$ts=2014-07-07 13:45:17	$$service=dbmonitor:test	$$message=[ERROR]Io 异常: The Network Adapter could not establish the connection	$$snapshotfile=N/A	$$snapshotid=1404711917573	
$$ts=2014-07-07 13:45:17	$$service=dbmonitor:test	$$message=[ERROR] sql=select count(*) as  count from v*session where status='ACTIVE'  and username='UAP63'#Io 异常: The Network Adapter could not establish the connection	$$snapshotfile=N/A	$$snapshotid=1404711917593	
$$ts=2014-07-07 13:45:27	$$service=dbmonitor:design	$$message=[ERROR] sql=select count(*) as count from  sys.dm_exec_sessions where status='running' #到主机  的 TCP/IP 连接失败。 java.net.ConnectException: Connection refused: connect	$$snapshotfile=N/A	$$snapshotid=1404711927628	
$$ts=2014-07-07 13:45:28	$$service=dbmonitor:test	$$message=[ERROR] sql=select count(*) as  count from v*session where status='ACTIVE'  and username='UAP63'#Io 异常: The Network Adapter could not establish the connection	$$snapshotfile=N/A	$$snapshotid=1404711928569	
$$ts=2014-07-07 13:45:28	$$service=dbmonitor:test	$$message=[ERROR]Io 异常: The Network Adapter could not establish the connection	$$snapshotfile=N/A	$$snapshotid=1404711928589	
$$ts=2014-07-07 13:45:38	$$service=dbmonitor:design	$$message=[ERROR] sql=select count(*) as count from  sys.dm_exec_sessions where status='running' #到主机  的 TCP/IP 连接失败。 java.net.ConnectException: Connection refused: connect	$$snapshotfile=N/A	$$snapshotid=1404711938636	
$$ts=2014-07-07 13:45:39	$$service=dbmonitor:test	$$message=[ERROR]Io 异常: The Network Adapter could not establish the connection	$$snapshotfile=N/A	$$snapshotid=1404711939558	
$$ts=2014-07-07 13:45:39	$$service=dbmonitor:test	$$message=[ERROR] sql=select count(*) as  count from v*session where status='ACTIVE'  and username='UAP63'#Io 异常: The Network Adapter could not establish the connection	$$snapshotfile=N/A	$$snapshotid=1404711939578	
$$ts=2014-07-07 13:45:49	$$service=dbmonitor:design	$$message=[ERROR] sql=select count(*) as count from  sys.dm_exec_sessions where status='running' #到主机  的 TCP/IP 连接失败。 java.net.ConnectException: Connection refused: connect	$$snapshotfile=N/A	$$snapshotid=1404711949640	
$$ts=2014-07-07 13:45:50	$$service=dbmonitor:test	$$message=[ERROR]Io 异常: The Network Adapter could not establish the connection	$$snapshotfile=N/A	$$snapshotid=1404711950560	
$$ts=2014-07-07 13:45:50	$$service=dbmonitor:test	$$message=[ERROR] sql=select count(*) as  count from v*session where status='ACTIVE'  and username='UAP63'#Io 异常: The Network Adapter could not establish the connection	$$snapshotfile=N/A	$$snapshotid=1404711950580	
$$ts=2014-07-07 13:45:53	$$service=processmonitor:MW-Tony-T420i	$$message=[ERROR][mw]server response check failed.	$$snapshotfile=N/A	$$snapshotid=1404711953680	
$$ts=2014-07-07 13:45:53	$$service=processmonitor:MW-Tony-T420i	$$message=[WARNING][mw]server restart over ,costtime=0	$$snapshotfile=N/A	$$snapshotid=1404711953700	
$$ts=2014-07-07 13:46:00	$$service=dbmonitor:design	$$message=[ERROR] sql=select count(*) as count from  sys.dm_exec_sessions where status='running' #到主机  的 TCP/IP 连接失败。 java.net.ConnectException: Connection refused: connect	$$snapshotfile=N/A	$$snapshotid=1404711960640	
$$ts=2014-07-07 13:46:01	$$service=dbmonitor:test	$$message=[ERROR]Io 异常: The Network Adapter could not establish the connection	$$snapshotfile=N/A	$$snapshotid=1404711961580	
$$ts=2014-07-07 13:46:01	$$service=dbmonitor:test	$$message=[ERROR] sql=select count(*) as  count from v*session where status='ACTIVE'  and username='UAP63'#Io 异常: The Network Adapter could not establish the connection	$$snapshotfile=N/A	$$snapshotid=1404711961600	
$$ts=2014-07-07 13:46:11	$$service=dbmonitor:design	$$message=[ERROR] sql=select count(*) as count from  sys.dm_exec_sessions where status='running' #到主机  的 TCP/IP 连接失败。 java.net.ConnectException: Connection refused: connect	$$snapshotfile=N/A	$$snapshotid=1404711971628	
$$ts=2014-07-07 13:46:12	$$service=dbmonitor:test	$$message=[ERROR] sql=select count(*) as  count from v*session where status='ACTIVE'  and username='UAP63'#Io 异常: The Network Adapter could not establish the connection	$$snapshotfile=N/A	$$snapshotid=1404711972568	
$$ts=2014-07-07 13:46:12	$$service=dbmonitor:test	$$message=[ERROR]Io 异常: The Network Adapter could not establish the connection	$$snapshotfile=N/A	$$snapshotid=1404711972588	
$$ts=2014-07-07 13:46:22	$$service=dbmonitor:design	$$message=[ERROR] sql=select count(*) as count from  sys.dm_exec_sessions where status='running' #到主机  的 TCP/IP 连接失败。 java.net.ConnectException: Connection refused: connect	$$snapshotfile=N/A	$$snapshotid=1404711982629	
$$ts=2014-07-07 13:46:23	$$service=dbmonitor:test	$$message=[ERROR]Io 异常: The Network Adapter could not establish the connection	$$snapshotfile=N/A	$$snapshotid=1404711983589	
$$ts=2014-07-07 13:46:23	$$service=dbmonitor:test	$$message=[ERROR] sql=select count(*) as  count from v*session where status='ACTIVE'  and username='UAP63'#Io 异常: The Network Adapter could not establish the connection	$$snapshotfile=N/A	$$snapshotid=1404711983609	
$$ts=2014-07-07 13:46:33	$$service=dbmonitor:design	$$message=[ERROR] sql=select count(*) as count from  sys.dm_exec_sessions where status='running' #到主机  的 TCP/IP 连接失败。 java.net.ConnectException: Connection refused: connect	$$snapshotfile=N/A	$$snapshotid=1404711993630	
$$ts=2014-07-07 13:46:34	$$service=dbmonitor:test	$$message=[ERROR] sql=select count(*) as  count from v*session where status='ACTIVE'  and username='UAP63'#Io 异常: The Network Adapter could not establish the connection	$$snapshotfile=N/A	$$snapshotid=1404711994590	
$$ts=2014-07-07 13:46:34	$$service=dbmonitor:test	$$message=[ERROR]Io 异常: The Network Adapter could not establish the connection	$$snapshotfile=N/A	$$snapshotid=1404711994610	
$$ts=2014-07-07 13:46:44	$$service=dbmonitor:design	$$message=[ERROR] sql=select count(*) as count from  sys.dm_exec_sessions where status='running' #到主机  的 TCP/IP 连接失败。 java.net.ConnectException: Connection refused: connect	$$snapshotfile=N/A	$$snapshotid=1404712004651	
$$ts=2014-07-07 13:46:45	$$service=dbmonitor:test	$$message=[ERROR] sql=select count(*) as  count from v*session where status='ACTIVE'  and username='UAP63'#Io 异常: The Network Adapter could not establish the connection	$$snapshotfile=N/A	$$snapshotid=1404712005591	
$$ts=2014-07-07 13:46:45	$$service=dbmonitor:test	$$message=[ERROR]Io 异常: The Network Adapter could not establish the connection	$$snapshotfile=N/A	$$snapshotid=1404712005611	
$$ts=2014-07-07 13:46:55	$$service=dbmonitor:design	$$message=[ERROR] sql=select count(*) as count from  sys.dm_exec_sessions where status='running' #到主机  的 TCP/IP 连接失败。 java.net.ConnectException: Connection refused: connect	$$snapshotfile=N/A	$$snapshotid=1404712015635	
$$ts=2014-07-07 13:46:56	$$service=dbmonitor:test	$$message=[ERROR] sql=select count(*) as  count from v*session where status='ACTIVE'  and username='UAP63'#Io 异常: The Network Adapter could not establish the connection	$$snapshotfile=N/A	$$snapshotid=1404712016595	
$$ts=2014-07-07 13:46:56	$$service=dbmonitor:test	$$message=[ERROR]Io 异常: The Network Adapter could not establish the connection	$$snapshotfile=N/A	$$snapshotid=1404712016616	
$$ts=2014-07-07 13:47:06	$$service=dbmonitor:design	$$message=[ERROR] sql=select count(*) as count from  sys.dm_exec_sessions where status='running' #到主机  的 TCP/IP 连接失败。 java.net.ConnectException: Connection refused: connect	$$snapshotfile=N/A	$$snapshotid=1404712026643	
$$ts=2014-07-07 13:47:07	$$service=dbmonitor:test	$$message=[ERROR]Io 异常: The Network Adapter could not establish the connection	$$snapshotfile=N/A	$$snapshotid=1404712027583	
$$ts=2014-07-07 13:47:07	$$service=dbmonitor:test	$$message=[ERROR] sql=select count(*) as  count from v*session where status='ACTIVE'  and username='UAP63'#Io 异常: The Network Adapter could not establish the connection	$$snapshotfile=N/A	$$snapshotid=1404712027603	
$$ts=2014-07-07 13:47:17	$$service=dbmonitor:design	$$message=[ERROR] sql=select count(*) as count from  sys.dm_exec_sessions where status='running' #到主机  的 TCP/IP 连接失败。 java.net.ConnectException: Connection refused: connect	$$snapshotfile=N/A	$$snapshotid=1404712037652	
$$ts=2014-07-07 13:47:18	$$service=dbmonitor:test	$$message=[ERROR]Io 异常: The Network Adapter could not establish the connection	$$snapshotfile=N/A	$$snapshotid=1404712038592	
$$ts=2014-07-07 13:47:18	$$service=dbmonitor:test	$$message=[ERROR] sql=select count(*) as  count from v*session where status='ACTIVE'  and username='UAP63'#Io 异常: The Network Adapter could not establish the connection	$$snapshotfile=N/A	$$snapshotid=1404712038612	
$$ts=2014-07-07 13:47:26	$$service=processmonitor:MW-Tony-T420i	$$message=[ERROR][mw]server response check failed.	$$snapshotfile=N/A	$$snapshotid=1404712046713	
$$ts=2014-07-07 13:47:26	$$service=processmonitor:MW-Tony-T420i	$$message=[WARNING][mw]server restart over ,costtime=0	$$snapshotfile=N/A	$$snapshotid=1404712046734	
$$ts=2014-07-07 13:47:28	$$service=dbmonitor:design	$$message=[ERROR] sql=select count(*) as count from  sys.dm_exec_sessions where status='running' #到主机  的 TCP/IP 连接失败。 java.net.ConnectException: Connection refused: connect	$$snapshotfile=N/A	$$snapshotid=1404712048654	
$$ts=2014-07-07 13:47:29	$$service=dbmonitor:test	$$message=[ERROR] sql=select count(*) as  count from v*session where status='ACTIVE'  and username='UAP63'#Io 异常: The Network Adapter could not establish the connection	$$snapshotfile=N/A	$$snapshotid=1404712049594	
$$ts=2014-07-07 13:47:29	$$service=dbmonitor:test	$$message=[ERROR]Io 异常: The Network Adapter could not establish the connection	$$snapshotfile=N/A	$$snapshotid=1404712049614	
$$ts=2014-07-07 13:47:39	$$service=dbmonitor:design	$$message=[ERROR] sql=select count(*) as count from  sys.dm_exec_sessions where status='running' #到主机  的 TCP/IP 连接失败。 java.net.ConnectException: Connection refused: connect	$$snapshotfile=N/A	$$snapshotid=1404712059655	
$$ts=2014-07-07 13:47:40	$$service=dbmonitor:test	$$message=[ERROR]Io 异常: The Network Adapter could not establish the connection	$$snapshotfile=N/A	$$snapshotid=1404712060595	
$$ts=2014-07-07 13:47:40	$$service=dbmonitor:test	$$message=[ERROR] sql=select count(*) as  count from v*session where status='ACTIVE'  and username='UAP63'#Io 异常: The Network Adapter could not establish the connection	$$snapshotfile=N/A	$$snapshotid=1404712060615	
$$ts=2014-07-07 13:47:50	$$service=dbmonitor:design	$$message=[ERROR] sql=select count(*) as count from  sys.dm_exec_sessions where status='running' #到主机  的 TCP/IP 连接失败。 java.net.ConnectException: Connection refused: connect	$$snapshotfile=N/A	$$snapshotid=1404712070661	
$$ts=2014-07-07 13:47:51	$$service=dbmonitor:test	$$message=[ERROR] sql=select count(*) as  count from v*session where status='ACTIVE'  and username='UAP63'#Io 异常: The Network Adapter could not establish the connection	$$snapshotfile=N/A	$$snapshotid=1404712071589	
$$ts=2014-07-07 13:47:51	$$service=dbmonitor:test	$$message=[ERROR]Io 异常: The Network Adapter could not establish the connection	$$snapshotfile=N/A	$$snapshotid=1404712071609	
$$ts=2014-07-07 13:48:01	$$service=dbmonitor:design	$$message=[ERROR] sql=select count(*) as count from  sys.dm_exec_sessions where status='running' #到主机  的 TCP/IP 连接失败。 java.net.ConnectException: Connection refused: connect	$$snapshotfile=N/A	$$snapshotid=1404712081658	
$$ts=2014-07-07 13:48:02	$$service=dbmonitor:test	$$message=[ERROR] sql=select count(*) as  count from v*session where status='ACTIVE'  and username='UAP63'#Io 异常: The Network Adapter could not establish the connection	$$snapshotfile=N/A	$$snapshotid=1404712082598	
$$ts=2014-07-07 13:48:02	$$service=dbmonitor:test	$$message=[ERROR]Io 异常: The Network Adapter could not establish the connection	$$snapshotfile=N/A	$$snapshotid=1404712082618	
$$ts=2014-07-07 13:48:12	$$service=dbmonitor:design	$$message=[ERROR] sql=select count(*) as count from  sys.dm_exec_sessions where status='running' #到主机  的 TCP/IP 连接失败。 java.net.ConnectException: Connection refused: connect	$$snapshotfile=N/A	$$snapshotid=1404712092655	
$$ts=2014-07-07 13:48:13	$$service=dbmonitor:test	$$message=[ERROR]Io 异常: The Network Adapter could not establish the connection	$$snapshotfile=N/A	$$snapshotid=1404712093597	
$$ts=2014-07-07 13:48:13	$$service=dbmonitor:test	$$message=[ERROR] sql=select count(*) as  count from v*session where status='ACTIVE'  and username='UAP63'#Io 异常: The Network Adapter could not establish the connection	$$snapshotfile=N/A	$$snapshotid=1404712093617	
$$ts=2014-07-07 13:48:23	$$service=dbmonitor:design	$$message=[ERROR] sql=select count(*) as count from  sys.dm_exec_sessions where status='running' #到主机  的 TCP/IP 连接失败。 java.net.ConnectException: Connection refused: connect	$$snapshotfile=N/A	$$snapshotid=1404712103665	
$$ts=2014-07-07 13:48:24	$$service=dbmonitor:test	$$message=[ERROR]Io 异常: The Network Adapter could not establish the connection	$$snapshotfile=N/A	$$snapshotid=1404712104597	
$$ts=2014-07-07 13:48:24	$$service=dbmonitor:test	$$message=[ERROR] sql=select count(*) as  count from v*session where status='ACTIVE'  and username='UAP63'#Io 异常: The Network Adapter could not establish the connection	$$snapshotfile=N/A	$$snapshotid=1404712104617	
$$ts=2014-07-07 13:48:34	$$service=dbmonitor:design	$$message=[ERROR] sql=select count(*) as count from  sys.dm_exec_sessions where status='running' #到主机  的 TCP/IP 连接失败。 java.net.ConnectException: Connection refused: connect	$$snapshotfile=N/A	$$snapshotid=1404712114664	
$$ts=2014-07-07 13:48:35	$$service=dbmonitor:test	$$message=[ERROR]Io 异常: The Network Adapter could not establish the connection	$$snapshotfile=N/A	$$snapshotid=1404712115610	
$$ts=2014-07-07 13:48:35	$$service=dbmonitor:test	$$message=[ERROR] sql=select count(*) as  count from v*session where status='ACTIVE'  and username='UAP63'#Io 异常: The Network Adapter could not establish the connection	$$snapshotfile=N/A	$$snapshotid=1404712115630	
$$ts=2014-07-07 13:48:45	$$service=dbmonitor:design	$$message=[ERROR] sql=select count(*) as count from  sys.dm_exec_sessions where status='running' #到主机  的 TCP/IP 连接失败。 java.net.ConnectException: Connection refused: connect	$$snapshotfile=N/A	$$snapshotid=1404712125669	
$$ts=2014-07-07 13:48:46	$$service=dbmonitor:test	$$message=[ERROR]Io 异常: The Network Adapter could not establish the connection	$$snapshotfile=N/A	$$snapshotid=1404712126609	
$$ts=2014-07-07 13:48:46	$$service=dbmonitor:test	$$message=[ERROR] sql=select count(*) as  count from v*session where status='ACTIVE'  and username='UAP63'#Io 异常: The Network Adapter could not establish the connection	$$snapshotfile=N/A	$$snapshotid=1404712126629	
$$ts=2014-07-07 13:48:56	$$service=dbmonitor:design	$$message=[ERROR] sql=select count(*) as count from  sys.dm_exec_sessions where status='running' #到主机  的 TCP/IP 连接失败。 java.net.ConnectException: Connection refused: connect	$$snapshotfile=N/A	$$snapshotid=1404712136670	
$$ts=2014-07-07 13:48:57	$$service=dbmonitor:test	$$message=[ERROR]Io 异常: The Network Adapter could not establish the connection	$$snapshotfile=N/A	$$snapshotid=1404712137610	
$$ts=2014-07-07 13:48:57	$$service=dbmonitor:test	$$message=[ERROR] sql=select count(*) as  count from v*session where status='ACTIVE'  and username='UAP63'#Io 异常: The Network Adapter could not establish the connection	$$snapshotfile=N/A	$$snapshotid=1404712137630	
$$ts=2014-07-07 13:48:59	$$service=processmonitor:MW-Tony-T420i	$$message=[ERROR][mw]server response check failed.	$$snapshotfile=N/A	$$snapshotid=1404712139710	
$$ts=2014-07-07 13:48:59	$$service=processmonitor:MW-Tony-T420i	$$message=[WARNING][mw]server restart over ,costtime=0	$$snapshotfile=N/A	$$snapshotid=1404712139730	
$$ts=2014-07-07 13:49:07	$$service=dbmonitor:design	$$message=[ERROR] sql=select count(*) as count from  sys.dm_exec_sessions where status='running' #到主机  的 TCP/IP 连接失败。 java.net.ConnectException: Connection refused: connect	$$snapshotfile=N/A	$$snapshotid=1404712147676	
$$ts=2014-07-07 13:49:08	$$service=dbmonitor:test	$$message=[ERROR]Io 异常: The Network Adapter could not establish the connection	$$snapshotfile=N/A	$$snapshotid=1404712148616	
$$ts=2014-07-07 13:49:08	$$service=dbmonitor:test	$$message=[ERROR] sql=select count(*) as  count from v*session where status='ACTIVE'  and username='UAP63'#Io 异常: The Network Adapter could not establish the connection	$$snapshotfile=N/A	$$snapshotid=1404712148636	
$$ts=2014-07-07 13:49:18	$$service=dbmonitor:design	$$message=[ERROR] sql=select count(*) as count from  sys.dm_exec_sessions where status='running' #到主机  的 TCP/IP 连接失败。 java.net.ConnectException: Connection refused: connect	$$snapshotfile=N/A	$$snapshotid=1404712158679	
$$ts=2014-07-07 13:49:19	$$service=dbmonitor:test	$$message=[ERROR]Io 异常: The Network Adapter could not establish the connection	$$snapshotfile=N/A	$$snapshotid=1404712159619	
$$ts=2014-07-07 13:49:19	$$service=dbmonitor:test	$$message=[ERROR] sql=select count(*) as  count from v*session where status='ACTIVE'  and username='UAP63'#Io 异常: The Network Adapter could not establish the connection	$$snapshotfile=N/A	$$snapshotid=1404712159639	
$$ts=2014-07-07 13:49:29	$$service=dbmonitor:design	$$message=[ERROR] sql=select count(*) as count from  sys.dm_exec_sessions where status='running' #到主机  的 TCP/IP 连接失败。 java.net.ConnectException: Connection refused: connect	$$snapshotfile=N/A	$$snapshotid=1404712169679	
$$ts=2014-07-07 13:49:30	$$service=dbmonitor:test	$$message=[ERROR]Io 异常: The Network Adapter could not establish the connection	$$snapshotfile=N/A	$$snapshotid=1404712170619	
$$ts=2014-07-07 13:49:30	$$service=dbmonitor:test	$$message=[ERROR] sql=select count(*) as  count from v*session where status='ACTIVE'  and username='UAP63'#Io 异常: The Network Adapter could not establish the connection	$$snapshotfile=N/A	$$snapshotid=1404712170639	
$$ts=2014-07-07 13:49:40	$$service=dbmonitor:design	$$message=[ERROR] sql=select count(*) as count from  sys.dm_exec_sessions where status='running' #到主机  的 TCP/IP 连接失败。 java.net.ConnectException: Connection refused: connect	$$snapshotfile=N/A	$$snapshotid=1404712180680	
$$ts=2014-07-07 13:49:41	$$service=dbmonitor:test	$$message=[ERROR]Io 异常: The Network Adapter could not establish the connection	$$snapshotfile=N/A	$$snapshotid=1404712181620	
$$ts=2014-07-07 13:49:41	$$service=dbmonitor:test	$$message=[ERROR] sql=select count(*) as  count from v*session where status='ACTIVE'  and username='UAP63'#Io 异常: The Network Adapter could not establish the connection	$$snapshotfile=N/A	$$snapshotid=1404712181640	
$$ts=2014-07-07 13:49:51	$$service=dbmonitor:design	$$message=[ERROR] sql=select count(*) as count from  sys.dm_exec_sessions where status='running' #到主机  的 TCP/IP 连接失败。 java.net.ConnectException: Connection refused: connect	$$snapshotfile=N/A	$$snapshotid=1404712191681	
$$ts=2014-07-07 13:49:52	$$service=dbmonitor:test	$$message=[ERROR]Io 异常: The Network Adapter could not establish the connection	$$snapshotfile=N/A	$$snapshotid=1404712192622	
$$ts=2014-07-07 13:49:52	$$service=dbmonitor:test	$$message=[ERROR] sql=select count(*) as  count from v*session where status='ACTIVE'  and username='UAP63'#Io 异常: The Network Adapter could not establish the connection	$$snapshotfile=N/A	$$snapshotid=1404712192642	
$$ts=2014-07-07 13:50:02	$$service=dbmonitor:design	$$message=[ERROR] sql=select count(*) as count from  sys.dm_exec_sessions where status='running' #到主机  的 TCP/IP 连接失败。 java.net.ConnectException: Connection refused: connect	$$snapshotfile=N/A	$$snapshotid=1404712202676	
$$ts=2014-07-07 13:50:03	$$service=dbmonitor:test	$$message=[ERROR]Io 异常: The Network Adapter could not establish the connection	$$snapshotfile=N/A	$$snapshotid=1404712203616	
$$ts=2014-07-07 13:50:03	$$service=dbmonitor:test	$$message=[ERROR] sql=select count(*) as  count from v*session where status='ACTIVE'  and username='UAP63'#Io 异常: The Network Adapter could not establish the connection	$$snapshotfile=N/A	$$snapshotid=1404712203636	
$$ts=2014-07-07 13:50:13	$$service=dbmonitor:design	$$message=[ERROR] sql=select count(*) as count from  sys.dm_exec_sessions where status='running' #到主机  的 TCP/IP 连接失败。 java.net.ConnectException: Connection refused: connect	$$snapshotfile=N/A	$$snapshotid=1404712213677	
$$ts=2014-07-07 13:50:14	$$service=dbmonitor:test	$$message=[ERROR]Io 异常: The Network Adapter could not establish the connection	$$snapshotfile=N/A	$$snapshotid=1404712214617	
$$ts=2014-07-07 13:50:14	$$service=dbmonitor:test	$$message=[ERROR] sql=select count(*) as  count from v*session where status='ACTIVE'  and username='UAP63'#Io 异常: The Network Adapter could not establish the connection	$$snapshotfile=N/A	$$snapshotid=1404712214637	
$$ts=2014-07-07 13:50:24	$$service=dbmonitor:design	$$message=[ERROR] sql=select count(*) as count from  sys.dm_exec_sessions where status='running' #到主机  的 TCP/IP 连接失败。 java.net.ConnectException: Connection refused: connect	$$snapshotfile=N/A	$$snapshotid=1404712224690	
$$ts=2014-07-07 13:50:25	$$service=dbmonitor:test	$$message=[ERROR]Io 异常: The Network Adapter could not establish the connection	$$snapshotfile=N/A	$$snapshotid=1404712225610	
$$ts=2014-07-07 13:50:25	$$service=dbmonitor:test	$$message=[ERROR] sql=select count(*) as  count from v*session where status='ACTIVE'  and username='UAP63'#Io 异常: The Network Adapter could not establish the connection	$$snapshotfile=N/A	$$snapshotid=1404712225630	
$$ts=2014-07-07 13:50:32	$$service=processmonitor:MW-Tony-T420i	$$message=[ERROR][mw]server response check failed.	$$snapshotfile=N/A	$$snapshotid=1404712232745	
$$ts=2014-07-07 13:50:32	$$service=processmonitor:MW-Tony-T420i	$$message=[WARNING][mw]server restart over ,costtime=0	$$snapshotfile=N/A	$$snapshotid=1404712232765	
$$ts=2014-07-07 13:50:35	$$service=dbmonitor:design	$$message=[ERROR] sql=select count(*) as count from  sys.dm_exec_sessions where status='running' #到主机  的 TCP/IP 连接失败。 java.net.ConnectException: Connection refused: connect	$$snapshotfile=N/A	$$snapshotid=1404712235705	
$$ts=2014-07-07 13:50:36	$$service=dbmonitor:test	$$message=[ERROR]Io 异常: The Network Adapter could not establish the connection	$$snapshotfile=N/A	$$snapshotid=1404712236625	
$$ts=2014-07-07 13:50:36	$$service=dbmonitor:test	$$message=[ERROR] sql=select count(*) as  count from v*session where status='ACTIVE'  and username='UAP63'#Io 异常: The Network Adapter could not establish the connection	$$snapshotfile=N/A	$$snapshotid=1404712236645	
$$ts=2014-07-07 13:50:46	$$service=dbmonitor:design	$$message=[ERROR] sql=select count(*) as count from  sys.dm_exec_sessions where status='running' #到主机  的 TCP/IP 连接失败。 java.net.ConnectException: Connection refused: connect	$$snapshotfile=N/A	$$snapshotid=1404712246707	
$$ts=2014-07-07 13:50:47	$$service=dbmonitor:test	$$message=[ERROR]Io 异常: The Network Adapter could not establish the connection	$$snapshotfile=N/A	$$snapshotid=1404712247627	
$$ts=2014-07-07 13:50:47	$$service=dbmonitor:test	$$message=[ERROR] sql=select count(*) as  count from v*session where status='ACTIVE'  and username='UAP63'#Io 异常: The Network Adapter could not establish the connection	$$snapshotfile=N/A	$$snapshotid=1404712247647	
$$ts=2014-07-07 13:50:57	$$service=dbmonitor:design	$$message=[ERROR] sql=select count(*) as count from  sys.dm_exec_sessions where status='running' #到主机  的 TCP/IP 连接失败。 java.net.ConnectException: Connection refused: connect	$$snapshotfile=N/A	$$snapshotid=1404712257727	
$$ts=2014-07-07 13:50:58	$$service=dbmonitor:test	$$message=[ERROR]Io 异常: The Network Adapter could not establish the connection	$$snapshotfile=N/A	$$snapshotid=1404712258629	
$$ts=2014-07-07 13:50:58	$$service=dbmonitor:test	$$message=[ERROR] sql=select count(*) as  count from v*session where status='ACTIVE'  and username='UAP63'#Io 异常: The Network Adapter could not establish the connection	$$snapshotfile=N/A	$$snapshotid=1404712258649	
$$ts=2014-07-07 13:51:08	$$service=dbmonitor:design	$$message=[ERROR] sql=select count(*) as count from  sys.dm_exec_sessions where status='running' #到主机  的 TCP/IP 连接失败。 java.net.ConnectException: Connection refused: connect	$$snapshotfile=N/A	$$snapshotid=1404712268731	
$$ts=2014-07-07 13:51:09	$$service=dbmonitor:test	$$message=[ERROR] sql=select count(*) as  count from v*session where status='ACTIVE'  and username='UAP63'#Io 异常: The Network Adapter could not establish the connection	$$snapshotfile=N/A	$$snapshotid=1404712269631	
$$ts=2014-07-07 13:51:09	$$service=dbmonitor:test	$$message=[ERROR]Io 异常: The Network Adapter could not establish the connection	$$snapshotfile=N/A	$$snapshotid=1404712269651	
$$ts=2014-07-07 13:51:19	$$service=dbmonitor:design	$$message=[ERROR] sql=select count(*) as count from  sys.dm_exec_sessions where status='running' #到主机  的 TCP/IP 连接失败。 java.net.ConnectException: Connection refused: connect	$$snapshotfile=N/A	$$snapshotid=1404712279732	
$$ts=2014-07-07 13:51:20	$$service=dbmonitor:test	$$message=[ERROR]Io 异常: The Network Adapter could not establish the connection	$$snapshotfile=N/A	$$snapshotid=1404712280632	
$$ts=2014-07-07 13:51:20	$$service=dbmonitor:test	$$message=[ERROR] sql=select count(*) as  count from v*session where status='ACTIVE'  and username='UAP63'#Io 异常: The Network Adapter could not establish the connection	$$snapshotfile=N/A	$$snapshotid=1404712280652	
$$ts=2014-07-07 13:51:30	$$service=dbmonitor:design	$$message=[ERROR] sql=select count(*) as count from  sys.dm_exec_sessions where status='running' #到主机  的 TCP/IP 连接失败。 java.net.ConnectException: Connection refused: connect	$$snapshotfile=N/A	$$snapshotid=1404712290732	
$$ts=2014-07-07 13:51:31	$$service=dbmonitor:test	$$message=[ERROR] sql=select count(*) as  count from v*session where status='ACTIVE'  and username='UAP63'#Io 异常: The Network Adapter could not establish the connection	$$snapshotfile=N/A	$$snapshotid=1404712291632	
$$ts=2014-07-07 13:51:31	$$service=dbmonitor:test	$$message=[ERROR]Io 异常: The Network Adapter could not establish the connection	$$snapshotfile=N/A	$$snapshotid=1404712291652	
$$ts=2014-07-07 13:51:41	$$service=dbmonitor:design	$$message=[ERROR] sql=select count(*) as count from  sys.dm_exec_sessions where status='running' #到主机  的 TCP/IP 连接失败。 java.net.ConnectException: Connection refused: connect	$$snapshotfile=N/A	$$snapshotid=1404712301735	
$$ts=2014-07-07 13:51:42	$$service=dbmonitor:test	$$message=[ERROR]Io 异常: The Network Adapter could not establish the connection	$$snapshotfile=N/A	$$snapshotid=1404712302635	
$$ts=2014-07-07 13:51:42	$$service=dbmonitor:test	$$message=[ERROR] sql=select count(*) as  count from v*session where status='ACTIVE'  and username='UAP63'#Io 异常: The Network Adapter could not establish the connection	$$snapshotfile=N/A	$$snapshotid=1404712302655	
$$ts=2014-07-07 13:51:52	$$service=dbmonitor:design	$$message=[ERROR] sql=select count(*) as count from  sys.dm_exec_sessions where status='running' #到主机  的 TCP/IP 连接失败。 java.net.ConnectException: Connection refused: connect	$$snapshotfile=N/A	$$snapshotid=1404712312737	
$$ts=2014-07-07 13:51:53	$$service=dbmonitor:test	$$message=[ERROR]Io 异常: The Network Adapter could not establish the connection	$$snapshotfile=N/A	$$snapshotid=1404712313644	
$$ts=2014-07-07 13:51:53	$$service=dbmonitor:test	$$message=[ERROR] sql=select count(*) as  count from v*session where status='ACTIVE'  and username='UAP63'#Io 异常: The Network Adapter could not establish the connection	$$snapshotfile=N/A	$$snapshotid=1404712313664	
$$ts=2014-07-07 13:52:03	$$service=dbmonitor:design	$$message=[ERROR] sql=select count(*) as count from  sys.dm_exec_sessions where status='running' #到主机  的 TCP/IP 连接失败。 java.net.ConnectException: Connection refused: connect	$$snapshotfile=N/A	$$snapshotid=1404712323751	
$$ts=2014-07-07 13:52:04	$$service=dbmonitor:test	$$message=[ERROR]Io 异常: The Network Adapter could not establish the connection	$$snapshotfile=N/A	$$snapshotid=1404712324651	
$$ts=2014-07-07 13:52:04	$$service=dbmonitor:test	$$message=[ERROR] sql=select count(*) as  count from v*session where status='ACTIVE'  and username='UAP63'#Io 异常: The Network Adapter could not establish the connection	$$snapshotfile=N/A	$$snapshotid=1404712324671	
$$ts=2014-07-07 13:52:05	$$service=processmonitor:MW-Tony-T420i	$$message=[ERROR][mw]server response check failed.	$$snapshotfile=N/A	$$snapshotid=1404712325775	
$$ts=2014-07-07 13:52:05	$$service=processmonitor:MW-Tony-T420i	$$message=[WARNING][mw]server restart over ,costtime=0	$$snapshotfile=N/A	$$snapshotid=1404712325795	
$$ts=2014-07-07 13:52:14	$$service=dbmonitor:design	$$message=[ERROR] sql=select count(*) as count from  sys.dm_exec_sessions where status='running' #到主机  的 TCP/IP 连接失败。 java.net.ConnectException: Connection refused: connect	$$snapshotfile=N/A	$$snapshotid=1404712334746	
$$ts=2014-07-07 13:52:15	$$service=dbmonitor:test	$$message=[ERROR]Io 异常: The Network Adapter could not establish the connection	$$snapshotfile=N/A	$$snapshotid=1404712335646	
$$ts=2014-07-07 13:52:15	$$service=dbmonitor:test	$$message=[ERROR] sql=select count(*) as  count from v*session where status='ACTIVE'  and username='UAP63'#Io 异常: The Network Adapter could not establish the connection	$$snapshotfile=N/A	$$snapshotid=1404712335666	
$$ts=2014-07-07 13:52:25	$$service=dbmonitor:design	$$message=[ERROR] sql=select count(*) as count from  sys.dm_exec_sessions where status='running' #到主机  的 TCP/IP 连接失败。 java.net.ConnectException: Connection refused: connect	$$snapshotfile=N/A	$$snapshotid=1404712345764	
$$ts=2014-07-07 13:52:26	$$service=dbmonitor:test	$$message=[ERROR]Io 异常: The Network Adapter could not establish the connection	$$snapshotfile=N/A	$$snapshotid=1404712346645	
$$ts=2014-07-07 13:52:26	$$service=dbmonitor:test	$$message=[ERROR] sql=select count(*) as  count from v*session where status='ACTIVE'  and username='UAP63'#Io 异常: The Network Adapter could not establish the connection	$$snapshotfile=N/A	$$snapshotid=1404712346665	
$$ts=2014-07-07 13:52:36	$$service=dbmonitor:design	$$message=[ERROR] sql=select count(*) as count from  sys.dm_exec_sessions where status='running' #到主机  的 TCP/IP 连接失败。 java.net.ConnectException: Connection refused: connect	$$snapshotfile=N/A	$$snapshotid=1404712356759	
$$ts=2014-07-07 13:52:37	$$service=dbmonitor:test	$$message=[ERROR]Io 异常: The Network Adapter could not establish the connection	$$snapshotfile=N/A	$$snapshotid=1404712357639	
$$ts=2014-07-07 13:52:37	$$service=dbmonitor:test	$$message=[ERROR] sql=select count(*) as  count from v*session where status='ACTIVE'  and username='UAP63'#Io 异常: The Network Adapter could not establish the connection	$$snapshotfile=N/A	$$snapshotid=1404712357659	
$$ts=2014-07-07 13:52:47	$$service=dbmonitor:design	$$message=[ERROR] sql=select count(*) as count from  sys.dm_exec_sessions where status='running' #到主机  的 TCP/IP 连接失败。 java.net.ConnectException: Connection refused: connect	$$snapshotfile=N/A	$$snapshotid=1404712367768	
$$ts=2014-07-07 13:52:48	$$service=dbmonitor:test	$$message=[ERROR]Io 异常: The Network Adapter could not establish the connection	$$snapshotfile=N/A	$$snapshotid=1404712368648	
$$ts=2014-07-07 13:52:48	$$service=dbmonitor:test	$$message=[ERROR] sql=select count(*) as  count from v*session where status='ACTIVE'  and username='UAP63'#Io 异常: The Network Adapter could not establish the connection	$$snapshotfile=N/A	$$snapshotid=1404712368668	
$$ts=2014-07-07 13:52:58	$$service=dbmonitor:design	$$message=[ERROR] sql=select count(*) as count from  sys.dm_exec_sessions where status='running' #到主机  的 TCP/IP 连接失败。 java.net.ConnectException: Connection refused: connect	$$snapshotfile=N/A	$$snapshotid=1404712378776	
$$ts=2014-07-07 13:52:59	$$service=dbmonitor:test	$$message=[ERROR]Io 异常: The Network Adapter could not establish the connection	$$snapshotfile=N/A	$$snapshotid=1404712379656	
$$ts=2014-07-07 13:52:59	$$service=dbmonitor:test	$$message=[ERROR] sql=select count(*) as  count from v*session where status='ACTIVE'  and username='UAP63'#Io 异常: The Network Adapter could not establish the connection	$$snapshotfile=N/A	$$snapshotid=1404712379676	
$$ts=2014-07-07 13:53:09	$$service=dbmonitor:design	$$message=[ERROR] sql=select count(*) as count from  sys.dm_exec_sessions where status='running' #到主机  的 TCP/IP 连接失败。 java.net.ConnectException: Connection refused: connect	$$snapshotfile=N/A	$$snapshotid=1404712389774	
$$ts=2014-07-07 13:53:10	$$service=dbmonitor:test	$$message=[ERROR]Io 异常: The Network Adapter could not establish the connection	$$snapshotfile=N/A	$$snapshotid=1404712390654	
$$ts=2014-07-07 13:53:10	$$service=dbmonitor:test	$$message=[ERROR] sql=select count(*) as  count from v*session where status='ACTIVE'  and username='UAP63'#Io 异常: The Network Adapter could not establish the connection	$$snapshotfile=N/A	$$snapshotid=1404712390674	
$$ts=2014-07-07 13:53:20	$$service=dbmonitor:design	$$message=[ERROR] sql=select count(*) as count from  sys.dm_exec_sessions where status='running' #到主机  的 TCP/IP 连接失败。 java.net.ConnectException: Connection refused: connect	$$snapshotfile=N/A	$$snapshotid=1404712400795	
$$ts=2014-07-07 13:53:21	$$service=dbmonitor:test	$$message=[ERROR]Io 异常: The Network Adapter could not establish the connection	$$snapshotfile=N/A	$$snapshotid=1404712401655	
$$ts=2014-07-07 13:53:21	$$service=dbmonitor:test	$$message=[ERROR] sql=select count(*) as  count from v*session where status='ACTIVE'  and username='UAP63'#Io 异常: The Network Adapter could not establish the connection	$$snapshotfile=N/A	$$snapshotid=1404712401675	
$$ts=2014-07-07 13:53:31	$$service=dbmonitor:design	$$message=[ERROR] sql=select count(*) as count from  sys.dm_exec_sessions where status='running' #到主机  的 TCP/IP 连接失败。 java.net.ConnectException: Connection refused: connect	$$snapshotfile=N/A	$$snapshotid=1404712411806	
$$ts=2014-07-07 13:53:32	$$service=dbmonitor:test	$$message=[ERROR]Io 异常: The Network Adapter could not establish the connection	$$snapshotfile=N/A	$$snapshotid=1404712412646	
$$ts=2014-07-07 13:53:32	$$service=dbmonitor:test	$$message=[ERROR] sql=select count(*) as  count from v*session where status='ACTIVE'  and username='UAP63'#Io 异常: The Network Adapter could not establish the connection	$$snapshotfile=N/A	$$snapshotid=1404712412666	
$$ts=2014-07-07 13:53:38	$$service=processmonitor:MW-Tony-T420i	$$message=[ERROR][mw]server response check failed.	$$snapshotfile=N/A	$$snapshotid=1404712418813	
$$ts=2014-07-07 13:53:38	$$service=processmonitor:MW-Tony-T420i	$$message=[WARNING][mw]server restart over ,costtime=0	$$snapshotfile=N/A	$$snapshotid=1404712418833	
$$ts=2014-07-07 13:53:42	$$service=dbmonitor:design	$$message=[ERROR] sql=select count(*) as count from  sys.dm_exec_sessions where status='running' #到主机  的 TCP/IP 连接失败。 java.net.ConnectException: Connection refused: connect	$$snapshotfile=N/A	$$snapshotid=1404712422798	
$$ts=2014-07-07 13:53:43	$$service=dbmonitor:test	$$message=[ERROR]Io 异常: The Network Adapter could not establish the connection	$$snapshotfile=N/A	$$snapshotid=1404712423658	
$$ts=2014-07-07 13:53:43	$$service=dbmonitor:test	$$message=[ERROR] sql=select count(*) as  count from v*session where status='ACTIVE'  and username='UAP63'#Io 异常: The Network Adapter could not establish the connection	$$snapshotfile=N/A	$$snapshotid=1404712423678	
$$ts=2014-07-07 13:53:53	$$service=dbmonitor:design	$$message=[ERROR] sql=select count(*) as count from  sys.dm_exec_sessions where status='running' #到主机  的 TCP/IP 连接失败。 java.net.ConnectException: Connection refused: connect	$$snapshotfile=N/A	$$snapshotid=1404712433806	
$$ts=2014-07-07 13:53:54	$$service=dbmonitor:test	$$message=[ERROR]Io 异常: The Network Adapter could not establish the connection	$$snapshotfile=N/A	$$snapshotid=1404712434666	
$$ts=2014-07-07 13:53:54	$$service=dbmonitor:test	$$message=[ERROR] sql=select count(*) as  count from v*session where status='ACTIVE'  and username='UAP63'#Io 异常: The Network Adapter could not establish the connection	$$snapshotfile=N/A	$$snapshotid=1404712434686	
$$ts=2014-07-07 13:54:04	$$service=dbmonitor:design	$$message=[ERROR] sql=select count(*) as count from  sys.dm_exec_sessions where status='running' #到主机  的 TCP/IP 连接失败。 java.net.ConnectException: Connection refused: connect	$$snapshotfile=N/A	$$snapshotid=1404712444814	
$$ts=2014-07-07 13:54:05	$$service=dbmonitor:test	$$message=[ERROR]Io 异常: The Network Adapter could not establish the connection	$$snapshotfile=N/A	$$snapshotid=1404712445675	
$$ts=2014-07-07 13:54:05	$$service=dbmonitor:test	$$message=[ERROR] sql=select count(*) as  count from v*session where status='ACTIVE'  and username='UAP63'#Io 异常: The Network Adapter could not establish the connection	$$snapshotfile=N/A	$$snapshotid=1404712445695	
$$ts=2014-07-07 13:54:15	$$service=dbmonitor:design	$$message=[ERROR] sql=select count(*) as count from  sys.dm_exec_sessions where status='running' #到主机  的 TCP/IP 连接失败。 java.net.ConnectException: Connection refused: connect	$$snapshotfile=N/A	$$snapshotid=1404712455809	
$$ts=2014-07-07 13:54:16	$$service=dbmonitor:test	$$message=[ERROR]Io 异常: The Network Adapter could not establish the connection	$$snapshotfile=N/A	$$snapshotid=1404712456669	
$$ts=2014-07-07 13:54:16	$$service=dbmonitor:test	$$message=[ERROR] sql=select count(*) as  count from v*session where status='ACTIVE'  and username='UAP63'#Io 异常: The Network Adapter could not establish the connection	$$snapshotfile=N/A	$$snapshotid=1404712456691	
$$ts=2014-07-07 13:54:26	$$service=dbmonitor:design	$$message=[ERROR] sql=select count(*) as count from  sys.dm_exec_sessions where status='running' #到主机  的 TCP/IP 连接失败。 java.net.ConnectException: Connection refused: connect	$$snapshotfile=N/A	$$snapshotid=1404712466801	
$$ts=2014-07-07 13:54:27	$$service=dbmonitor:test	$$message=[ERROR]Io 异常: The Network Adapter could not establish the connection	$$snapshotfile=N/A	$$snapshotid=1404712467681	
$$ts=2014-07-07 13:54:27	$$service=dbmonitor:test	$$message=[ERROR] sql=select count(*) as  count from v*session where status='ACTIVE'  and username='UAP63'#Io 异常: The Network Adapter could not establish the connection	$$snapshotfile=N/A	$$snapshotid=1404712467701	
$$ts=2014-07-07 13:54:37	$$service=dbmonitor:design	$$message=[ERROR] sql=select count(*) as count from  sys.dm_exec_sessions where status='running' #到主机  的 TCP/IP 连接失败。 java.net.ConnectException: Connection refused: connect	$$snapshotfile=N/A	$$snapshotid=1404712477811	
$$ts=2014-07-07 13:54:38	$$service=dbmonitor:test	$$message=[ERROR]Io 异常: The Network Adapter could not establish the connection	$$snapshotfile=N/A	$$snapshotid=1404712478671	
$$ts=2014-07-07 13:54:38	$$service=dbmonitor:test	$$message=[ERROR] sql=select count(*) as  count from v*session where status='ACTIVE'  and username='UAP63'#Io 异常: The Network Adapter could not establish the connection	$$snapshotfile=N/A	$$snapshotid=1404712478691	
$$ts=2014-07-07 13:54:48	$$service=dbmonitor:design	$$message=[ERROR] sql=select count(*) as count from  sys.dm_exec_sessions where status='running' #到主机  的 TCP/IP 连接失败。 java.net.ConnectException: Connection refused: connect	$$snapshotfile=N/A	$$snapshotid=1404712488801	
$$ts=2014-07-07 13:54:49	$$service=dbmonitor:test	$$message=[ERROR]Io 异常: The Network Adapter could not establish the connection	$$snapshotfile=N/A	$$snapshotid=1404712489684	
$$ts=2014-07-07 13:54:49	$$service=dbmonitor:test	$$message=[ERROR] sql=select count(*) as  count from v*session where status='ACTIVE'  and username='UAP63'#Io 异常: The Network Adapter could not establish the connection	$$snapshotfile=N/A	$$snapshotid=1404712489704	
$$ts=2014-07-07 13:54:59	$$service=dbmonitor:design	$$message=[ERROR] sql=select count(*) as count from  sys.dm_exec_sessions where status='running' #到主机  的 TCP/IP 连接失败。 java.net.ConnectException: Connection refused: connect	$$snapshotfile=N/A	$$snapshotid=1404712499799	
$$ts=2014-07-07 13:55:00	$$service=dbmonitor:test	$$message=[ERROR]Io 异常: The Network Adapter could not establish the connection	$$snapshotfile=N/A	$$snapshotid=1404712500689	
$$ts=2014-07-07 13:55:00	$$service=dbmonitor:test	$$message=[ERROR] sql=select count(*) as  count from v*session where status='ACTIVE'  and username='UAP63'#Io 异常: The Network Adapter could not establish the connection	$$snapshotfile=N/A	$$snapshotid=1404712500709	
$$ts=2014-07-07 13:55:10	$$service=dbmonitor:design	$$message=[ERROR] sql=select count(*) as count from  sys.dm_exec_sessions where status='running' #到主机  的 TCP/IP 连接失败。 java.net.ConnectException: Connection refused: connect	$$snapshotfile=N/A	$$snapshotid=1404712510812	
$$ts=2014-07-07 13:55:11	$$service=dbmonitor:test	$$message=[ERROR]Io 异常: The Network Adapter could not establish the connection	$$snapshotfile=N/A	$$snapshotid=1404712511672	
$$ts=2014-07-07 13:55:11	$$service=dbmonitor:test	$$message=[ERROR] sql=select count(*) as  count from v*session where status='ACTIVE'  and username='UAP63'#Io 异常: The Network Adapter could not establish the connection	$$snapshotfile=N/A	$$snapshotid=1404712511692	
$$ts=2014-07-07 13:55:11	$$service=processmonitor:MW-Tony-T420i	$$message=[ERROR][mw]server response check failed.	$$snapshotfile=N/A	$$snapshotid=1404712511852	
$$ts=2014-07-07 13:55:11	$$service=processmonitor:MW-Tony-T420i	$$message=[WARNING][mw]server restart over ,costtime=0	$$snapshotfile=N/A	$$snapshotid=1404712511872	
$$ts=2014-07-07 13:55:21	$$service=dbmonitor:design	$$message=[ERROR] sql=select count(*) as count from  sys.dm_exec_sessions where status='running' #到主机  的 TCP/IP 连接失败。 java.net.ConnectException: Connection refused: connect	$$snapshotfile=N/A	$$snapshotid=1404712521813	
$$ts=2014-07-07 13:55:22	$$service=dbmonitor:test	$$message=[ERROR]Io 异常: The Network Adapter could not establish the connection	$$snapshotfile=N/A	$$snapshotid=1404712522674	
$$ts=2014-07-07 13:55:22	$$service=dbmonitor:test	$$message=[ERROR] sql=select count(*) as  count from v*session where status='ACTIVE'  and username='UAP63'#Io 异常: The Network Adapter could not establish the connection	$$snapshotfile=N/A	$$snapshotid=1404712522694	
$$ts=2014-07-07 13:55:32	$$service=dbmonitor:design	$$message=[ERROR] sql=select count(*) as count from  sys.dm_exec_sessions where status='running' #到主机  的 TCP/IP 连接失败。 java.net.ConnectException: Connection refused: connect	$$snapshotfile=N/A	$$snapshotid=1404712532806	
$$ts=2014-07-07 13:55:33	$$service=dbmonitor:test	$$message=[ERROR]Io 异常: The Network Adapter could not establish the connection	$$snapshotfile=N/A	$$snapshotid=1404712533686	
$$ts=2014-07-07 13:55:33	$$service=dbmonitor:test	$$message=[ERROR] sql=select count(*) as  count from v*session where status='ACTIVE'  and username='UAP63'#Io 异常: The Network Adapter could not establish the connection	$$snapshotfile=N/A	$$snapshotid=1404712533706	
$$ts=2014-07-07 13:55:43	$$service=dbmonitor:design	$$message=[ERROR] sql=select count(*) as count from  sys.dm_exec_sessions where status='running' #到主机  的 TCP/IP 连接失败。 java.net.ConnectException: Connection refused: connect	$$snapshotfile=N/A	$$snapshotid=1404712543820	
$$ts=2014-07-07 13:55:44	$$service=dbmonitor:test	$$message=[ERROR]Io 异常: The Network Adapter could not establish the connection	$$snapshotfile=N/A	$$snapshotid=1404712544682	
$$ts=2014-07-07 13:55:44	$$service=dbmonitor:test	$$message=[ERROR] sql=select count(*) as  count from v*session where status='ACTIVE'  and username='UAP63'#Io 异常: The Network Adapter could not establish the connection	$$snapshotfile=N/A	$$snapshotid=1404712544703	