2014-7-4 9:50:23 org.apache.catalina.startup.Embedded initDirs
严重: Cannot find specified temporary folder at D:\DEV_ENV\github\PSITMaintain\server\temp
2014-7-4 9:50:24 org.apache.catalina.core.AprLifecycleListener init
信息: The APR based Apache Tomcat Native library which allows optimal performance in production environments was not found on the java.library.path: D:\DEV_ENV\jdk1.6.0_31_64\bin;C:\Windows\Sun\Java\bin;C:\Windows\system32;C:\Windows;D:\DEV_ENV\jdk1.6.0_31_64\jre\bin;C:\Program Files (x86)\Common Files\NetSarang;C:\Windows\system32;C:\Windows;C:\Windows\System32\Wbem;C:\Windows\System32\WindowsPowerShell\v1.0\;C:\Program Files\ThinkPad\Bluetooth Software\;C:\Program Files\ThinkPad\Bluetooth Software\syswow64;C:\Program Files\Broadcom\WHL\;C:\Program Files\Broadcom\WHL\syswow64;C:\Program Files\Broadcom\WHL\SysWow64\;C:\Program Files\Broadcom\WHL\SysWow64\syswow64;C:\Program Files (x86)\OpenVPN\bin;.
2014-7-4 9:50:24 org.apache.coyote.http11.Http11Protocol init
信息: Initializing Coyote HTTP/1.1 on http-9999
2014-7-4 9:50:24 org.apache.catalina.startup.Catalina load
信息: Initialization processed in 759 ms
2014-7-4 9:50:24 org.apache.catalina.core.StandardService start
信息: Starting service Catalina
2014-7-4 9:50:24 org.apache.catalina.core.StandardEngine start
信息: Starting Servlet Engine: Apache Tomcat/6.0.18
2014-7-4 9:50:31 org.apache.coyote.http11.Http11Protocol start
信息: Starting Coyote HTTP/1.1 on http-9999
2014-7-4 9:50:31 org.apache.jk.common.ChannelSocket init
信息: JK: ajp13 listening on /0.0.0.0:9997
2014-7-4 9:50:31 org.apache.jk.server.JkMain start
信息: Jk running ID=0 time=0/45  config=null
2014-7-4 9:50:31 org.apache.catalina.startup.Catalina start
信息: Server startup in 6700 ms
2014-7-4 10:02:10 org.apache.catalina.startup.Embedded initDirs
严重: Cannot find specified temporary folder at D:\DEV_ENV\github\PSITMaintain\server\temp
2014-7-4 10:02:10 org.apache.catalina.core.AprLifecycleListener init
信息: The APR based Apache Tomcat Native library which allows optimal performance in production environments was not found on the java.library.path: D:\DEV_ENV\jdk1.6.0_31_64\bin;C:\Windows\Sun\Java\bin;C:\Windows\system32;C:\Windows;D:\DEV_ENV\jdk1.6.0_31_64\jre\bin;C:\Program Files (x86)\Common Files\NetSarang;C:\Windows\system32;C:\Windows;C:\Windows\System32\Wbem;C:\Windows\System32\WindowsPowerShell\v1.0\;C:\Program Files\ThinkPad\Bluetooth Software\;C:\Program Files\ThinkPad\Bluetooth Software\syswow64;C:\Program Files\Broadcom\WHL\;C:\Program Files\Broadcom\WHL\syswow64;C:\Program Files\Broadcom\WHL\SysWow64\;C:\Program Files\Broadcom\WHL\SysWow64\syswow64;C:\Program Files (x86)\OpenVPN\bin;.
2014-7-4 10:02:10 org.apache.coyote.http11.Http11Protocol init
信息: Initializing Coyote HTTP/1.1 on http-9999
2014-7-4 10:02:10 org.apache.catalina.startup.Catalina load
信息: Initialization processed in 686 ms
2014-7-4 10:02:10 org.apache.catalina.core.StandardService start
信息: Starting service Catalina
2014-7-4 10:02:10 org.apache.catalina.core.StandardEngine start
信息: Starting Servlet Engine: Apache Tomcat/6.0.18
2014-7-4 10:02:17 org.apache.coyote.http11.Http11Protocol start
信息: Starting Coyote HTTP/1.1 on http-9999
2014-7-4 10:02:17 org.apache.jk.common.ChannelSocket init
信息: JK: ajp13 listening on /0.0.0.0:9997
2014-7-4 10:02:17 org.apache.jk.server.JkMain start
信息: Jk running ID=0 time=0/28  config=null
2014-7-4 10:02:17 org.apache.catalina.startup.Catalina start
信息: Server startup in 6620 ms
2014-7-4 10:22:51 org.apache.catalina.startup.Embedded initDirs
严重: Cannot find specified temporary folder at D:\DEV_ENV\github\PSITMaintain\server\temp
2014-7-4 10:22:51 org.apache.catalina.core.AprLifecycleListener init
信息: The APR based Apache Tomcat Native library which allows optimal performance in production environments was not found on the java.library.path: D:\DEV_ENV\jdk1.6.0_31_64\bin;C:\Windows\Sun\Java\bin;C:\Windows\system32;C:\Windows;D:\DEV_ENV\jdk1.6.0_31_64\jre\bin;C:\Program Files (x86)\Common Files\NetSarang;C:\Windows\system32;C:\Windows;C:\Windows\System32\Wbem;C:\Windows\System32\WindowsPowerShell\v1.0\;C:\Program Files\ThinkPad\Bluetooth Software\;C:\Program Files\ThinkPad\Bluetooth Software\syswow64;C:\Program Files\Broadcom\WHL\;C:\Program Files\Broadcom\WHL\syswow64;C:\Program Files\Broadcom\WHL\SysWow64\;C:\Program Files\Broadcom\WHL\SysWow64\syswow64;C:\Program Files (x86)\OpenVPN\bin;.
2014-7-4 10:22:51 org.apache.coyote.http11.Http11Protocol init
信息: Initializing Coyote HTTP/1.1 on http-9999
2014-7-4 10:22:51 org.apache.catalina.startup.Catalina load
信息: Initialization processed in 635 ms
2014-7-4 10:22:51 org.apache.catalina.core.StandardService start
信息: Starting service Catalina
2014-7-4 10:22:51 org.apache.catalina.core.StandardEngine start
信息: Starting Servlet Engine: Apache Tomcat/6.0.18
2014-7-4 10:22:58 org.apache.coyote.http11.Http11Protocol start
信息: Starting Coyote HTTP/1.1 on http-9999
2014-7-4 10:22:58 org.apache.jk.common.ChannelSocket init
信息: JK: ajp13 listening on /0.0.0.0:9997
2014-7-4 10:22:58 org.apache.jk.server.JkMain start
信息: Jk running ID=0 time=0/19  config=null
2014-7-4 10:22:58 org.apache.catalina.startup.Catalina start
信息: Server startup in 6610 ms
2014-7-4 10:29:01 org.apache.catalina.startup.Embedded initDirs
严重: Cannot find specified temporary folder at D:\DEV_ENV\github\PSITMaintain\server\temp
2014-7-4 10:29:02 org.apache.catalina.core.AprLifecycleListener init
信息: The APR based Apache Tomcat Native library which allows optimal performance in production environments was not found on the java.library.path: D:\DEV_ENV\jdk1.6.0_31_64\bin;C:\Windows\Sun\Java\bin;C:\Windows\system32;C:\Windows;D:\DEV_ENV\jdk1.6.0_31_64\jre\bin;C:\Program Files (x86)\Common Files\NetSarang;C:\Windows\system32;C:\Windows;C:\Windows\System32\Wbem;C:\Windows\System32\WindowsPowerShell\v1.0\;C:\Program Files\ThinkPad\Bluetooth Software\;C:\Program Files\ThinkPad\Bluetooth Software\syswow64;C:\Program Files\Broadcom\WHL\;C:\Program Files\Broadcom\WHL\syswow64;C:\Program Files\Broadcom\WHL\SysWow64\;C:\Program Files\Broadcom\WHL\SysWow64\syswow64;C:\Program Files (x86)\OpenVPN\bin;.
2014-7-4 10:29:02 org.apache.coyote.http11.Http11Protocol init
信息: Initializing Coyote HTTP/1.1 on http-9999
2014-7-4 10:29:02 org.apache.catalina.startup.Catalina load
信息: Initialization processed in 677 ms
2014-7-4 10:29:02 org.apache.catalina.core.StandardService start
信息: Starting service Catalina
2014-7-4 10:29:02 org.apache.catalina.core.StandardEngine start
信息: Starting Servlet Engine: Apache Tomcat/6.0.18
2014-7-4 10:29:08 org.apache.coyote.http11.Http11Protocol start
信息: Starting Coyote HTTP/1.1 on http-9999
2014-7-4 10:29:08 org.apache.jk.common.ChannelSocket init
信息: JK: ajp13 listening on /0.0.0.0:9997
2014-7-4 10:29:09 org.apache.jk.server.JkMain start
信息: Jk running ID=0 time=0/23  config=null
2014-7-4 10:29:09 org.apache.catalina.startup.Catalina start
信息: Server startup in 6621 ms
2014-7-4 10:32:33 org.apache.catalina.startup.Embedded initDirs
严重: Cannot find specified temporary folder at D:\DEV_ENV\github\PSITMaintain\server\temp
2014-7-4 10:32:33 org.apache.catalina.core.AprLifecycleListener init
信息: The APR based Apache Tomcat Native library which allows optimal performance in production environments was not found on the java.library.path: D:\DEV_ENV\jdk1.6.0_31_64\bin;C:\Windows\Sun\Java\bin;C:\Windows\system32;C:\Windows;D:\DEV_ENV\jdk1.6.0_31_64\jre\bin;C:\Program Files (x86)\Common Files\NetSarang;C:\Windows\system32;C:\Windows;C:\Windows\System32\Wbem;C:\Windows\System32\WindowsPowerShell\v1.0\;C:\Program Files\ThinkPad\Bluetooth Software\;C:\Program Files\ThinkPad\Bluetooth Software\syswow64;C:\Program Files\Broadcom\WHL\;C:\Program Files\Broadcom\WHL\syswow64;C:\Program Files\Broadcom\WHL\SysWow64\;C:\Program Files\Broadcom\WHL\SysWow64\syswow64;C:\Program Files (x86)\OpenVPN\bin;.
2014-7-4 10:32:33 org.apache.coyote.http11.Http11Protocol init
信息: Initializing Coyote HTTP/1.1 on http-9999
2014-7-4 10:32:33 org.apache.catalina.startup.Catalina load
信息: Initialization processed in 659 ms
2014-7-4 10:32:33 org.apache.catalina.core.StandardService start
信息: Starting service Catalina
2014-7-4 10:32:33 org.apache.catalina.core.StandardEngine start
信息: Starting Servlet Engine: Apache Tomcat/6.0.18
2014-7-4 10:32:40 org.apache.coyote.http11.Http11Protocol start
信息: Starting Coyote HTTP/1.1 on http-9999
2014-7-4 10:32:40 org.apache.jk.common.ChannelSocket init
信息: JK: ajp13 listening on /0.0.0.0:9997
2014-7-4 10:32:40 org.apache.jk.server.JkMain start
信息: Jk running ID=0 time=0/28  config=null
2014-7-4 10:32:40 org.apache.catalina.startup.Catalina start
信息: Server startup in 6636 ms
2014-7-4 10:38:54 org.apache.catalina.startup.Embedded initDirs
严重: Cannot find specified temporary folder at D:\DEV_ENV\github\PSITMaintain\server\temp
2014-7-4 10:38:55 org.apache.catalina.core.AprLifecycleListener init
信息: The APR based Apache Tomcat Native library which allows optimal performance in production environments was not found on the java.library.path: D:\DEV_ENV\jdk1.6.0_31_64\bin;C:\Windows\Sun\Java\bin;C:\Windows\system32;C:\Windows;D:\DEV_ENV\jdk1.6.0_31_64\jre\bin;C:\Program Files (x86)\Common Files\NetSarang;C:\Windows\system32;C:\Windows;C:\Windows\System32\Wbem;C:\Windows\System32\WindowsPowerShell\v1.0\;C:\Program Files\ThinkPad\Bluetooth Software\;C:\Program Files\ThinkPad\Bluetooth Software\syswow64;C:\Program Files\Broadcom\WHL\;C:\Program Files\Broadcom\WHL\syswow64;C:\Program Files\Broadcom\WHL\SysWow64\;C:\Program Files\Broadcom\WHL\SysWow64\syswow64;C:\Program Files (x86)\OpenVPN\bin;.
2014-7-4 10:38:55 org.apache.coyote.http11.Http11Protocol init
信息: Initializing Coyote HTTP/1.1 on http-9999
2014-7-4 10:38:55 org.apache.catalina.startup.Catalina load
信息: Initialization processed in 633 ms
2014-7-4 10:38:55 org.apache.catalina.core.StandardService start
信息: Starting service Catalina
2014-7-4 10:38:55 org.apache.catalina.core.StandardEngine start
信息: Starting Servlet Engine: Apache Tomcat/6.0.18
2014-7-4 10:39:01 org.apache.coyote.http11.Http11Protocol start
信息: Starting Coyote HTTP/1.1 on http-9999
2014-7-4 10:39:01 org.apache.jk.common.ChannelSocket init
信息: JK: ajp13 listening on /0.0.0.0:9997
2014-7-4 10:39:01 org.apache.jk.server.JkMain start
信息: Jk running ID=0 time=1/21  config=null
2014-7-4 10:39:01 org.apache.catalina.startup.Catalina start
信息: Server startup in 6603 ms
2014-7-4 15:26:08 org.apache.catalina.startup.Embedded initDirs
严重: Cannot find specified temporary folder at D:\DEV_ENV\github\PSITMaintain\server\temp
2014-7-4 15:26:09 org.apache.catalina.core.AprLifecycleListener init
信息: The APR based Apache Tomcat Native library which allows optimal performance in production environments was not found on the java.library.path: D:\DEV_ENV\jdk1.6.0_31_64\bin;C:\Windows\Sun\Java\bin;C:\Windows\system32;C:\Windows;D:\DEV_ENV\jdk1.6.0_31_64\jre\bin;C:\Program Files (x86)\Common Files\NetSarang;C:\Windows\system32;C:\Windows;C:\Windows\System32\Wbem;C:\Windows\System32\WindowsPowerShell\v1.0\;C:\Program Files\ThinkPad\Bluetooth Software\;C:\Program Files\ThinkPad\Bluetooth Software\syswow64;C:\Program Files\Broadcom\WHL\;C:\Program Files\Broadcom\WHL\syswow64;C:\Program Files\Broadcom\WHL\SysWow64\;C:\Program Files\Broadcom\WHL\SysWow64\syswow64;C:\Program Files (x86)\OpenVPN\bin;.
2014-7-4 15:26:09 org.apache.coyote.http11.Http11Protocol init
严重: Error initializing endpoint
java.net.BindException: Address already in use: JVM_Bind<null>:9999
	at org.apache.tomcat.util.net.JIoEndpoint.init(JIoEndpoint.java:502)
	at org.apache.coyote.http11.Http11Protocol.init(Http11Protocol.java:176)
	at org.apache.catalina.connector.Connector.initialize(Connector.java:1058)
	at org.apache.catalina.core.StandardService.initialize(StandardService.java:677)
	at org.apache.catalina.core.StandardServer.initialize(StandardServer.java:795)
	at org.apache.catalina.startup.Catalina.load(Catalina.java:530)
	at sun.reflect.NativeMethodAccessorImpl.invoke0(Native Method)
	at sun.reflect.NativeMethodAccessorImpl.invoke(NativeMethodAccessorImpl.java:39)
	at sun.reflect.DelegatingMethodAccessorImpl.invoke(DelegatingMethodAccessorImpl.java:25)
	at java.lang.reflect.Method.invoke(Method.java:597)
	at org.apache.catalina.startup.Bootstrap.load(Bootstrap.java:260)
	at org.apache.catalina.startup.Bootstrap.main(Bootstrap.java:412)
2014-7-4 15:26:09 org.apache.catalina.startup.Catalina load
严重: Catalina.start
LifecycleException:  Protocol handler initialization failed: java.net.BindException: Address already in use: JVM_Bind<null>:9999
	at org.apache.catalina.connector.Connector.initialize(Connector.java:1060)
	at org.apache.catalina.core.StandardService.initialize(StandardService.java:677)
	at org.apache.catalina.core.StandardServer.initialize(StandardServer.java:795)
	at org.apache.catalina.startup.Catalina.load(Catalina.java:530)
	at sun.reflect.NativeMethodAccessorImpl.invoke0(Native Method)
	at sun.reflect.NativeMethodAccessorImpl.invoke(NativeMethodAccessorImpl.java:39)
	at sun.reflect.DelegatingMethodAccessorImpl.invoke(DelegatingMethodAccessorImpl.java:25)
	at java.lang.reflect.Method.invoke(Method.java:597)
	at org.apache.catalina.startup.Bootstrap.load(Bootstrap.java:260)
	at org.apache.catalina.startup.Bootstrap.main(Bootstrap.java:412)
2014-7-4 15:26:09 org.apache.catalina.startup.Catalina load
信息: Initialization processed in 560 ms
2014-7-4 15:26:09 org.apache.catalina.core.StandardService start
信息: Starting service Catalina
2014-7-4 15:26:09 org.apache.catalina.core.StandardEngine start
信息: Starting Servlet Engine: Apache Tomcat/6.0.18
2014-7-4 15:26:15 org.apache.coyote.http11.Http11Protocol start
严重: Error starting endpoint
java.net.BindException: Address already in use: JVM_Bind<null>:9999
	at org.apache.tomcat.util.net.JIoEndpoint.init(JIoEndpoint.java:502)
	at org.apache.tomcat.util.net.JIoEndpoint.start(JIoEndpoint.java:519)
	at org.apache.coyote.http11.Http11Protocol.start(Http11Protocol.java:203)
	at org.apache.catalina.connector.Connector.start(Connector.java:1131)
	at org.apache.catalina.core.StandardService.start(StandardService.java:531)
	at org.apache.catalina.core.StandardServer.start(StandardServer.java:710)
	at org.apache.catalina.startup.Catalina.start(Catalina.java:578)
	at sun.reflect.NativeMethodAccessorImpl.invoke0(Native Method)
	at sun.reflect.NativeMethodAccessorImpl.invoke(NativeMethodAccessorImpl.java:39)
	at sun.reflect.DelegatingMethodAccessorImpl.invoke(DelegatingMethodAccessorImpl.java:25)
	at java.lang.reflect.Method.invoke(Method.java:597)
	at org.apache.catalina.startup.Bootstrap.start(Bootstrap.java:288)
	at org.apache.catalina.startup.Bootstrap.main(Bootstrap.java:413)
2014-7-4 15:26:15 org.apache.catalina.startup.Catalina start
严重: Catalina.start: 
LifecycleException:  service.getName(): "Catalina";  Protocol handler start failed: java.net.BindException: Address already in use: JVM_Bind<null>:9999
	at org.apache.catalina.connector.Connector.start(Connector.java:1138)
	at org.apache.catalina.core.StandardService.start(StandardService.java:531)
	at org.apache.catalina.core.StandardServer.start(StandardServer.java:710)
	at org.apache.catalina.startup.Catalina.start(Catalina.java:578)
	at sun.reflect.NativeMethodAccessorImpl.invoke0(Native Method)
	at sun.reflect.NativeMethodAccessorImpl.invoke(NativeMethodAccessorImpl.java:39)
	at sun.reflect.DelegatingMethodAccessorImpl.invoke(DelegatingMethodAccessorImpl.java:25)
	at java.lang.reflect.Method.invoke(Method.java:597)
	at org.apache.catalina.startup.Bootstrap.start(Bootstrap.java:288)
	at org.apache.catalina.startup.Bootstrap.main(Bootstrap.java:413)
2014-7-4 15:26:15 org.apache.catalina.startup.Catalina start
信息: Server startup in 6563 ms
2014-7-4 15:26:15 org.apache.catalina.core.StandardServer await
严重: StandardServer.await: create[9998]: 
java.net.BindException: Address already in use: JVM_Bind
	at java.net.PlainSocketImpl.socketBind(Native Method)
	at java.net.PlainSocketImpl.bind(PlainSocketImpl.java:383)
	at java.net.ServerSocket.bind(ServerSocket.java:328)
	at java.net.ServerSocket.<init>(ServerSocket.java:194)
	at org.apache.catalina.core.StandardServer.await(StandardServer.java:373)
	at org.apache.catalina.startup.Catalina.await(Catalina.java:642)
	at org.apache.catalina.startup.Catalina.start(Catalina.java:602)
	at sun.reflect.NativeMethodAccessorImpl.invoke0(Native Method)
	at sun.reflect.NativeMethodAccessorImpl.invoke(NativeMethodAccessorImpl.java:39)
	at sun.reflect.DelegatingMethodAccessorImpl.invoke(DelegatingMethodAccessorImpl.java:25)
	at java.lang.reflect.Method.invoke(Method.java:597)
	at org.apache.catalina.startup.Bootstrap.start(Bootstrap.java:288)
	at org.apache.catalina.startup.Bootstrap.main(Bootstrap.java:413)
2014-7-4 15:26:15 org.apache.coyote.http11.Http11Protocol pause
信息: Pausing Coyote HTTP/1.1 on http-9999
2014-7-4 15:26:15 org.apache.catalina.connector.Connector pause
严重: Protocol handler pause failed
java.lang.NullPointerException
	at org.apache.jk.server.JkMain.pause(JkMain.java:679)
	at org.apache.jk.server.JkCoyoteHandler.pause(JkCoyoteHandler.java:153)
	at org.apache.catalina.connector.Connector.pause(Connector.java:1073)
	at org.apache.catalina.core.StandardService.stop(StandardService.java:563)
	at org.apache.catalina.core.StandardServer.stop(StandardServer.java:744)
	at org.apache.catalina.startup.Catalina.stop(Catalina.java:628)
	at org.apache.catalina.startup.Catalina$CatalinaShutdownHook.run(Catalina.java:671)
2014-7-4 15:26:16 org.apache.catalina.core.StandardService stop
信息: Stopping service Catalina
2014-7-4 15:26:16 org.apache.catalina.connector.MapperListener destroy
警告: Error unregistering MBeanServerDelegate
java.lang.NullPointerException
	at org.apache.catalina.connector.MapperListener.destroy(MapperListener.java:165)
	at org.apache.catalina.connector.Connector.stop(Connector.java:1179)
	at org.apache.catalina.core.StandardService.stop(StandardService.java:593)
	at org.apache.catalina.core.StandardServer.stop(StandardServer.java:744)
	at org.apache.catalina.startup.Catalina.stop(Catalina.java:628)
	at org.apache.catalina.startup.Catalina$CatalinaShutdownHook.run(Catalina.java:671)
2014-7-4 15:26:16 org.apache.coyote.http11.Http11Protocol destroy
信息: Stopping Coyote HTTP/1.1 on http-9999
2014-7-4 15:26:16 org.apache.catalina.connector.Connector stop
严重: Coyote connector has not been started
2014-7-4 15:26:32 org.apache.catalina.startup.Embedded initDirs
严重: Cannot find specified temporary folder at D:\DEV_ENV\github\PSITMaintain\server\temp
2014-7-4 15:26:32 org.apache.catalina.core.AprLifecycleListener init
信息: The APR based Apache Tomcat Native library which allows optimal performance in production environments was not found on the java.library.path: D:\DEV_ENV\jdk1.6.0_31_64\bin;C:\Windows\Sun\Java\bin;C:\Windows\system32;C:\Windows;D:\DEV_ENV\jdk1.6.0_31_64\jre\bin;C:\Program Files (x86)\Common Files\NetSarang;C:\Windows\system32;C:\Windows;C:\Windows\System32\Wbem;C:\Windows\System32\WindowsPowerShell\v1.0\;C:\Program Files\ThinkPad\Bluetooth Software\;C:\Program Files\ThinkPad\Bluetooth Software\syswow64;C:\Program Files\Broadcom\WHL\;C:\Program Files\Broadcom\WHL\syswow64;C:\Program Files\Broadcom\WHL\SysWow64\;C:\Program Files\Broadcom\WHL\SysWow64\syswow64;C:\Program Files (x86)\OpenVPN\bin;.
2014-7-4 15:26:33 org.apache.coyote.http11.Http11Protocol init
信息: Initializing Coyote HTTP/1.1 on http-9999
2014-7-4 15:26:33 org.apache.catalina.startup.Catalina load
信息: Initialization processed in 550 ms
2014-7-4 15:26:33 org.apache.catalina.core.StandardService start
信息: Starting service Catalina
2014-7-4 15:26:33 org.apache.catalina.core.StandardEngine start
信息: Starting Servlet Engine: Apache Tomcat/6.0.18
2014-7-4 15:26:39 org.apache.coyote.http11.Http11Protocol start
信息: Starting Coyote HTTP/1.1 on http-9999
2014-7-4 15:26:39 org.apache.jk.common.ChannelSocket init
信息: JK: ajp13 listening on /0.0.0.0:9997
2014-7-4 15:26:39 org.apache.jk.server.JkMain start
信息: Jk running ID=0 time=0/25  config=null
2014-7-4 15:26:39 org.apache.catalina.startup.Catalina start
信息: Server startup in 6580 ms
2014-7-4 15:27:18 org.apache.catalina.startup.Embedded initDirs
严重: Cannot find specified temporary folder at D:\DEV_ENV\github\PSITMaintain\server\temp
2014-7-4 15:27:18 org.apache.catalina.core.AprLifecycleListener init
信息: The APR based Apache Tomcat Native library which allows optimal performance in production environments was not found on the java.library.path: D:\DEV_ENV\jdk1.6.0_31_64\bin;C:\Windows\Sun\Java\bin;C:\Windows\system32;C:\Windows;D:\DEV_ENV\jdk1.6.0_31_64\jre\bin;C:\Program Files (x86)\Common Files\NetSarang;C:\Windows\system32;C:\Windows;C:\Windows\System32\Wbem;C:\Windows\System32\WindowsPowerShell\v1.0\;C:\Program Files\ThinkPad\Bluetooth Software\;C:\Program Files\ThinkPad\Bluetooth Software\syswow64;C:\Program Files\Broadcom\WHL\;C:\Program Files\Broadcom\WHL\syswow64;C:\Program Files\Broadcom\WHL\SysWow64\;C:\Program Files\Broadcom\WHL\SysWow64\syswow64;C:\Program Files (x86)\OpenVPN\bin;.
2014-7-4 15:27:18 org.apache.coyote.http11.Http11Protocol init
信息: Initializing Coyote HTTP/1.1 on http-9999
2014-7-4 15:27:18 org.apache.catalina.startup.Catalina load
信息: Initialization processed in 575 ms
2014-7-4 15:27:18 org.apache.catalina.core.StandardService start
信息: Starting service Catalina
2014-7-4 15:27:18 org.apache.catalina.core.StandardEngine start
信息: Starting Servlet Engine: Apache Tomcat/6.0.18
2014-7-4 15:27:25 org.apache.coyote.http11.Http11Protocol start
信息: Starting Coyote HTTP/1.1 on http-9999
2014-7-4 15:27:25 org.apache.jk.common.ChannelSocket init
信息: JK: ajp13 listening on /0.0.0.0:9997
2014-7-4 15:27:25 org.apache.jk.server.JkMain start
信息: Jk running ID=0 time=0/22  config=null
2014-7-4 15:27:25 org.apache.catalina.startup.Catalina start
信息: Server startup in 6636 ms
2014-7-4 15:27:46 org.apache.catalina.startup.Embedded initDirs
严重: Cannot find specified temporary folder at D:\DEV_ENV\github\PSITMaintain\server\temp
2014-7-4 15:27:47 org.apache.catalina.core.AprLifecycleListener init
信息: The APR based Apache Tomcat Native library which allows optimal performance in production environments was not found on the java.library.path: D:\DEV_ENV\jdk1.6.0_31_64\bin;C:\Windows\Sun\Java\bin;C:\Windows\system32;C:\Windows;D:\DEV_ENV\jdk1.6.0_31_64\jre\bin;C:\Program Files (x86)\Common Files\NetSarang;C:\Windows\system32;C:\Windows;C:\Windows\System32\Wbem;C:\Windows\System32\WindowsPowerShell\v1.0\;C:\Program Files\ThinkPad\Bluetooth Software\;C:\Program Files\ThinkPad\Bluetooth Software\syswow64;C:\Program Files\Broadcom\WHL\;C:\Program Files\Broadcom\WHL\syswow64;C:\Program Files\Broadcom\WHL\SysWow64\;C:\Program Files\Broadcom\WHL\SysWow64\syswow64;C:\Program Files (x86)\OpenVPN\bin;.
2014-7-4 15:27:47 org.apache.coyote.http11.Http11Protocol init
信息: Initializing Coyote HTTP/1.1 on http-9999
2014-7-4 15:27:47 org.apache.catalina.startup.Catalina load
信息: Initialization processed in 548 ms
2014-7-4 15:27:47 org.apache.catalina.core.StandardService start
信息: Starting service Catalina
2014-7-4 15:27:47 org.apache.catalina.core.StandardEngine start
信息: Starting Servlet Engine: Apache Tomcat/6.0.18
2014-7-4 15:28:47 org.apache.catalina.startup.Embedded initDirs
严重: Cannot find specified temporary folder at D:\DEV_ENV\github\PSITMaintain\server\temp
2014-7-4 15:28:47 org.apache.catalina.core.AprLifecycleListener init
信息: The APR based Apache Tomcat Native library which allows optimal performance in production environments was not found on the java.library.path: D:\DEV_ENV\jdk1.6.0_31_64\bin;C:\Windows\Sun\Java\bin;C:\Windows\system32;C:\Windows;D:\DEV_ENV\jdk1.6.0_31_64\jre\bin;C:\Program Files (x86)\Common Files\NetSarang;C:\Windows\system32;C:\Windows;C:\Windows\System32\Wbem;C:\Windows\System32\WindowsPowerShell\v1.0\;C:\Program Files\ThinkPad\Bluetooth Software\;C:\Program Files\ThinkPad\Bluetooth Software\syswow64;C:\Program Files\Broadcom\WHL\;C:\Program Files\Broadcom\WHL\syswow64;C:\Program Files\Broadcom\WHL\SysWow64\;C:\Program Files\Broadcom\WHL\SysWow64\syswow64;C:\Program Files (x86)\OpenVPN\bin;.
2014-7-4 15:28:47 org.apache.coyote.http11.Http11Protocol init
信息: Initializing Coyote HTTP/1.1 on http-9999
2014-7-4 15:28:47 org.apache.catalina.startup.Catalina load
信息: Initialization processed in 568 ms
2014-7-4 15:28:48 org.apache.catalina.core.StandardService start
信息: Starting service Catalina
2014-7-4 15:28:48 org.apache.catalina.core.StandardEngine start
信息: Starting Servlet Engine: Apache Tomcat/6.0.18
2014-7-4 15:29:01 org.apache.catalina.startup.Embedded initDirs
严重: Cannot find specified temporary folder at D:\DEV_ENV\github\PSITMaintain\server\temp
2014-7-4 15:29:02 org.apache.catalina.core.AprLifecycleListener init
信息: The APR based Apache Tomcat Native library which allows optimal performance in production environments was not found on the java.library.path: D:\DEV_ENV\jdk1.6.0_31_64\bin;C:\Windows\Sun\Java\bin;C:\Windows\system32;C:\Windows;D:\DEV_ENV\jdk1.6.0_31_64\jre\bin;C:\Program Files (x86)\Common Files\NetSarang;C:\Windows\system32;C:\Windows;C:\Windows\System32\Wbem;C:\Windows\System32\WindowsPowerShell\v1.0\;C:\Program Files\ThinkPad\Bluetooth Software\;C:\Program Files\ThinkPad\Bluetooth Software\syswow64;C:\Program Files\Broadcom\WHL\;C:\Program Files\Broadcom\WHL\syswow64;C:\Program Files\Broadcom\WHL\SysWow64\;C:\Program Files\Broadcom\WHL\SysWow64\syswow64;C:\Program Files (x86)\OpenVPN\bin;.
2014-7-4 15:29:02 org.apache.coyote.http11.Http11Protocol init
信息: Initializing Coyote HTTP/1.1 on http-9999
2014-7-4 15:29:02 org.apache.catalina.startup.Catalina load
信息: Initialization processed in 557 ms
2014-7-4 15:29:02 org.apache.catalina.core.StandardService start
信息: Starting service Catalina
2014-7-4 15:29:02 org.apache.catalina.core.StandardEngine start
信息: Starting Servlet Engine: Apache Tomcat/6.0.18
2014-7-4 15:29:32 org.apache.catalina.startup.Embedded initDirs
严重: Cannot find specified temporary folder at D:\DEV_ENV\github\PSITMaintain\server\temp
2014-7-4 15:29:33 org.apache.catalina.core.AprLifecycleListener init
信息: The APR based Apache Tomcat Native library which allows optimal performance in production environments was not found on the java.library.path: D:\DEV_ENV\jdk1.6.0_31_64\bin;C:\Windows\Sun\Java\bin;C:\Windows\system32;C:\Windows;D:\DEV_ENV\jdk1.6.0_31_64\jre\bin;C:\Program Files (x86)\Common Files\NetSarang;C:\Windows\system32;C:\Windows;C:\Windows\System32\Wbem;C:\Windows\System32\WindowsPowerShell\v1.0\;C:\Program Files\ThinkPad\Bluetooth Software\;C:\Program Files\ThinkPad\Bluetooth Software\syswow64;C:\Program Files\Broadcom\WHL\;C:\Program Files\Broadcom\WHL\syswow64;C:\Program Files\Broadcom\WHL\SysWow64\;C:\Program Files\Broadcom\WHL\SysWow64\syswow64;C:\Program Files (x86)\OpenVPN\bin;.
2014-7-4 15:29:33 org.apache.coyote.http11.Http11Protocol init
信息: Initializing Coyote HTTP/1.1 on http-9999
2014-7-4 15:29:33 org.apache.catalina.startup.Catalina load
信息: Initialization processed in 560 ms
2014-7-4 15:29:33 org.apache.catalina.core.StandardService start
信息: Starting service Catalina
2014-7-4 15:29:33 org.apache.catalina.core.StandardEngine start
信息: Starting Servlet Engine: Apache Tomcat/6.0.18
2014-7-4 15:30:20 org.apache.catalina.startup.Embedded initDirs
严重: Cannot find specified temporary folder at D:\DEV_ENV\github\PSITMaintain\server\temp
2014-7-4 15:30:20 org.apache.catalina.core.AprLifecycleListener init
信息: The APR based Apache Tomcat Native library which allows optimal performance in production environments was not found on the java.library.path: D:\DEV_ENV\jdk1.6.0_31_64\bin;C:\Windows\Sun\Java\bin;C:\Windows\system32;C:\Windows;D:\DEV_ENV\jdk1.6.0_31_64\jre\bin;C:\Program Files (x86)\Common Files\NetSarang;C:\Windows\system32;C:\Windows;C:\Windows\System32\Wbem;C:\Windows\System32\WindowsPowerShell\v1.0\;C:\Program Files\ThinkPad\Bluetooth Software\;C:\Program Files\ThinkPad\Bluetooth Software\syswow64;C:\Program Files\Broadcom\WHL\;C:\Program Files\Broadcom\WHL\syswow64;C:\Program Files\Broadcom\WHL\SysWow64\;C:\Program Files\Broadcom\WHL\SysWow64\syswow64;C:\Program Files (x86)\OpenVPN\bin;.
2014-7-4 15:30:20 org.apache.coyote.http11.Http11Protocol init
信息: Initializing Coyote HTTP/1.1 on http-9999
2014-7-4 15:30:20 org.apache.catalina.startup.Catalina load
信息: Initialization processed in 564 ms
2014-7-4 15:30:20 org.apache.catalina.core.StandardService start
信息: Starting service Catalina
2014-7-4 15:30:20 org.apache.catalina.core.StandardEngine start
信息: Starting Servlet Engine: Apache Tomcat/6.0.18
2014-7-4 15:31:07 org.apache.coyote.http11.Http11Protocol start
信息: Starting Coyote HTTP/1.1 on http-9999
2014-7-4 15:31:07 org.apache.jk.common.ChannelSocket init
信息: JK: ajp13 listening on /0.0.0.0:9997
2014-7-4 15:31:07 org.apache.jk.server.JkMain start
信息: Jk running ID=0 time=0/22  config=null
2014-7-4 15:31:07 org.apache.catalina.startup.Catalina start
信息: Server startup in 46689 ms
2014-7-4 15:38:15 org.apache.catalina.startup.Embedded initDirs
严重: Cannot find specified temporary folder at D:\DEV_ENV\github\PSITMaintain\server\temp
2014-7-4 15:38:15 org.apache.catalina.core.AprLifecycleListener init
信息: The APR based Apache Tomcat Native library which allows optimal performance in production environments was not found on the java.library.path: D:\DEV_ENV\jdk1.6.0_31_64\bin;C:\Windows\Sun\Java\bin;C:\Windows\system32;C:\Windows;D:\DEV_ENV\jdk1.6.0_31_64\jre\bin;C:\Program Files (x86)\Common Files\NetSarang;C:\Windows\system32;C:\Windows;C:\Windows\System32\Wbem;C:\Windows\System32\WindowsPowerShell\v1.0\;C:\Program Files\ThinkPad\Bluetooth Software\;C:\Program Files\ThinkPad\Bluetooth Software\syswow64;C:\Program Files\Broadcom\WHL\;C:\Program Files\Broadcom\WHL\syswow64;C:\Program Files\Broadcom\WHL\SysWow64\;C:\Program Files\Broadcom\WHL\SysWow64\syswow64;C:\Program Files (x86)\OpenVPN\bin;.
2014-7-4 15:38:15 org.apache.coyote.http11.Http11Protocol init
信息: Initializing Coyote HTTP/1.1 on http-9999
2014-7-4 15:38:15 org.apache.catalina.startup.Catalina load
信息: Initialization processed in 606 ms
2014-7-4 15:38:15 org.apache.catalina.core.StandardService start
信息: Starting service Catalina
2014-7-4 15:38:15 org.apache.catalina.core.StandardEngine start
信息: Starting Servlet Engine: Apache Tomcat/6.0.18
2014-7-4 15:39:02 org.apache.coyote.http11.Http11Protocol start
信息: Starting Coyote HTTP/1.1 on http-9999
2014-7-4 15:39:02 org.apache.jk.common.ChannelSocket init
信息: JK: ajp13 listening on /0.0.0.0:9997
2014-7-4 15:39:02 org.apache.jk.server.JkMain start
信息: Jk running ID=0 time=0/21  config=null
2014-7-4 15:39:02 org.apache.catalina.startup.Catalina start
信息: Server startup in 46757 ms
