2014-6-27 10:01:51 org.apache.catalina.startup.Embedded initDirs
严重: Cannot find specified temporary folder at D:\DEV_ENV\github\PSITMaintain\server\temp
2014-6-27 10:01:51 org.apache.catalina.core.AprLifecycleListener init
信息: The APR based Apache Tomcat Native library which allows optimal performance in production environments was not found on the java.library.path: D:\DEV_ENV\jdk1.6.0_31_64\bin;C:\Windows\Sun\Java\bin;C:\Windows\system32;C:\Windows;D:\DEV_ENV\jdk1.6.0_31_64\jre\bin;C:\Program Files (x86)\Common Files\NetSarang;C:\Windows\system32;C:\Windows;C:\Windows\System32\Wbem;C:\Windows\System32\WindowsPowerShell\v1.0\;C:\Program Files\ThinkPad\Bluetooth Software\;C:\Program Files\ThinkPad\Bluetooth Software\syswow64;C:\Program Files\Broadcom\WHL\;C:\Program Files\Broadcom\WHL\syswow64;C:\Program Files\Broadcom\WHL\SysWow64\;C:\Program Files\Broadcom\WHL\SysWow64\syswow64;;.
2014-6-27 10:01:51 org.apache.coyote.http11.Http11Protocol init
信息: Initializing Coyote HTTP/1.1 on http-9999
2014-6-27 10:01:51 org.apache.catalina.startup.Catalina load
信息: Initialization processed in 579 ms
2014-6-27 10:01:51 org.apache.catalina.core.StandardService start
信息: Starting service Catalina
2014-6-27 10:01:51 org.apache.catalina.core.StandardEngine start
信息: Starting Servlet Engine: Apache Tomcat/6.0.18
2014-6-27 10:01:56 org.apache.coyote.http11.Http11Protocol start
信息: Starting Coyote HTTP/1.1 on http-9999
2014-6-27 10:01:56 org.apache.jk.common.ChannelSocket init
信息: JK: ajp13 listening on /0.0.0.0:9997
2014-6-27 10:01:56 org.apache.jk.server.JkMain start
信息: Jk running ID=0 time=0/28  config=null
2014-6-27 10:01:56 org.apache.catalina.startup.Catalina start
信息: Server startup in 4674 ms
2014-6-27 14:40:50 org.apache.catalina.startup.Embedded initDirs
严重: Cannot find specified temporary folder at D:\DEV_ENV\github\PSITMaintain\server\temp
2014-6-27 14:40:50 org.apache.catalina.core.AprLifecycleListener init
信息: The APR based Apache Tomcat Native library which allows optimal performance in production environments was not found on the java.library.path: D:\DEV_ENV\jdk1.6.0_31_64\bin;C:\Windows\Sun\Java\bin;C:\Windows\system32;C:\Windows;D:\DEV_ENV\jdk1.6.0_31_64\jre\bin;C:\Program Files (x86)\Common Files\NetSarang;C:\Windows\system32;C:\Windows;C:\Windows\System32\Wbem;C:\Windows\System32\WindowsPowerShell\v1.0\;C:\Program Files\ThinkPad\Bluetooth Software\;C:\Program Files\ThinkPad\Bluetooth Software\syswow64;C:\Program Files\Broadcom\WHL\;C:\Program Files\Broadcom\WHL\syswow64;C:\Program Files\Broadcom\WHL\SysWow64\;C:\Program Files\Broadcom\WHL\SysWow64\syswow64;;.
2014-6-27 14:40:50 org.apache.coyote.http11.Http11Protocol init
信息: Initializing Coyote HTTP/1.1 on http-9999
2014-6-27 14:40:50 org.apache.catalina.startup.Catalina load
信息: Initialization processed in 590 ms
2014-6-27 14:40:50 org.apache.catalina.core.StandardService start
信息: Starting service Catalina
2014-6-27 14:40:50 org.apache.catalina.core.StandardEngine start
信息: Starting Servlet Engine: Apache Tomcat/6.0.18
2014-6-27 14:40:55 org.apache.coyote.http11.Http11Protocol start
信息: Starting Coyote HTTP/1.1 on http-9999
2014-6-27 14:40:55 org.apache.jk.common.ChannelSocket init
信息: JK: ajp13 listening on /0.0.0.0:9997
2014-6-27 14:40:55 org.apache.jk.server.JkMain start
信息: Jk running ID=0 time=0/31  config=null
2014-6-27 14:40:55 org.apache.catalina.startup.Catalina start
信息: Server startup in 4603 ms
2014-6-27 15:44:41 org.apache.catalina.startup.Embedded initDirs
严重: Cannot find specified temporary folder at D:\DEV_ENV\github\PSITMaintain\server\temp
2014-6-27 15:44:42 org.apache.catalina.core.AprLifecycleListener init
信息: The APR based Apache Tomcat Native library which allows optimal performance in production environments was not found on the java.library.path: D:\DEV_ENV\jdk1.6.0_31_64\bin;C:\Windows\Sun\Java\bin;C:\Windows\system32;C:\Windows;D:\DEV_ENV\jdk1.6.0_31_64\jre\bin;C:\Program Files (x86)\Common Files\NetSarang;C:\Windows\system32;C:\Windows;C:\Windows\System32\Wbem;C:\Windows\System32\WindowsPowerShell\v1.0\;C:\Program Files\ThinkPad\Bluetooth Software\;C:\Program Files\ThinkPad\Bluetooth Software\syswow64;C:\Program Files\Broadcom\WHL\;C:\Program Files\Broadcom\WHL\syswow64;C:\Program Files\Broadcom\WHL\SysWow64\;C:\Program Files\Broadcom\WHL\SysWow64\syswow64;;.
2014-6-27 15:44:42 org.apache.coyote.http11.Http11Protocol init
信息: Initializing Coyote HTTP/1.1 on http-9999
2014-6-27 15:44:42 org.apache.catalina.startup.Catalina load
信息: Initialization processed in 584 ms
2014-6-27 15:44:42 org.apache.catalina.core.StandardService start
信息: Starting service Catalina
2014-6-27 15:44:42 org.apache.catalina.core.StandardEngine start
信息: Starting Servlet Engine: Apache Tomcat/6.0.18
2014-6-27 15:44:46 org.apache.coyote.http11.Http11Protocol start
信息: Starting Coyote HTTP/1.1 on http-9999
2014-6-27 15:44:46 org.apache.jk.common.ChannelSocket init
信息: JK: ajp13 listening on /0.0.0.0:9997
2014-6-27 15:44:46 org.apache.jk.server.JkMain start
信息: Jk running ID=0 time=0/25  config=null
2014-6-27 15:44:46 org.apache.catalina.startup.Catalina start
信息: Server startup in 4689 ms
2014-6-27 16:09:36 org.apache.catalina.startup.HostConfig checkResources
信息: Reloading context []
2014-6-27 16:09:36 org.apache.catalina.core.StandardContext start
严重: Error listenerStart
2014-6-27 16:09:36 org.apache.catalina.core.StandardContext start
严重: Context [] startup failed due to previous errors
2014-6-27 16:12:01 org.apache.catalina.startup.Embedded initDirs
严重: Cannot find specified temporary folder at D:\DEV_ENV\github\PSITMaintain\server\temp
2014-6-27 16:12:02 org.apache.catalina.core.AprLifecycleListener init
信息: The APR based Apache Tomcat Native library which allows optimal performance in production environments was not found on the java.library.path: D:\DEV_ENV\jdk1.6.0_31_64\bin;C:\Windows\Sun\Java\bin;C:\Windows\system32;C:\Windows;D:\DEV_ENV\jdk1.6.0_31_64\jre\bin;C:\Program Files (x86)\Common Files\NetSarang;C:\Windows\system32;C:\Windows;C:\Windows\System32\Wbem;C:\Windows\System32\WindowsPowerShell\v1.0\;C:\Program Files\ThinkPad\Bluetooth Software\;C:\Program Files\ThinkPad\Bluetooth Software\syswow64;C:\Program Files\Broadcom\WHL\;C:\Program Files\Broadcom\WHL\syswow64;C:\Program Files\Broadcom\WHL\SysWow64\;C:\Program Files\Broadcom\WHL\SysWow64\syswow64;;.
2014-6-27 16:12:02 org.apache.coyote.http11.Http11Protocol init
严重: Error initializing endpoint
java.net.BindException: Address already in use: JVM_Bind<null>:9999
	at org.apache.tomcat.util.net.JIoEndpoint.init(JIoEndpoint.java:502)
	at org.apache.coyote.http11.Http11Protocol.init(Http11Protocol.java:176)
	at org.apache.catalina.connector.Connector.initialize(Connector.java:1058)
	at org.apache.catalina.core.StandardService.initialize(StandardService.java:677)
	at org.apache.catalina.core.StandardServer.initialize(StandardServer.java:795)
	at org.apache.catalina.startup.Catalina.load(Catalina.java:530)
	at sun.reflect.NativeMethodAccessorImpl.invoke0(Native Method)
	at sun.reflect.NativeMethodAccessorImpl.invoke(NativeMethodAccessorImpl.java:39)
	at sun.reflect.DelegatingMethodAccessorImpl.invoke(DelegatingMethodAccessorImpl.java:25)
	at java.lang.reflect.Method.invoke(Method.java:597)
	at org.apache.catalina.startup.Bootstrap.load(Bootstrap.java:260)
	at org.apache.catalina.startup.Bootstrap.main(Bootstrap.java:412)
2014-6-27 16:12:02 org.apache.catalina.startup.Catalina load
严重: Catalina.start
LifecycleException:  Protocol handler initialization failed: java.net.BindException: Address already in use: JVM_Bind<null>:9999
	at org.apache.catalina.connector.Connector.initialize(Connector.java:1060)
	at org.apache.catalina.core.StandardService.initialize(StandardService.java:677)
	at org.apache.catalina.core.StandardServer.initialize(StandardServer.java:795)
	at org.apache.catalina.startup.Catalina.load(Catalina.java:530)
	at sun.reflect.NativeMethodAccessorImpl.invoke0(Native Method)
	at sun.reflect.NativeMethodAccessorImpl.invoke(NativeMethodAccessorImpl.java:39)
	at sun.reflect.DelegatingMethodAccessorImpl.invoke(DelegatingMethodAccessorImpl.java:25)
	at java.lang.reflect.Method.invoke(Method.java:597)
	at org.apache.catalina.startup.Bootstrap.load(Bootstrap.java:260)
	at org.apache.catalina.startup.Bootstrap.main(Bootstrap.java:412)
2014-6-27 16:12:02 org.apache.catalina.startup.Catalina load
信息: Initialization processed in 629 ms
2014-6-27 16:12:02 org.apache.catalina.core.StandardService start
信息: Starting service Catalina
2014-6-27 16:12:02 org.apache.catalina.core.StandardEngine start
信息: Starting Servlet Engine: Apache Tomcat/6.0.18
2014-6-27 16:12:38 org.apache.catalina.startup.Embedded initDirs
严重: Cannot find specified temporary folder at D:\DEV_ENV\github\PSITMaintain\server\temp
2014-6-27 16:12:39 org.apache.catalina.core.AprLifecycleListener init
信息: The APR based Apache Tomcat Native library which allows optimal performance in production environments was not found on the java.library.path: D:\DEV_ENV\jdk1.6.0_31_64\bin;C:\Windows\Sun\Java\bin;C:\Windows\system32;C:\Windows;D:\DEV_ENV\jdk1.6.0_31_64\jre\bin;C:\Program Files (x86)\Common Files\NetSarang;C:\Windows\system32;C:\Windows;C:\Windows\System32\Wbem;C:\Windows\System32\WindowsPowerShell\v1.0\;C:\Program Files\ThinkPad\Bluetooth Software\;C:\Program Files\ThinkPad\Bluetooth Software\syswow64;C:\Program Files\Broadcom\WHL\;C:\Program Files\Broadcom\WHL\syswow64;C:\Program Files\Broadcom\WHL\SysWow64\;C:\Program Files\Broadcom\WHL\SysWow64\syswow64;;.
2014-6-27 16:12:39 org.apache.coyote.http11.Http11Protocol init
信息: Initializing Coyote HTTP/1.1 on http-9999
2014-6-27 16:12:39 org.apache.catalina.startup.Catalina load
信息: Initialization processed in 583 ms
2014-6-27 16:12:39 org.apache.catalina.core.StandardService start
信息: Starting service Catalina
2014-6-27 16:12:39 org.apache.catalina.core.StandardEngine start
信息: Starting Servlet Engine: Apache Tomcat/6.0.18
2014-6-27 16:14:00 org.apache.catalina.startup.Embedded initDirs
严重: Cannot find specified temporary folder at D:\DEV_ENV\github\PSITMaintain\server\temp
2014-6-27 16:14:00 org.apache.catalina.core.AprLifecycleListener init
信息: The APR based Apache Tomcat Native library which allows optimal performance in production environments was not found on the java.library.path: D:\DEV_ENV\jdk1.6.0_31_64\bin;C:\Windows\Sun\Java\bin;C:\Windows\system32;C:\Windows;D:\DEV_ENV\jdk1.6.0_31_64\jre\bin;C:\Program Files (x86)\Common Files\NetSarang;C:\Windows\system32;C:\Windows;C:\Windows\System32\Wbem;C:\Windows\System32\WindowsPowerShell\v1.0\;C:\Program Files\ThinkPad\Bluetooth Software\;C:\Program Files\ThinkPad\Bluetooth Software\syswow64;C:\Program Files\Broadcom\WHL\;C:\Program Files\Broadcom\WHL\syswow64;C:\Program Files\Broadcom\WHL\SysWow64\;C:\Program Files\Broadcom\WHL\SysWow64\syswow64;;.
2014-6-27 16:14:00 org.apache.coyote.http11.Http11Protocol init
信息: Initializing Coyote HTTP/1.1 on http-9999
2014-6-27 16:14:00 org.apache.catalina.startup.Catalina load
信息: Initialization processed in 606 ms
2014-6-27 16:14:00 org.apache.catalina.core.StandardService start
信息: Starting service Catalina
2014-6-27 16:14:00 org.apache.catalina.core.StandardEngine start
信息: Starting Servlet Engine: Apache Tomcat/6.0.18
2014-6-27 16:45:16 org.apache.catalina.startup.Embedded initDirs
严重: Cannot find specified temporary folder at D:\DEV_ENV\github\PSITMaintain\server\temp
2014-6-27 16:45:16 org.apache.catalina.core.AprLifecycleListener init
信息: The APR based Apache Tomcat Native library which allows optimal performance in production environments was not found on the java.library.path: D:\DEV_ENV\jdk1.6.0_31_64\bin;C:\Windows\Sun\Java\bin;C:\Windows\system32;C:\Windows;D:\DEV_ENV\jdk1.6.0_31_64\jre\bin;C:\Program Files (x86)\Common Files\NetSarang;C:\Windows\system32;C:\Windows;C:\Windows\System32\Wbem;C:\Windows\System32\WindowsPowerShell\v1.0\;C:\Program Files\ThinkPad\Bluetooth Software\;C:\Program Files\ThinkPad\Bluetooth Software\syswow64;C:\Program Files\Broadcom\WHL\;C:\Program Files\Broadcom\WHL\syswow64;C:\Program Files\Broadcom\WHL\SysWow64\;C:\Program Files\Broadcom\WHL\SysWow64\syswow64;;.
2014-6-27 16:45:17 org.apache.coyote.http11.Http11Protocol init
信息: Initializing Coyote HTTP/1.1 on http-9999
2014-6-27 16:45:17 org.apache.catalina.startup.Catalina load
信息: Initialization processed in 608 ms
2014-6-27 16:45:17 org.apache.catalina.core.StandardService start
信息: Starting service Catalina
2014-6-27 16:45:17 org.apache.catalina.core.StandardEngine start
信息: Starting Servlet Engine: Apache Tomcat/6.0.18
2014-6-27 16:56:26 org.apache.catalina.core.StandardContext start
严重: Error listenerStart
2014-6-27 16:56:26 org.apache.catalina.core.StandardContext start
严重: Context [] startup failed due to previous errors
2014-6-27 16:56:26 org.apache.coyote.http11.Http11Protocol start
信息: Starting Coyote HTTP/1.1 on http-9999
2014-6-27 16:56:26 org.apache.jk.common.ChannelSocket init
信息: JK: ajp13 listening on /0.0.0.0:9997
2014-6-27 16:56:26 org.apache.jk.server.JkMain start
信息: Jk running ID=0 time=0/34  config=null
2014-6-27 16:56:26 org.apache.catalina.startup.Catalina start
信息: Server startup in 669863 ms
2014-6-27 16:58:48 org.apache.catalina.startup.Embedded initDirs
严重: Cannot find specified temporary folder at D:\DEV_ENV\github\PSITMaintain\server\temp
2014-6-27 16:58:48 org.apache.catalina.core.AprLifecycleListener init
信息: The APR based Apache Tomcat Native library which allows optimal performance in production environments was not found on the java.library.path: D:\DEV_ENV\jdk1.6.0_31_64\bin;C:\Windows\Sun\Java\bin;C:\Windows\system32;C:\Windows;D:\DEV_ENV\jdk1.6.0_31_64\jre\bin;C:\Program Files (x86)\Common Files\NetSarang;C:\Windows\system32;C:\Windows;C:\Windows\System32\Wbem;C:\Windows\System32\WindowsPowerShell\v1.0\;C:\Program Files\ThinkPad\Bluetooth Software\;C:\Program Files\ThinkPad\Bluetooth Software\syswow64;C:\Program Files\Broadcom\WHL\;C:\Program Files\Broadcom\WHL\syswow64;C:\Program Files\Broadcom\WHL\SysWow64\;C:\Program Files\Broadcom\WHL\SysWow64\syswow64;;.
2014-6-27 16:58:49 org.apache.coyote.http11.Http11Protocol init
信息: Initializing Coyote HTTP/1.1 on http-9999
2014-6-27 16:58:49 org.apache.catalina.startup.Catalina load
信息: Initialization processed in 552 ms
2014-6-27 16:58:49 org.apache.catalina.core.StandardService start
信息: Starting service Catalina
2014-6-27 16:58:49 org.apache.catalina.core.StandardEngine start
信息: Starting Servlet Engine: Apache Tomcat/6.0.18
2014-6-27 16:58:53 org.apache.catalina.core.StandardContext start
严重: Error listenerStart
2014-6-27 16:58:53 org.apache.catalina.core.StandardContext start
严重: Context [] startup failed due to previous errors
2014-6-27 16:58:53 org.apache.coyote.http11.Http11Protocol start
信息: Starting Coyote HTTP/1.1 on http-9999
2014-6-27 16:58:53 org.apache.jk.common.ChannelSocket init
信息: JK: ajp13 listening on /0.0.0.0:9997
2014-6-27 16:58:53 org.apache.jk.server.JkMain start
信息: Jk running ID=0 time=0/24  config=null
2014-6-27 16:58:53 org.apache.catalina.startup.Catalina start
信息: Server startup in 4658 ms
