2014-7-2 16:41:44 org.apache.catalina.startup.Embedded initDirs
严重: Cannot find specified temporary folder at D:\DEV_ENV\github\PSITMaintain\server\temp
2014-7-2 16:41:44 org.apache.catalina.core.AprLifecycleListener init
信息: The APR based Apache Tomcat Native library which allows optimal performance in production environments was not found on the java.library.path: D:\DEV_ENV\jdk1.6.0_31_64\bin;C:\Windows\Sun\Java\bin;C:\Windows\system32;C:\Windows;D:\DEV_ENV\jdk1.6.0_31_64\jre\bin;C:\Program Files (x86)\Common Files\NetSarang;C:\Windows\system32;C:\Windows;C:\Windows\System32\Wbem;C:\Windows\System32\WindowsPowerShell\v1.0\;C:\Program Files\ThinkPad\Bluetooth Software\;C:\Program Files\ThinkPad\Bluetooth Software\syswow64;C:\Program Files\Broadcom\WHL\;C:\Program Files\Broadcom\WHL\syswow64;C:\Program Files\Broadcom\WHL\SysWow64\;C:\Program Files\Broadcom\WHL\SysWow64\syswow64;C:\Program Files (x86)\Lenovo\Lenovo Home\;C:\Program Files (x86)\OpenVPN\bin;C:\Program Files (x86)\Lenovo\Lenovo Home\DCMainWin.exe;.
2014-7-2 16:41:44 org.apache.coyote.http11.Http11Protocol init
信息: Initializing Coyote HTTP/1.1 on http-9999
2014-7-2 16:41:44 org.apache.catalina.startup.Catalina load
信息: Initialization processed in 665 ms
2014-7-2 16:41:44 org.apache.catalina.core.StandardService start
信息: Starting service Catalina
2014-7-2 16:41:44 org.apache.catalina.core.StandardEngine start
信息: Starting Servlet Engine: Apache Tomcat/6.0.18
2014-7-2 16:41:51 org.apache.coyote.http11.Http11Protocol start
信息: Starting Coyote HTTP/1.1 on http-9999
2014-7-2 16:41:51 org.apache.jk.common.ChannelSocket init
信息: JK: ajp13 listening on /0.0.0.0:9997
2014-7-2 16:41:51 org.apache.jk.server.JkMain start
信息: Jk running ID=0 time=0/29  config=null
2014-7-2 16:41:51 org.apache.catalina.startup.Catalina start
信息: Server startup in 6744 ms
2014-7-2 16:45:31 org.apache.catalina.startup.Embedded initDirs
严重: Cannot find specified temporary folder at D:\DEV_ENV\github\PSITMaintain\server\temp
2014-7-2 16:45:31 org.apache.catalina.core.AprLifecycleListener init
信息: The APR based Apache Tomcat Native library which allows optimal performance in production environments was not found on the java.library.path: D:\DEV_ENV\jdk1.6.0_31_64\bin;C:\Windows\Sun\Java\bin;C:\Windows\system32;C:\Windows;D:\DEV_ENV\jdk1.6.0_31_64\jre\bin;C:\Program Files (x86)\Common Files\NetSarang;C:\Windows\system32;C:\Windows;C:\Windows\System32\Wbem;C:\Windows\System32\WindowsPowerShell\v1.0\;C:\Program Files\ThinkPad\Bluetooth Software\;C:\Program Files\ThinkPad\Bluetooth Software\syswow64;C:\Program Files\Broadcom\WHL\;C:\Program Files\Broadcom\WHL\syswow64;C:\Program Files\Broadcom\WHL\SysWow64\;C:\Program Files\Broadcom\WHL\SysWow64\syswow64;C:\Program Files (x86)\Lenovo\Lenovo Home\;C:\Program Files (x86)\OpenVPN\bin;C:\Program Files (x86)\Lenovo\Lenovo Home\DCMainWin.exe;.
2014-7-2 16:45:31 org.apache.coyote.http11.Http11Protocol init
信息: Initializing Coyote HTTP/1.1 on http-9999
2014-7-2 16:45:31 org.apache.catalina.startup.Catalina load
信息: Initialization processed in 679 ms
2014-7-2 16:45:31 org.apache.catalina.core.StandardService start
信息: Starting service Catalina
2014-7-2 16:45:31 org.apache.catalina.core.StandardEngine start
信息: Starting Servlet Engine: Apache Tomcat/6.0.18
2014-7-2 16:45:38 org.apache.coyote.http11.Http11Protocol start
信息: Starting Coyote HTTP/1.1 on http-9999
2014-7-2 16:45:38 org.apache.jk.common.ChannelSocket init
信息: JK: ajp13 listening on /0.0.0.0:9997
2014-7-2 16:45:38 org.apache.jk.server.JkMain start
信息: Jk running ID=0 time=0/24  config=null
2014-7-2 16:45:38 org.apache.catalina.startup.Catalina start
信息: Server startup in 6646 ms
2014-7-2 17:31:25 org.apache.catalina.startup.Embedded initDirs
严重: Cannot find specified temporary folder at D:\DEV_ENV\github\PSITMaintain\server\temp
2014-7-2 17:31:26 org.apache.catalina.core.AprLifecycleListener init
信息: The APR based Apache Tomcat Native library which allows optimal performance in production environments was not found on the java.library.path: D:\DEV_ENV\jdk1.6.0_31_64\bin;C:\Windows\Sun\Java\bin;C:\Windows\system32;C:\Windows;D:\DEV_ENV\jdk1.6.0_31_64\jre\bin;C:\Program Files (x86)\Common Files\NetSarang;C:\Windows\system32;C:\Windows;C:\Windows\System32\Wbem;C:\Windows\System32\WindowsPowerShell\v1.0\;C:\Program Files\ThinkPad\Bluetooth Software\;C:\Program Files\ThinkPad\Bluetooth Software\syswow64;C:\Program Files\Broadcom\WHL\;C:\Program Files\Broadcom\WHL\syswow64;C:\Program Files\Broadcom\WHL\SysWow64\;C:\Program Files\Broadcom\WHL\SysWow64\syswow64;C:\Program Files (x86)\Lenovo\Lenovo Home\;C:\Program Files (x86)\OpenVPN\bin;C:\Program Files (x86)\Lenovo\Lenovo Home\DCMainWin.exe;.
2014-7-2 17:31:26 org.apache.coyote.http11.Http11Protocol init
信息: Initializing Coyote HTTP/1.1 on http-9999
2014-7-2 17:31:26 org.apache.catalina.startup.Catalina load
信息: Initialization processed in 691 ms
2014-7-2 17:31:26 org.apache.catalina.core.StandardService start
信息: Starting service Catalina
2014-7-2 17:31:26 org.apache.catalina.core.StandardEngine start
信息: Starting Servlet Engine: Apache Tomcat/6.0.18
2014-7-2 17:31:32 org.apache.coyote.http11.Http11Protocol start
信息: Starting Coyote HTTP/1.1 on http-9999
2014-7-2 17:31:32 org.apache.jk.common.ChannelSocket init
信息: JK: ajp13 listening on /0.0.0.0:9997
2014-7-2 17:31:32 org.apache.jk.server.JkMain start
信息: Jk running ID=0 time=0/22  config=null
2014-7-2 17:31:32 org.apache.catalina.startup.Catalina start
信息: Server startup in 6645 ms
