Jun 19, 2014 9:59:07 AM org.apache.catalina.core.AprLifecycleListener init
INFO: The APR based Apache Tomcat Native library which allows optimal performance in production environments was not found on the java.library.path: .:/Library/Java/Extensions:/System/Library/Java/Extensions:/usr/lib/java
Jun 19, 2014 9:59:07 AM org.apache.coyote.http11.Http11Protocol init
INFO: Initializing Coyote HTTP/1.1 on http-9999
Jun 19, 2014 9:59:07 AM org.apache.catalina.startup.Catalina load
INFO: Initialization processed in 586 ms
Jun 19, 2014 9:59:07 AM org.apache.catalina.core.StandardService start
INFO: Starting service Catalina
Jun 19, 2014 9:59:07 AM org.apache.catalina.core.StandardEngine start
INFO: Starting Servlet Engine: Apache Tomcat/6.0.18
Jun 19, 2014 9:59:52 AM org.apache.coyote.http11.Http11Protocol start
INFO: Starting Coyote HTTP/1.1 on http-9999
Jun 19, 2014 9:59:52 AM org.apache.jk.common.ChannelSocket init
INFO: JK: ajp13 listening on /0.0.0.0:9997
Jun 19, 2014 9:59:52 AM org.apache.jk.server.JkMain start
INFO: Jk running ID=0 time=0/18  config=null
Jun 19, 2014 9:59:52 AM org.apache.catalina.startup.Catalina start
INFO: Server startup in 44926 ms
Jun 19, 2014 10:07:15 AM org.apache.catalina.core.AprLifecycleListener init
INFO: The APR based Apache Tomcat Native library which allows optimal performance in production environments was not found on the java.library.path: .:/Library/Java/Extensions:/System/Library/Java/Extensions:/usr/lib/java
Jun 19, 2014 10:07:15 AM org.apache.coyote.http11.Http11Protocol init
INFO: Initializing Coyote HTTP/1.1 on http-9999
Jun 19, 2014 10:07:15 AM org.apache.catalina.startup.Catalina load
INFO: Initialization processed in 492 ms
Jun 19, 2014 10:07:15 AM org.apache.catalina.core.StandardService start
INFO: Starting service Catalina
Jun 19, 2014 10:07:15 AM org.apache.catalina.core.StandardEngine start
INFO: Starting Servlet Engine: Apache Tomcat/6.0.18
Jun 19, 2014 10:07:59 AM org.apache.coyote.http11.Http11Protocol start
INFO: Starting Coyote HTTP/1.1 on http-9999
Jun 19, 2014 10:07:59 AM org.apache.jk.common.ChannelSocket init
INFO: JK: ajp13 listening on /0.0.0.0:9997
Jun 19, 2014 10:07:59 AM org.apache.jk.server.JkMain start
INFO: Jk running ID=0 time=0/15  config=null
Jun 19, 2014 10:07:59 AM org.apache.catalina.startup.Catalina start
INFO: Server startup in 44619 ms
Jun 19, 2014 10:16:26 AM org.apache.catalina.core.AprLifecycleListener init
INFO: The APR based Apache Tomcat Native library which allows optimal performance in production environments was not found on the java.library.path: .:/Library/Java/Extensions:/System/Library/Java/Extensions:/usr/lib/java
Jun 19, 2014 10:16:26 AM org.apache.coyote.http11.Http11Protocol init
INFO: Initializing Coyote HTTP/1.1 on http-9999
Jun 19, 2014 10:16:26 AM org.apache.catalina.startup.Catalina load
INFO: Initialization processed in 500 ms
Jun 19, 2014 10:16:26 AM org.apache.catalina.core.StandardService start
INFO: Starting service Catalina
Jun 19, 2014 10:16:26 AM org.apache.catalina.core.StandardEngine start
INFO: Starting Servlet Engine: Apache Tomcat/6.0.18
Jun 19, 2014 10:16:31 AM org.apache.coyote.http11.Http11Protocol start
INFO: Starting Coyote HTTP/1.1 on http-9999
Jun 19, 2014 10:16:31 AM org.apache.jk.common.ChannelSocket init
INFO: JK: ajp13 listening on /0.0.0.0:9997
Jun 19, 2014 10:16:31 AM org.apache.jk.server.JkMain start
INFO: Jk running ID=0 time=0/18  config=null
Jun 19, 2014 10:16:31 AM org.apache.catalina.startup.Catalina start
INFO: Server startup in 4548 ms
Jun 19, 2014 10:55:31 AM org.apache.catalina.core.AprLifecycleListener init
INFO: The APR based Apache Tomcat Native library which allows optimal performance in production environments was not found on the java.library.path: .:/Library/Java/Extensions:/System/Library/Java/Extensions:/usr/lib/java
Jun 19, 2014 10:55:31 AM org.apache.coyote.http11.Http11Protocol init
INFO: Initializing Coyote HTTP/1.1 on http-9999
Jun 19, 2014 10:55:31 AM org.apache.catalina.startup.Catalina load
INFO: Initialization processed in 527 ms
Jun 19, 2014 10:55:31 AM org.apache.catalina.core.StandardService start
INFO: Starting service Catalina
Jun 19, 2014 10:55:31 AM org.apache.catalina.core.StandardEngine start
INFO: Starting Servlet Engine: Apache Tomcat/6.0.18
Jun 19, 2014 10:55:35 AM org.apache.coyote.http11.Http11Protocol start
INFO: Starting Coyote HTTP/1.1 on http-9999
Jun 19, 2014 10:55:36 AM org.apache.jk.common.ChannelSocket init
INFO: JK: ajp13 listening on /0.0.0.0:9997
Jun 19, 2014 10:55:36 AM org.apache.jk.server.JkMain start
INFO: Jk running ID=0 time=0/16  config=null
Jun 19, 2014 10:55:36 AM org.apache.catalina.startup.Catalina start
INFO: Server startup in 4519 ms
Jun 19, 2014 2:28:03 PM org.apache.catalina.core.AprLifecycleListener init
INFO: The APR based Apache Tomcat Native library which allows optimal performance in production environments was not found on the java.library.path: .:/Library/Java/Extensions:/System/Library/Java/Extensions:/usr/lib/java
Jun 19, 2014 2:28:03 PM org.apache.coyote.http11.Http11Protocol init
INFO: Initializing Coyote HTTP/1.1 on http-9999
Jun 19, 2014 2:28:03 PM org.apache.catalina.startup.Catalina load
INFO: Initialization processed in 561 ms
Jun 19, 2014 2:28:04 PM org.apache.catalina.core.StandardService start
INFO: Starting service Catalina
Jun 19, 2014 2:28:04 PM org.apache.catalina.core.StandardEngine start
INFO: Starting Servlet Engine: Apache Tomcat/6.0.18
Jun 19, 2014 2:28:08 PM org.apache.coyote.http11.Http11Protocol start
INFO: Starting Coyote HTTP/1.1 on http-9999
Jun 19, 2014 2:28:08 PM org.apache.jk.common.ChannelSocket init
INFO: JK: ajp13 listening on /0.0.0.0:9997
Jun 19, 2014 2:28:08 PM org.apache.jk.server.JkMain start
INFO: Jk running ID=0 time=0/21  config=null
Jun 19, 2014 2:28:08 PM org.apache.catalina.startup.Catalina start
INFO: Server startup in 4625 ms
