2014-7-2 16:42:12 org.apache.catalina.core.StandardWrapperValve invoke
严重: Servlet.service() for servlet PSITMServlet threw exception
net.sf.json.JSONException: JSONObject["method"] not found.
	at net.sf.json.JSONObject.getString(JSONObject.java:2092)
	at uap.ps.itm.pub.servlet.PSITMServlet.getRequestInfo4Ajax(PSITMServlet.java:97)
	at uap.ps.itm.pub.servlet.PSITMServlet.invoke(PSITMServlet.java:43)
	at uap.ps.itm.pub.servlet.PSITMServlet.doGet(PSITMServlet.java:31)
	at javax.servlet.http.HttpServlet.service(HttpServlet.java:747)
	at javax.servlet.http.HttpServlet.service(HttpServlet.java:860)
	at org.apache.catalina.core.ApplicationFilterChain.internalDoFilter(ApplicationFilterChain.java:290)
	at org.apache.catalina.core.ApplicationFilterChain.doFilter(ApplicationFilterChain.java:206)
	at org.apache.catalina.core.StandardWrapperValve.invoke(StandardWrapperValve.java:233)
	at org.apache.catalina.core.StandardContextValve.invoke(StandardContextValve.java:191)
	at org.apache.catalina.core.StandardHostValve.invoke(StandardHostValve.java:128)
	at org.apache.catalina.valves.ErrorReportValve.invoke(ErrorReportValve.java:102)
	at org.apache.catalina.core.StandardEngineValve.invoke(StandardEngineValve.java:109)
	at org.apache.catalina.connector.CoyoteAdapter.service(CoyoteAdapter.java:286)
	at org.apache.coyote.http11.Http11Processor.process(Http11Processor.java:845)
	at org.apache.coyote.http11.Http11Protocol$Http11ConnectionHandler.process(Http11Protocol.java:583)
	at org.apache.tomcat.util.net.JIoEndpoint$Worker.run(JIoEndpoint.java:447)
	at java.lang.Thread.run(Thread.java:662)
2014-7-2 16:42:16 org.apache.catalina.core.StandardWrapperValve invoke
严重: Servlet.service() for servlet PSITMServlet threw exception
java.lang.NullPointerException
	at nc.monitor.servlet.Invoker.invoke(Invoker.java:21)
	at uap.ps.itm.pub.servlet.PSITMServlet.invoke(PSITMServlet.java:48)
	at uap.ps.itm.pub.servlet.PSITMServlet.doGet(PSITMServlet.java:31)
	at javax.servlet.http.HttpServlet.service(HttpServlet.java:747)
	at javax.servlet.http.HttpServlet.service(HttpServlet.java:860)
	at org.apache.catalina.core.ApplicationFilterChain.internalDoFilter(ApplicationFilterChain.java:290)
	at org.apache.catalina.core.ApplicationFilterChain.doFilter(ApplicationFilterChain.java:206)
	at org.apache.catalina.core.StandardWrapperValve.invoke(StandardWrapperValve.java:233)
	at org.apache.catalina.core.StandardContextValve.invoke(StandardContextValve.java:191)
	at org.apache.catalina.core.StandardHostValve.invoke(StandardHostValve.java:128)
	at org.apache.catalina.valves.ErrorReportValve.invoke(ErrorReportValve.java:102)
	at org.apache.catalina.core.StandardEngineValve.invoke(StandardEngineValve.java:109)
	at org.apache.catalina.connector.CoyoteAdapter.service(CoyoteAdapter.java:286)
	at org.apache.coyote.http11.Http11Processor.process(Http11Processor.java:845)
	at org.apache.coyote.http11.Http11Protocol$Http11ConnectionHandler.process(Http11Protocol.java:583)
	at org.apache.tomcat.util.net.JIoEndpoint$Worker.run(JIoEndpoint.java:447)
	at java.lang.Thread.run(Thread.java:662)
2014-7-2 16:43:49 org.apache.catalina.core.StandardWrapperValve invoke
严重: Servlet.service() for servlet PSITMServlet threw exception
java.lang.NullPointerException
	at nc.monitor.servlet.Invoker.invoke(Invoker.java:21)
	at uap.ps.itm.pub.servlet.PSITMServlet.invoke(PSITMServlet.java:48)
	at uap.ps.itm.pub.servlet.PSITMServlet.doGet(PSITMServlet.java:31)
	at javax.servlet.http.HttpServlet.service(HttpServlet.java:747)
	at javax.servlet.http.HttpServlet.service(HttpServlet.java:860)
	at org.apache.catalina.core.ApplicationFilterChain.internalDoFilter(ApplicationFilterChain.java:290)
	at org.apache.catalina.core.ApplicationFilterChain.doFilter(ApplicationFilterChain.java:206)
	at org.apache.catalina.core.StandardWrapperValve.invoke(StandardWrapperValve.java:233)
	at org.apache.catalina.core.StandardContextValve.invoke(StandardContextValve.java:191)
	at org.apache.catalina.core.StandardHostValve.invoke(StandardHostValve.java:128)
	at org.apache.catalina.valves.ErrorReportValve.invoke(ErrorReportValve.java:102)
	at org.apache.catalina.core.StandardEngineValve.invoke(StandardEngineValve.java:109)
	at org.apache.catalina.connector.CoyoteAdapter.service(CoyoteAdapter.java:286)
	at org.apache.coyote.http11.Http11Processor.process(Http11Processor.java:845)
	at org.apache.coyote.http11.Http11Protocol$Http11ConnectionHandler.process(Http11Protocol.java:583)
	at org.apache.tomcat.util.net.JIoEndpoint$Worker.run(JIoEndpoint.java:447)
	at java.lang.Thread.run(Thread.java:662)
2014-7-2 16:45:52 org.apache.catalina.core.StandardWrapperValve invoke
严重: Servlet.service() for servlet PSITMServlet threw exception
net.sf.json.JSONException: JSONObject["method"] not found.
	at net.sf.json.JSONObject.getString(JSONObject.java:2092)
	at uap.ps.itm.pub.servlet.PSITMServlet.getRequestInfo4Ajax(PSITMServlet.java:97)
	at uap.ps.itm.pub.servlet.PSITMServlet.invoke(PSITMServlet.java:43)
	at uap.ps.itm.pub.servlet.PSITMServlet.doGet(PSITMServlet.java:31)
	at javax.servlet.http.HttpServlet.service(HttpServlet.java:747)
	at javax.servlet.http.HttpServlet.service(HttpServlet.java:860)
	at org.apache.catalina.core.ApplicationFilterChain.internalDoFilter(ApplicationFilterChain.java:290)
	at org.apache.catalina.core.ApplicationFilterChain.doFilter(ApplicationFilterChain.java:206)
	at org.apache.catalina.core.StandardWrapperValve.invoke(StandardWrapperValve.java:233)
	at org.apache.catalina.core.StandardContextValve.invoke(StandardContextValve.java:191)
	at org.apache.catalina.core.StandardHostValve.invoke(StandardHostValve.java:128)
	at org.apache.catalina.valves.ErrorReportValve.invoke(ErrorReportValve.java:102)
	at org.apache.catalina.core.StandardEngineValve.invoke(StandardEngineValve.java:109)
	at org.apache.catalina.connector.CoyoteAdapter.service(CoyoteAdapter.java:286)
	at org.apache.coyote.http11.Http11Processor.process(Http11Processor.java:845)
	at org.apache.coyote.http11.Http11Protocol$Http11ConnectionHandler.process(Http11Protocol.java:583)
	at org.apache.tomcat.util.net.JIoEndpoint$Worker.run(JIoEndpoint.java:447)
	at java.lang.Thread.run(Thread.java:662)
