2014-6-27 14:35:49 org.apache.catalina.core.ApplicationContext log
信息: Marking servlet PSITMServlet as unavailable
2014-6-27 14:35:49 org.apache.catalina.core.ApplicationContext log
严重: Error loading WebappClassLoader
  delegate: false
  repositories:
----------> Parent Classloader:
org.apache.catalina.loader.StandardClassLoader@6513cf0
 nc.npr..pub.servlet.PSITMServlet
java.lang.ClassNotFoundException: nc.npr..pub.servlet.PSITMServlet
	at org.apache.catalina.loader.WebappClassLoader.loadClass(WebappClassLoader.java:1387)
	at org.apache.catalina.loader.WebappClassLoader.loadClass(WebappClassLoader.java:1233)
	at org.apache.catalina.core.StandardWrapper.loadServlet(StandardWrapper.java:1094)
	at org.apache.catalina.core.StandardWrapper.allocate(StandardWrapper.java:808)
	at org.apache.catalina.core.StandardWrapperValve.invoke(StandardWrapperValve.java:129)
	at org.apache.catalina.core.StandardContextValve.invoke(StandardContextValve.java:191)
	at org.apache.catalina.core.StandardHostValve.invoke(StandardHostValve.java:128)
	at org.apache.catalina.valves.ErrorReportValve.invoke(ErrorReportValve.java:102)
	at org.apache.catalina.core.StandardEngineValve.invoke(StandardEngineValve.java:109)
	at org.apache.catalina.connector.CoyoteAdapter.service(CoyoteAdapter.java:286)
	at org.apache.coyote.http11.Http11Processor.process(Http11Processor.java:845)
	at org.apache.coyote.http11.Http11Protocol$Http11ConnectionHandler.process(Http11Protocol.java:583)
	at org.apache.tomcat.util.net.JIoEndpoint$Worker.run(JIoEndpoint.java:447)
	at java.lang.Thread.run(Thread.java:662)
2014-6-27 14:35:49 org.apache.catalina.core.StandardWrapperValve invoke
严重: Allocate exception for servlet PSITMServlet
javax.servlet.ServletException: Wrapper cannot find servlet class nc.npr..pub.servlet.PSITMServlet or a class it depends on
	at org.apache.catalina.core.StandardWrapper.loadServlet(StandardWrapper.java:1102)
	at org.apache.catalina.core.StandardWrapper.allocate(StandardWrapper.java:808)
	at org.apache.catalina.core.StandardWrapperValve.invoke(StandardWrapperValve.java:129)
	at org.apache.catalina.core.StandardContextValve.invoke(StandardContextValve.java:191)
	at org.apache.catalina.core.StandardHostValve.invoke(StandardHostValve.java:128)
	at org.apache.catalina.valves.ErrorReportValve.invoke(ErrorReportValve.java:102)
	at org.apache.catalina.core.StandardEngineValve.invoke(StandardEngineValve.java:109)
	at org.apache.catalina.connector.CoyoteAdapter.service(CoyoteAdapter.java:286)
	at org.apache.coyote.http11.Http11Processor.process(Http11Processor.java:845)
	at org.apache.coyote.http11.Http11Protocol$Http11ConnectionHandler.process(Http11Protocol.java:583)
	at org.apache.tomcat.util.net.JIoEndpoint$Worker.run(JIoEndpoint.java:447)
	at java.lang.Thread.run(Thread.java:662)
2014-6-27 14:41:21 org.apache.catalina.core.StandardWrapperValve invoke
严重: Servlet.service() for servlet PSITMServlet threw exception
java.lang.NullPointerException
	at uap.ps.itm.monitor.service.center.ServerEnv.setServiceCenter(ServerEnv.java:119)
	at uap.ps.itm.monitor.service.center.ServerEnv.<init>(ServerEnv.java:77)
	at uap.ps.itm.monitor.service.center.ServerEnv.getInstance(ServerEnv.java:68)
	at uap.ps.itm.pub.servlet.PSITMServlet.invoke(PSITMServlet.java:75)
	at uap.ps.itm.pub.servlet.PSITMServlet.doGet(PSITMServlet.java:32)
	at javax.servlet.http.HttpServlet.service(HttpServlet.java:747)
	at javax.servlet.http.HttpServlet.service(HttpServlet.java:860)
	at org.apache.catalina.core.ApplicationFilterChain.internalDoFilter(ApplicationFilterChain.java:290)
	at org.apache.catalina.core.ApplicationFilterChain.doFilter(ApplicationFilterChain.java:206)
	at org.apache.catalina.core.StandardWrapperValve.invoke(StandardWrapperValve.java:233)
	at org.apache.catalina.core.StandardContextValve.invoke(StandardContextValve.java:191)
	at org.apache.catalina.core.StandardHostValve.invoke(StandardHostValve.java:128)
	at org.apache.catalina.valves.ErrorReportValve.invoke(ErrorReportValve.java:102)
	at org.apache.catalina.core.StandardEngineValve.invoke(StandardEngineValve.java:109)
	at org.apache.catalina.connector.CoyoteAdapter.service(CoyoteAdapter.java:286)
	at org.apache.coyote.http11.Http11Processor.process(Http11Processor.java:845)
	at org.apache.coyote.http11.Http11Protocol$Http11ConnectionHandler.process(Http11Protocol.java:583)
	at org.apache.tomcat.util.net.JIoEndpoint$Worker.run(JIoEndpoint.java:447)
	at java.lang.Thread.run(Thread.java:662)
2014-6-27 15:16:39 org.apache.catalina.core.StandardWrapperValve invoke
严重: Servlet.service() for servlet PSITMServlet threw exception
java.lang.NullPointerException
	at uap.ps.itm.monitor.service.center.ServerEnv.setServiceCenter(ServerEnv.java:119)
	at uap.ps.itm.monitor.service.center.ServerEnv.<init>(ServerEnv.java:77)
	at uap.ps.itm.monitor.service.center.ServerEnv.getInstance(ServerEnv.java:68)
	at uap.ps.itm.pub.servlet.PSITMServlet.invoke(PSITMServlet.java:75)
	at uap.ps.itm.pub.servlet.PSITMServlet.doGet(PSITMServlet.java:32)
	at javax.servlet.http.HttpServlet.service(HttpServlet.java:747)
	at javax.servlet.http.HttpServlet.service(HttpServlet.java:860)
	at org.apache.catalina.core.ApplicationFilterChain.internalDoFilter(ApplicationFilterChain.java:290)
	at org.apache.catalina.core.ApplicationFilterChain.doFilter(ApplicationFilterChain.java:206)
	at org.apache.catalina.core.StandardWrapperValve.invoke(StandardWrapperValve.java:233)
	at org.apache.catalina.core.StandardContextValve.invoke(StandardContextValve.java:191)
	at org.apache.catalina.core.StandardHostValve.invoke(StandardHostValve.java:128)
	at org.apache.catalina.valves.ErrorReportValve.invoke(ErrorReportValve.java:102)
	at org.apache.catalina.core.StandardEngineValve.invoke(StandardEngineValve.java:109)
	at org.apache.catalina.connector.CoyoteAdapter.service(CoyoteAdapter.java:286)
	at org.apache.coyote.http11.Http11Processor.process(Http11Processor.java:845)
	at org.apache.coyote.http11.Http11Protocol$Http11ConnectionHandler.process(Http11Protocol.java:583)
	at org.apache.tomcat.util.net.JIoEndpoint$Worker.run(JIoEndpoint.java:447)
	at java.lang.Thread.run(Thread.java:662)
2014-6-27 15:19:04 org.apache.catalina.core.StandardWrapperValve invoke
严重: Servlet.service() for servlet PSITMServlet threw exception
java.lang.NullPointerException
	at uap.ps.itm.monitor.service.center.ServerEnv.setServiceCenter(ServerEnv.java:119)
	at uap.ps.itm.monitor.service.center.ServerEnv.<init>(ServerEnv.java:77)
	at uap.ps.itm.monitor.service.center.ServerEnv.getInstance(ServerEnv.java:68)
	at uap.ps.itm.pub.servlet.PSITMServlet.invoke(PSITMServlet.java:75)
	at uap.ps.itm.pub.servlet.PSITMServlet.doGet(PSITMServlet.java:32)
	at javax.servlet.http.HttpServlet.service(HttpServlet.java:747)
	at javax.servlet.http.HttpServlet.service(HttpServlet.java:860)
	at org.apache.catalina.core.ApplicationFilterChain.internalDoFilter(ApplicationFilterChain.java:290)
	at org.apache.catalina.core.ApplicationFilterChain.doFilter(ApplicationFilterChain.java:206)
	at org.apache.catalina.core.StandardWrapperValve.invoke(StandardWrapperValve.java:233)
	at org.apache.catalina.core.StandardContextValve.invoke(StandardContextValve.java:191)
	at org.apache.catalina.core.StandardHostValve.invoke(StandardHostValve.java:128)
	at org.apache.catalina.valves.ErrorReportValve.invoke(ErrorReportValve.java:102)
	at org.apache.catalina.core.StandardEngineValve.invoke(StandardEngineValve.java:109)
	at org.apache.catalina.connector.CoyoteAdapter.service(CoyoteAdapter.java:286)
	at org.apache.coyote.http11.Http11Processor.process(Http11Processor.java:845)
	at org.apache.coyote.http11.Http11Protocol$Http11ConnectionHandler.process(Http11Protocol.java:583)
	at org.apache.tomcat.util.net.JIoEndpoint$Worker.run(JIoEndpoint.java:447)
	at java.lang.Thread.run(Thread.java:662)
2014-6-27 15:25:12 org.apache.catalina.core.StandardWrapperValve invoke
严重: Servlet.service() for servlet PSITMServlet threw exception
java.lang.NullPointerException
	at uap.ps.itm.monitor.service.center.ServerEnv.setServiceCenter(ServerEnv.java:119)
	at uap.ps.itm.monitor.service.center.ServerEnv.<init>(ServerEnv.java:77)
	at uap.ps.itm.monitor.service.center.ServerEnv.getInstance(ServerEnv.java:68)
	at uap.ps.itm.pub.servlet.PSITMServlet.invoke(PSITMServlet.java:75)
	at uap.ps.itm.pub.servlet.PSITMServlet.doGet(PSITMServlet.java:32)
	at javax.servlet.http.HttpServlet.service(HttpServlet.java:747)
	at javax.servlet.http.HttpServlet.service(HttpServlet.java:860)
	at org.apache.catalina.core.ApplicationFilterChain.internalDoFilter(ApplicationFilterChain.java:290)
	at org.apache.catalina.core.ApplicationFilterChain.doFilter(ApplicationFilterChain.java:206)
	at org.apache.catalina.core.StandardWrapperValve.invoke(StandardWrapperValve.java:233)
	at org.apache.catalina.core.StandardContextValve.invoke(StandardContextValve.java:191)
	at org.apache.catalina.core.StandardHostValve.invoke(StandardHostValve.java:128)
	at org.apache.catalina.valves.ErrorReportValve.invoke(ErrorReportValve.java:102)
	at org.apache.catalina.core.StandardEngineValve.invoke(StandardEngineValve.java:109)
	at org.apache.catalina.connector.CoyoteAdapter.service(CoyoteAdapter.java:286)
	at org.apache.coyote.http11.Http11Processor.process(Http11Processor.java:845)
	at org.apache.coyote.http11.Http11Protocol$Http11ConnectionHandler.process(Http11Protocol.java:583)
	at org.apache.tomcat.util.net.JIoEndpoint$Worker.run(JIoEndpoint.java:447)
	at java.lang.Thread.run(Thread.java:662)
2014-6-27 15:43:07 org.apache.catalina.core.StandardWrapperValve invoke
严重: Servlet.service() for servlet PSITMServlet threw exception
java.lang.NullPointerException
	at uap.ps.itm.monitor.service.center.ServerEnv.setServiceCenter(ServerEnv.java:119)
	at uap.ps.itm.monitor.service.center.ServerEnv.<init>(ServerEnv.java:77)
	at uap.ps.itm.monitor.service.center.ServerEnv.getInstance(ServerEnv.java:68)
	at uap.ps.itm.pub.servlet.PSITMServlet.invoke(PSITMServlet.java:75)
	at uap.ps.itm.pub.servlet.PSITMServlet.doGet(PSITMServlet.java:32)
	at javax.servlet.http.HttpServlet.service(HttpServlet.java:747)
	at javax.servlet.http.HttpServlet.service(HttpServlet.java:860)
	at org.apache.catalina.core.ApplicationFilterChain.internalDoFilter(ApplicationFilterChain.java:290)
	at org.apache.catalina.core.ApplicationFilterChain.doFilter(ApplicationFilterChain.java:206)
	at org.apache.catalina.core.StandardWrapperValve.invoke(StandardWrapperValve.java:233)
	at org.apache.catalina.core.StandardContextValve.invoke(StandardContextValve.java:191)
	at org.apache.catalina.core.StandardHostValve.invoke(StandardHostValve.java:128)
	at org.apache.catalina.valves.ErrorReportValve.invoke(ErrorReportValve.java:102)
	at org.apache.catalina.core.StandardEngineValve.invoke(StandardEngineValve.java:109)
	at org.apache.catalina.connector.CoyoteAdapter.service(CoyoteAdapter.java:286)
	at org.apache.coyote.http11.Http11Processor.process(Http11Processor.java:845)
	at org.apache.coyote.http11.Http11Protocol$Http11ConnectionHandler.process(Http11Protocol.java:583)
	at org.apache.tomcat.util.net.JIoEndpoint$Worker.run(JIoEndpoint.java:447)
	at java.lang.Thread.run(Thread.java:662)
2014-6-27 15:51:16 org.apache.catalina.core.StandardWrapperValve invoke
严重: Servlet.service() for servlet PSITMServlet threw exception
java.lang.NullPointerException
	at uap.ps.itm.monitor.service.center.ServerEnv.setServiceCenter(ServerEnv.java:119)
	at uap.ps.itm.monitor.service.center.ServerEnv.<init>(ServerEnv.java:77)
	at uap.ps.itm.monitor.service.center.ServerEnv.getInstance(ServerEnv.java:68)
	at uap.ps.itm.pub.servlet.PSITMServlet.invoke(PSITMServlet.java:75)
	at uap.ps.itm.pub.servlet.PSITMServlet.doGet(PSITMServlet.java:32)
	at javax.servlet.http.HttpServlet.service(HttpServlet.java:747)
	at javax.servlet.http.HttpServlet.service(HttpServlet.java:860)
	at org.apache.catalina.core.ApplicationFilterChain.internalDoFilter(ApplicationFilterChain.java:290)
	at org.apache.catalina.core.ApplicationFilterChain.doFilter(ApplicationFilterChain.java:206)
	at org.apache.catalina.core.StandardWrapperValve.invoke(StandardWrapperValve.java:233)
	at org.apache.catalina.core.StandardContextValve.invoke(StandardContextValve.java:191)
	at org.apache.catalina.core.StandardHostValve.invoke(StandardHostValve.java:128)
	at org.apache.catalina.valves.ErrorReportValve.invoke(ErrorReportValve.java:102)
	at org.apache.catalina.core.StandardEngineValve.invoke(StandardEngineValve.java:109)
	at org.apache.catalina.connector.CoyoteAdapter.service(CoyoteAdapter.java:286)
	at org.apache.coyote.http11.Http11Processor.process(Http11Processor.java:845)
	at org.apache.coyote.http11.Http11Protocol$Http11ConnectionHandler.process(Http11Protocol.java:583)
	at org.apache.tomcat.util.net.JIoEndpoint$Worker.run(JIoEndpoint.java:447)
	at java.lang.Thread.run(Thread.java:662)
2014-6-27 15:52:57 org.apache.catalina.core.StandardWrapperValve invoke
严重: Servlet.service() for servlet PSITMServlet threw exception
java.lang.NullPointerException
	at uap.ps.itm.monitor.service.center.ServerEnv.setServiceCenter(ServerEnv.java:119)
	at uap.ps.itm.monitor.service.center.ServerEnv.<init>(ServerEnv.java:77)
	at uap.ps.itm.monitor.service.center.ServerEnv.getInstance(ServerEnv.java:68)
	at uap.ps.itm.pub.servlet.PSITMServlet.invoke(PSITMServlet.java:75)
	at uap.ps.itm.pub.servlet.PSITMServlet.doGet(PSITMServlet.java:32)
	at javax.servlet.http.HttpServlet.service(HttpServlet.java:747)
	at javax.servlet.http.HttpServlet.service(HttpServlet.java:860)
	at org.apache.catalina.core.ApplicationFilterChain.internalDoFilter(ApplicationFilterChain.java:290)
	at org.apache.catalina.core.ApplicationFilterChain.doFilter(ApplicationFilterChain.java:206)
	at org.apache.catalina.core.StandardWrapperValve.invoke(StandardWrapperValve.java:233)
	at org.apache.catalina.core.StandardContextValve.invoke(StandardContextValve.java:191)
	at org.apache.catalina.core.StandardHostValve.invoke(StandardHostValve.java:128)
	at org.apache.catalina.valves.ErrorReportValve.invoke(ErrorReportValve.java:102)
	at org.apache.catalina.core.StandardEngineValve.invoke(StandardEngineValve.java:109)
	at org.apache.catalina.connector.CoyoteAdapter.service(CoyoteAdapter.java:286)
	at org.apache.coyote.http11.Http11Processor.process(Http11Processor.java:845)
	at org.apache.coyote.http11.Http11Protocol$Http11ConnectionHandler.process(Http11Protocol.java:583)
	at org.apache.tomcat.util.net.JIoEndpoint$Worker.run(JIoEndpoint.java:447)
	at java.lang.Thread.run(Thread.java:662)
2014-6-27 16:09:36 org.apache.catalina.core.StandardContext listenerStart
严重: Exception sending context initialized event to listener instance of class uap.ps.itm.monitor.service.center.WebStartupHook
java.lang.NullPointerException
	at uap.ps.itm.monitor.service.center.WebStartupHook.registerToServiceCenter(WebStartupHook.java:121)
	at uap.ps.itm.monitor.service.center.WebStartupHook.loadService(WebStartupHook.java:104)
	at uap.ps.itm.monitor.service.center.WebStartupHook.contextInitialized(WebStartupHook.java:65)
	at org.apache.catalina.core.StandardContext.listenerStart(StandardContext.java:3843)
	at org.apache.catalina.core.StandardContext.start(StandardContext.java:4342)
	at org.apache.catalina.startup.HostConfig.checkResources(HostConfig.java:1116)
	at org.apache.catalina.startup.HostConfig.check(HostConfig.java:1214)
	at org.apache.catalina.startup.HostConfig.lifecycleEvent(HostConfig.java:293)
	at org.apache.catalina.util.LifecycleSupport.fireLifecycleEvent(LifecycleSupport.java:117)
	at org.apache.catalina.core.ContainerBase.backgroundProcess(ContainerBase.java:1337)
	at org.apache.catalina.core.ContainerBase$ContainerBackgroundProcessor.processChildren(ContainerBase.java:1601)
	at org.apache.catalina.core.ContainerBase$ContainerBackgroundProcessor.processChildren(ContainerBase.java:1610)
	at org.apache.catalina.core.ContainerBase$ContainerBackgroundProcessor.run(ContainerBase.java:1590)
	at java.lang.Thread.run(Thread.java:662)
2014-6-27 16:09:36 org.apache.catalina.core.StandardContext listenerStop
严重: Exception sending context destroyed event to listener instance of class uap.ps.itm.monitor.service.center.WebStartupHook
java.lang.NullPointerException
	at uap.ps.itm.monitor.service.center.WebStartupHook.unRegistService(WebStartupHook.java:146)
	at uap.ps.itm.monitor.service.center.WebStartupHook.contextDestroyed(WebStartupHook.java:29)
	at org.apache.catalina.core.StandardContext.listenerStop(StandardContext.java:3882)
	at org.apache.catalina.core.StandardContext.stop(StandardContext.java:4523)
	at org.apache.catalina.core.StandardContext.start(StandardContext.java:4387)
	at org.apache.catalina.startup.HostConfig.checkResources(HostConfig.java:1116)
	at org.apache.catalina.startup.HostConfig.check(HostConfig.java:1214)
	at org.apache.catalina.startup.HostConfig.lifecycleEvent(HostConfig.java:293)
	at org.apache.catalina.util.LifecycleSupport.fireLifecycleEvent(LifecycleSupport.java:117)
	at org.apache.catalina.core.ContainerBase.backgroundProcess(ContainerBase.java:1337)
	at org.apache.catalina.core.ContainerBase$ContainerBackgroundProcessor.processChildren(ContainerBase.java:1601)
	at org.apache.catalina.core.ContainerBase$ContainerBackgroundProcessor.processChildren(ContainerBase.java:1610)
	at org.apache.catalina.core.ContainerBase$ContainerBackgroundProcessor.run(ContainerBase.java:1590)
	at java.lang.Thread.run(Thread.java:662)
2014-6-27 16:56:26 org.apache.catalina.core.StandardContext listenerStart
严重: Exception sending context initialized event to listener instance of class uap.ps.itm.monitor.service.center.WebStartupHook
java.lang.NullPointerException
	at uap.ps.itm.monitor.service.center.WebStartupHook.registerToServiceCenter(WebStartupHook.java:121)
	at uap.ps.itm.monitor.service.center.WebStartupHook.loadService(WebStartupHook.java:104)
	at uap.ps.itm.monitor.service.center.WebStartupHook.contextInitialized(WebStartupHook.java:65)
	at org.apache.catalina.core.StandardContext.listenerStart(StandardContext.java:3843)
	at org.apache.catalina.core.StandardContext.start(StandardContext.java:4342)
	at org.apache.catalina.core.ContainerBase.addChildInternal(ContainerBase.java:791)
	at org.apache.catalina.core.ContainerBase.addChild(ContainerBase.java:771)
	at org.apache.catalina.core.StandardHost.addChild(StandardHost.java:525)
	at org.apache.catalina.startup.HostConfig.deployDirectory(HostConfig.java:926)
	at org.apache.catalina.startup.HostConfig.deployDirectories(HostConfig.java:889)
	at org.apache.catalina.startup.HostConfig.deployApps(HostConfig.java:492)
	at org.apache.catalina.startup.HostConfig.start(HostConfig.java:1149)
	at org.apache.catalina.startup.HostConfig.lifecycleEvent(HostConfig.java:311)
	at org.apache.catalina.util.LifecycleSupport.fireLifecycleEvent(LifecycleSupport.java:117)
	at org.apache.catalina.core.ContainerBase.start(ContainerBase.java:1053)
	at org.apache.catalina.core.StandardHost.start(StandardHost.java:719)
	at org.apache.catalina.core.ContainerBase.start(ContainerBase.java:1045)
	at org.apache.catalina.core.StandardEngine.start(StandardEngine.java:443)
	at org.apache.catalina.core.StandardService.start(StandardService.java:516)
	at org.apache.catalina.core.StandardServer.start(StandardServer.java:710)
	at org.apache.catalina.startup.Catalina.start(Catalina.java:578)
	at sun.reflect.NativeMethodAccessorImpl.invoke0(Native Method)
	at sun.reflect.NativeMethodAccessorImpl.invoke(NativeMethodAccessorImpl.java:39)
	at sun.reflect.DelegatingMethodAccessorImpl.invoke(DelegatingMethodAccessorImpl.java:25)
	at java.lang.reflect.Method.invoke(Method.java:597)
	at org.apache.catalina.startup.Bootstrap.start(Bootstrap.java:288)
	at org.apache.catalina.startup.Bootstrap.main(Bootstrap.java:413)
2014-6-27 16:56:26 org.apache.catalina.core.StandardContext listenerStop
严重: Exception sending context destroyed event to listener instance of class uap.ps.itm.monitor.service.center.WebStartupHook
java.lang.NullPointerException
	at uap.ps.itm.monitor.service.center.WebStartupHook.unRegistService(WebStartupHook.java:146)
	at uap.ps.itm.monitor.service.center.WebStartupHook.contextDestroyed(WebStartupHook.java:29)
	at org.apache.catalina.core.StandardContext.listenerStop(StandardContext.java:3882)
	at org.apache.catalina.core.StandardContext.stop(StandardContext.java:4523)
	at org.apache.catalina.core.StandardContext.start(StandardContext.java:4387)
	at org.apache.catalina.core.ContainerBase.addChildInternal(ContainerBase.java:791)
	at org.apache.catalina.core.ContainerBase.addChild(ContainerBase.java:771)
	at org.apache.catalina.core.StandardHost.addChild(StandardHost.java:525)
	at org.apache.catalina.startup.HostConfig.deployDirectory(HostConfig.java:926)
	at org.apache.catalina.startup.HostConfig.deployDirectories(HostConfig.java:889)
	at org.apache.catalina.startup.HostConfig.deployApps(HostConfig.java:492)
	at org.apache.catalina.startup.HostConfig.start(HostConfig.java:1149)
	at org.apache.catalina.startup.HostConfig.lifecycleEvent(HostConfig.java:311)
	at org.apache.catalina.util.LifecycleSupport.fireLifecycleEvent(LifecycleSupport.java:117)
	at org.apache.catalina.core.ContainerBase.start(ContainerBase.java:1053)
	at org.apache.catalina.core.StandardHost.start(StandardHost.java:719)
	at org.apache.catalina.core.ContainerBase.start(ContainerBase.java:1045)
	at org.apache.catalina.core.StandardEngine.start(StandardEngine.java:443)
	at org.apache.catalina.core.StandardService.start(StandardService.java:516)
	at org.apache.catalina.core.StandardServer.start(StandardServer.java:710)
	at org.apache.catalina.startup.Catalina.start(Catalina.java:578)
	at sun.reflect.NativeMethodAccessorImpl.invoke0(Native Method)
	at sun.reflect.NativeMethodAccessorImpl.invoke(NativeMethodAccessorImpl.java:39)
	at sun.reflect.DelegatingMethodAccessorImpl.invoke(DelegatingMethodAccessorImpl.java:25)
	at java.lang.reflect.Method.invoke(Method.java:597)
	at org.apache.catalina.startup.Bootstrap.start(Bootstrap.java:288)
	at org.apache.catalina.startup.Bootstrap.main(Bootstrap.java:413)
2014-6-27 16:58:53 org.apache.catalina.core.StandardContext listenerStart
严重: Exception sending context initialized event to listener instance of class uap.ps.itm.monitor.service.center.WebStartupHook
java.lang.NullPointerException
	at uap.ps.itm.monitor.service.center.WebStartupHook.registerToServiceCenter(WebStartupHook.java:121)
	at uap.ps.itm.monitor.service.center.WebStartupHook.loadService(WebStartupHook.java:104)
	at uap.ps.itm.monitor.service.center.WebStartupHook.contextInitialized(WebStartupHook.java:65)
	at org.apache.catalina.core.StandardContext.listenerStart(StandardContext.java:3843)
	at org.apache.catalina.core.StandardContext.start(StandardContext.java:4342)
	at org.apache.catalina.core.ContainerBase.addChildInternal(ContainerBase.java:791)
	at org.apache.catalina.core.ContainerBase.addChild(ContainerBase.java:771)
	at org.apache.catalina.core.StandardHost.addChild(StandardHost.java:525)
	at org.apache.catalina.startup.HostConfig.deployDirectory(HostConfig.java:926)
	at org.apache.catalina.startup.HostConfig.deployDirectories(HostConfig.java:889)
	at org.apache.catalina.startup.HostConfig.deployApps(HostConfig.java:492)
	at org.apache.catalina.startup.HostConfig.start(HostConfig.java:1149)
	at org.apache.catalina.startup.HostConfig.lifecycleEvent(HostConfig.java:311)
	at org.apache.catalina.util.LifecycleSupport.fireLifecycleEvent(LifecycleSupport.java:117)
	at org.apache.catalina.core.ContainerBase.start(ContainerBase.java:1053)
	at org.apache.catalina.core.StandardHost.start(StandardHost.java:719)
	at org.apache.catalina.core.ContainerBase.start(ContainerBase.java:1045)
	at org.apache.catalina.core.StandardEngine.start(StandardEngine.java:443)
	at org.apache.catalina.core.StandardService.start(StandardService.java:516)
	at org.apache.catalina.core.StandardServer.start(StandardServer.java:710)
	at org.apache.catalina.startup.Catalina.start(Catalina.java:578)
	at sun.reflect.NativeMethodAccessorImpl.invoke0(Native Method)
	at sun.reflect.NativeMethodAccessorImpl.invoke(NativeMethodAccessorImpl.java:39)
	at sun.reflect.DelegatingMethodAccessorImpl.invoke(DelegatingMethodAccessorImpl.java:25)
	at java.lang.reflect.Method.invoke(Method.java:597)
	at org.apache.catalina.startup.Bootstrap.start(Bootstrap.java:288)
	at org.apache.catalina.startup.Bootstrap.main(Bootstrap.java:413)
2014-6-27 16:58:53 org.apache.catalina.core.StandardContext listenerStop
严重: Exception sending context destroyed event to listener instance of class uap.ps.itm.monitor.service.center.WebStartupHook
java.lang.NullPointerException
	at uap.ps.itm.monitor.service.center.WebStartupHook.unRegistService(WebStartupHook.java:146)
	at uap.ps.itm.monitor.service.center.WebStartupHook.contextDestroyed(WebStartupHook.java:29)
	at org.apache.catalina.core.StandardContext.listenerStop(StandardContext.java:3882)
	at org.apache.catalina.core.StandardContext.stop(StandardContext.java:4523)
	at org.apache.catalina.core.StandardContext.start(StandardContext.java:4387)
	at org.apache.catalina.core.ContainerBase.addChildInternal(ContainerBase.java:791)
	at org.apache.catalina.core.ContainerBase.addChild(ContainerBase.java:771)
	at org.apache.catalina.core.StandardHost.addChild(StandardHost.java:525)
	at org.apache.catalina.startup.HostConfig.deployDirectory(HostConfig.java:926)
	at org.apache.catalina.startup.HostConfig.deployDirectories(HostConfig.java:889)
	at org.apache.catalina.startup.HostConfig.deployApps(HostConfig.java:492)
	at org.apache.catalina.startup.HostConfig.start(HostConfig.java:1149)
	at org.apache.catalina.startup.HostConfig.lifecycleEvent(HostConfig.java:311)
	at org.apache.catalina.util.LifecycleSupport.fireLifecycleEvent(LifecycleSupport.java:117)
	at org.apache.catalina.core.ContainerBase.start(ContainerBase.java:1053)
	at org.apache.catalina.core.StandardHost.start(StandardHost.java:719)
	at org.apache.catalina.core.ContainerBase.start(ContainerBase.java:1045)
	at org.apache.catalina.core.StandardEngine.start(StandardEngine.java:443)
	at org.apache.catalina.core.StandardService.start(StandardService.java:516)
	at org.apache.catalina.core.StandardServer.start(StandardServer.java:710)
	at org.apache.catalina.startup.Catalina.start(Catalina.java:578)
	at sun.reflect.NativeMethodAccessorImpl.invoke0(Native Method)
	at sun.reflect.NativeMethodAccessorImpl.invoke(NativeMethodAccessorImpl.java:39)
	at sun.reflect.DelegatingMethodAccessorImpl.invoke(DelegatingMethodAccessorImpl.java:25)
	at java.lang.reflect.Method.invoke(Method.java:597)
	at org.apache.catalina.startup.Bootstrap.start(Bootstrap.java:288)
	at org.apache.catalina.startup.Bootstrap.main(Bootstrap.java:413)
