2014-7-1 13:44:48 org.apache.catalina.core.StandardWrapperValve invoke
严重: Servlet.service() for servlet PSITMServlet threw exception
java.lang.NullPointerException
	at nc.monitor.servlet.Invoker.invoke(Invoker.java:21)
	at uap.ps.itm.pub.servlet.PSITMServlet.invoke(PSITMServlet.java:47)
	at uap.ps.itm.pub.servlet.PSITMServlet.doGet(PSITMServlet.java:30)
	at javax.servlet.http.HttpServlet.service(HttpServlet.java:747)
	at javax.servlet.http.HttpServlet.service(HttpServlet.java:860)
	at org.apache.catalina.core.ApplicationFilterChain.internalDoFilter(ApplicationFilterChain.java:290)
	at org.apache.catalina.core.ApplicationFilterChain.doFilter(ApplicationFilterChain.java:206)
	at org.apache.catalina.core.StandardWrapperValve.invoke(StandardWrapperValve.java:233)
	at org.apache.catalina.core.StandardContextValve.invoke(StandardContextValve.java:191)
	at org.apache.catalina.core.StandardHostValve.invoke(StandardHostValve.java:128)
	at org.apache.catalina.valves.ErrorReportValve.invoke(ErrorReportValve.java:102)
	at org.apache.catalina.core.StandardEngineValve.invoke(StandardEngineValve.java:109)
	at org.apache.catalina.connector.CoyoteAdapter.service(CoyoteAdapter.java:286)
	at org.apache.coyote.http11.Http11Processor.process(Http11Processor.java:845)
	at org.apache.coyote.http11.Http11Protocol$Http11ConnectionHandler.process(Http11Protocol.java:583)
	at org.apache.tomcat.util.net.JIoEndpoint$Worker.run(JIoEndpoint.java:447)
	at java.lang.Thread.run(Thread.java:662)
2014-7-1 13:46:04 org.apache.catalina.core.StandardWrapperValve invoke
严重: Servlet.service() for servlet PSITMServlet threw exception
java.lang.NullPointerException
	at nc.monitor.servlet.Invoker.invoke(Invoker.java:21)
	at uap.ps.itm.pub.servlet.PSITMServlet.invoke(PSITMServlet.java:47)
	at uap.ps.itm.pub.servlet.PSITMServlet.doGet(PSITMServlet.java:30)
	at javax.servlet.http.HttpServlet.service(HttpServlet.java:747)
	at javax.servlet.http.HttpServlet.service(HttpServlet.java:860)
	at org.apache.catalina.core.ApplicationFilterChain.internalDoFilter(ApplicationFilterChain.java:290)
	at org.apache.catalina.core.ApplicationFilterChain.doFilter(ApplicationFilterChain.java:206)
	at org.apache.catalina.core.StandardWrapperValve.invoke(StandardWrapperValve.java:233)
	at org.apache.catalina.core.StandardContextValve.invoke(StandardContextValve.java:191)
	at org.apache.catalina.core.StandardHostValve.invoke(StandardHostValve.java:128)
	at org.apache.catalina.valves.ErrorReportValve.invoke(ErrorReportValve.java:102)
	at org.apache.catalina.core.StandardEngineValve.invoke(StandardEngineValve.java:109)
	at org.apache.catalina.connector.CoyoteAdapter.service(CoyoteAdapter.java:286)
	at org.apache.coyote.http11.Http11Processor.process(Http11Processor.java:845)
	at org.apache.coyote.http11.Http11Protocol$Http11ConnectionHandler.process(Http11Protocol.java:583)
	at org.apache.tomcat.util.net.JIoEndpoint$Worker.run(JIoEndpoint.java:447)
	at java.lang.Thread.run(Thread.java:662)
2014-7-1 13:47:44 org.apache.catalina.core.StandardWrapperValve invoke
严重: Servlet.service() for servlet PSITMServlet threw exception
java.lang.NullPointerException
	at nc.monitor.servlet.Invoker.invoke(Invoker.java:21)
	at uap.ps.itm.pub.servlet.PSITMServlet.invoke(PSITMServlet.java:47)
	at uap.ps.itm.pub.servlet.PSITMServlet.doGet(PSITMServlet.java:30)
	at javax.servlet.http.HttpServlet.service(HttpServlet.java:747)
	at javax.servlet.http.HttpServlet.service(HttpServlet.java:860)
	at org.apache.catalina.core.ApplicationFilterChain.internalDoFilter(ApplicationFilterChain.java:290)
	at org.apache.catalina.core.ApplicationFilterChain.doFilter(ApplicationFilterChain.java:206)
	at org.apache.catalina.core.StandardWrapperValve.invoke(StandardWrapperValve.java:233)
	at org.apache.catalina.core.StandardContextValve.invoke(StandardContextValve.java:191)
	at org.apache.catalina.core.StandardHostValve.invoke(StandardHostValve.java:128)
	at org.apache.catalina.valves.ErrorReportValve.invoke(ErrorReportValve.java:102)
	at org.apache.catalina.core.StandardEngineValve.invoke(StandardEngineValve.java:109)
	at org.apache.catalina.connector.CoyoteAdapter.service(CoyoteAdapter.java:286)
	at org.apache.coyote.http11.Http11Processor.process(Http11Processor.java:845)
	at org.apache.coyote.http11.Http11Protocol$Http11ConnectionHandler.process(Http11Protocol.java:583)
	at org.apache.tomcat.util.net.JIoEndpoint$Worker.run(JIoEndpoint.java:447)
	at java.lang.Thread.run(Thread.java:662)
2014-7-1 14:02:36 org.apache.catalina.core.StandardWrapperValve invoke
严重: Servlet.service() for servlet PSITMServlet threw exception
java.lang.NullPointerException
	at nc.monitor.servlet.Invoker.invoke(Invoker.java:21)
	at uap.ps.itm.pub.servlet.PSITMServlet.invoke(PSITMServlet.java:47)
	at uap.ps.itm.pub.servlet.PSITMServlet.doGet(PSITMServlet.java:30)
	at javax.servlet.http.HttpServlet.service(HttpServlet.java:747)
	at javax.servlet.http.HttpServlet.service(HttpServlet.java:860)
	at org.apache.catalina.core.ApplicationFilterChain.internalDoFilter(ApplicationFilterChain.java:290)
	at org.apache.catalina.core.ApplicationFilterChain.doFilter(ApplicationFilterChain.java:206)
	at org.apache.catalina.core.StandardWrapperValve.invoke(StandardWrapperValve.java:233)
	at org.apache.catalina.core.StandardContextValve.invoke(StandardContextValve.java:191)
	at org.apache.catalina.core.StandardHostValve.invoke(StandardHostValve.java:128)
	at org.apache.catalina.valves.ErrorReportValve.invoke(ErrorReportValve.java:102)
	at org.apache.catalina.core.StandardEngineValve.invoke(StandardEngineValve.java:109)
	at org.apache.catalina.connector.CoyoteAdapter.service(CoyoteAdapter.java:286)
	at org.apache.coyote.http11.Http11Processor.process(Http11Processor.java:845)
	at org.apache.coyote.http11.Http11Protocol$Http11ConnectionHandler.process(Http11Protocol.java:583)
	at org.apache.tomcat.util.net.JIoEndpoint$Worker.run(JIoEndpoint.java:447)
	at java.lang.Thread.run(Thread.java:662)
2014-7-1 14:05:49 org.apache.catalina.core.StandardWrapperValve invoke
严重: Servlet.service() for servlet PSITMServlet threw exception
java.lang.NullPointerException
	at uap.ps.itm.pub.servlet.PSITMServlet.invoke(PSITMServlet.java:66)
	at uap.ps.itm.pub.servlet.PSITMServlet.doGet(PSITMServlet.java:31)
	at javax.servlet.http.HttpServlet.service(HttpServlet.java:747)
	at javax.servlet.http.HttpServlet.service(HttpServlet.java:860)
	at org.apache.catalina.core.ApplicationFilterChain.internalDoFilter(ApplicationFilterChain.java:290)
	at org.apache.catalina.core.ApplicationFilterChain.doFilter(ApplicationFilterChain.java:206)
	at org.apache.catalina.core.StandardWrapperValve.invoke(StandardWrapperValve.java:233)
	at org.apache.catalina.core.StandardContextValve.invoke(StandardContextValve.java:191)
	at org.apache.catalina.core.StandardHostValve.invoke(StandardHostValve.java:128)
	at org.apache.catalina.valves.ErrorReportValve.invoke(ErrorReportValve.java:102)
	at org.apache.catalina.core.StandardEngineValve.invoke(StandardEngineValve.java:109)
	at org.apache.catalina.connector.CoyoteAdapter.service(CoyoteAdapter.java:286)
	at org.apache.coyote.http11.Http11Processor.process(Http11Processor.java:845)
	at org.apache.coyote.http11.Http11Protocol$Http11ConnectionHandler.process(Http11Protocol.java:583)
	at org.apache.tomcat.util.net.JIoEndpoint$Worker.run(JIoEndpoint.java:447)
	at java.lang.Thread.run(Thread.java:662)
2014-7-1 14:06:42 org.apache.catalina.core.StandardWrapperValve invoke
严重: Servlet.service() for servlet PSITMServlet threw exception
java.lang.NullPointerException
	at uap.ps.itm.pub.servlet.PSITMServlet.invoke(PSITMServlet.java:66)
	at uap.ps.itm.pub.servlet.PSITMServlet.doGet(PSITMServlet.java:31)
	at javax.servlet.http.HttpServlet.service(HttpServlet.java:747)
	at javax.servlet.http.HttpServlet.service(HttpServlet.java:860)
	at org.apache.catalina.core.ApplicationFilterChain.internalDoFilter(ApplicationFilterChain.java:290)
	at org.apache.catalina.core.ApplicationFilterChain.doFilter(ApplicationFilterChain.java:206)
	at org.apache.catalina.core.StandardWrapperValve.invoke(StandardWrapperValve.java:233)
	at org.apache.catalina.core.StandardContextValve.invoke(StandardContextValve.java:191)
	at org.apache.catalina.core.StandardHostValve.invoke(StandardHostValve.java:128)
	at org.apache.catalina.valves.ErrorReportValve.invoke(ErrorReportValve.java:102)
	at org.apache.catalina.core.StandardEngineValve.invoke(StandardEngineValve.java:109)
	at org.apache.catalina.connector.CoyoteAdapter.service(CoyoteAdapter.java:286)
	at org.apache.coyote.http11.Http11Processor.process(Http11Processor.java:845)
	at org.apache.coyote.http11.Http11Protocol$Http11ConnectionHandler.process(Http11Protocol.java:583)
	at org.apache.tomcat.util.net.JIoEndpoint$Worker.run(JIoEndpoint.java:447)
	at java.lang.Thread.run(Thread.java:662)
2014-7-1 14:07:14 org.apache.catalina.core.StandardWrapperValve invoke
严重: Servlet.service() for servlet PSITMServlet threw exception
java.lang.NullPointerException
	at uap.ps.itm.pub.servlet.PSITMServlet.invoke(PSITMServlet.java:66)
	at uap.ps.itm.pub.servlet.PSITMServlet.doGet(PSITMServlet.java:31)
	at javax.servlet.http.HttpServlet.service(HttpServlet.java:747)
	at javax.servlet.http.HttpServlet.service(HttpServlet.java:860)
	at org.apache.catalina.core.ApplicationFilterChain.internalDoFilter(ApplicationFilterChain.java:290)
	at org.apache.catalina.core.ApplicationFilterChain.doFilter(ApplicationFilterChain.java:206)
	at org.apache.catalina.core.StandardWrapperValve.invoke(StandardWrapperValve.java:233)
	at org.apache.catalina.core.StandardContextValve.invoke(StandardContextValve.java:191)
	at org.apache.catalina.core.StandardHostValve.invoke(StandardHostValve.java:128)
	at org.apache.catalina.valves.ErrorReportValve.invoke(ErrorReportValve.java:102)
	at org.apache.catalina.core.StandardEngineValve.invoke(StandardEngineValve.java:109)
	at org.apache.catalina.connector.CoyoteAdapter.service(CoyoteAdapter.java:286)
	at org.apache.coyote.http11.Http11Processor.process(Http11Processor.java:845)
	at org.apache.coyote.http11.Http11Protocol$Http11ConnectionHandler.process(Http11Protocol.java:583)
	at org.apache.tomcat.util.net.JIoEndpoint$Worker.run(JIoEndpoint.java:447)
	at java.lang.Thread.run(Thread.java:662)
2014-7-1 14:08:30 org.apache.catalina.core.StandardWrapperValve invoke
严重: Servlet.service() for servlet PSITMServlet threw exception
java.lang.NullPointerException
	at nc.monitor.servlet.Invoker.invoke(Invoker.java:21)
	at uap.ps.itm.pub.servlet.PSITMServlet.invoke(PSITMServlet.java:48)
	at uap.ps.itm.pub.servlet.PSITMServlet.doGet(PSITMServlet.java:31)
	at javax.servlet.http.HttpServlet.service(HttpServlet.java:747)
	at javax.servlet.http.HttpServlet.service(HttpServlet.java:860)
	at org.apache.catalina.core.ApplicationFilterChain.internalDoFilter(ApplicationFilterChain.java:290)
	at org.apache.catalina.core.ApplicationFilterChain.doFilter(ApplicationFilterChain.java:206)
	at org.apache.catalina.core.StandardWrapperValve.invoke(StandardWrapperValve.java:233)
	at org.apache.catalina.core.StandardContextValve.invoke(StandardContextValve.java:191)
	at org.apache.catalina.core.StandardHostValve.invoke(StandardHostValve.java:128)
	at org.apache.catalina.valves.ErrorReportValve.invoke(ErrorReportValve.java:102)
	at org.apache.catalina.core.StandardEngineValve.invoke(StandardEngineValve.java:109)
	at org.apache.catalina.connector.CoyoteAdapter.service(CoyoteAdapter.java:286)
	at org.apache.coyote.http11.Http11Processor.process(Http11Processor.java:845)
	at org.apache.coyote.http11.Http11Protocol$Http11ConnectionHandler.process(Http11Protocol.java:583)
	at org.apache.tomcat.util.net.JIoEndpoint$Worker.run(JIoEndpoint.java:447)
	at java.lang.Thread.run(Thread.java:662)
2014-7-1 14:09:10 org.apache.catalina.core.StandardWrapperValve invoke
严重: Servlet.service() for servlet PSITMServlet threw exception
java.lang.NullPointerException
	at nc.monitor.servlet.Invoker.invoke(Invoker.java:21)
	at uap.ps.itm.pub.servlet.PSITMServlet.invoke(PSITMServlet.java:48)
	at uap.ps.itm.pub.servlet.PSITMServlet.doGet(PSITMServlet.java:31)
	at javax.servlet.http.HttpServlet.service(HttpServlet.java:747)
	at javax.servlet.http.HttpServlet.service(HttpServlet.java:860)
	at org.apache.catalina.core.ApplicationFilterChain.internalDoFilter(ApplicationFilterChain.java:290)
	at org.apache.catalina.core.ApplicationFilterChain.doFilter(ApplicationFilterChain.java:206)
	at org.apache.catalina.core.StandardWrapperValve.invoke(StandardWrapperValve.java:233)
	at org.apache.catalina.core.StandardContextValve.invoke(StandardContextValve.java:191)
	at org.apache.catalina.core.StandardHostValve.invoke(StandardHostValve.java:128)
	at org.apache.catalina.valves.ErrorReportValve.invoke(ErrorReportValve.java:102)
	at org.apache.catalina.core.StandardEngineValve.invoke(StandardEngineValve.java:109)
	at org.apache.catalina.connector.CoyoteAdapter.service(CoyoteAdapter.java:286)
	at org.apache.coyote.http11.Http11Processor.process(Http11Processor.java:845)
	at org.apache.coyote.http11.Http11Protocol$Http11ConnectionHandler.process(Http11Protocol.java:583)
	at org.apache.tomcat.util.net.JIoEndpoint$Worker.run(JIoEndpoint.java:447)
	at java.lang.Thread.run(Thread.java:662)
2014-7-1 14:18:38 org.apache.catalina.core.StandardWrapperValve invoke
严重: Servlet.service() for servlet PSITMServlet threw exception
java.lang.IllegalStateException: getOutputStream() has already been called for this response
	at org.apache.catalina.connector.Response.getWriter(Response.java:610)
	at org.apache.catalina.connector.ResponseFacade.getWriter(ResponseFacade.java:198)
	at uap.ps.itm.pub.servlet.PSITMServlet.invoke(PSITMServlet.java:61)
	at uap.ps.itm.pub.servlet.PSITMServlet.doGet(PSITMServlet.java:33)
	at javax.servlet.http.HttpServlet.service(HttpServlet.java:747)
	at javax.servlet.http.HttpServlet.service(HttpServlet.java:860)
	at org.apache.catalina.core.ApplicationFilterChain.internalDoFilter(ApplicationFilterChain.java:290)
	at org.apache.catalina.core.ApplicationFilterChain.doFilter(ApplicationFilterChain.java:206)
	at org.apache.catalina.core.StandardWrapperValve.invoke(StandardWrapperValve.java:233)
	at org.apache.catalina.core.StandardContextValve.invoke(StandardContextValve.java:191)
	at org.apache.catalina.core.StandardHostValve.invoke(StandardHostValve.java:128)
	at org.apache.catalina.valves.ErrorReportValve.invoke(ErrorReportValve.java:102)
	at org.apache.catalina.core.StandardEngineValve.invoke(StandardEngineValve.java:109)
	at org.apache.catalina.connector.CoyoteAdapter.service(CoyoteAdapter.java:286)
	at org.apache.coyote.http11.Http11Processor.process(Http11Processor.java:845)
	at org.apache.coyote.http11.Http11Protocol$Http11ConnectionHandler.process(Http11Protocol.java:583)
	at org.apache.tomcat.util.net.JIoEndpoint$Worker.run(JIoEndpoint.java:447)
	at java.lang.Thread.run(Thread.java:662)
2014-7-1 14:18:38 org.apache.catalina.core.StandardWrapperValve invoke
严重: Servlet.service() for servlet PSITMServlet threw exception
java.lang.NullPointerException
	at nc.monitor.servlet.Invoker.invoke(Invoker.java:21)
	at uap.ps.itm.pub.servlet.PSITMServlet.invoke(PSITMServlet.java:51)
	at uap.ps.itm.pub.servlet.PSITMServlet.doGet(PSITMServlet.java:33)
	at javax.servlet.http.HttpServlet.service(HttpServlet.java:747)
	at javax.servlet.http.HttpServlet.service(HttpServlet.java:860)
	at org.apache.catalina.core.ApplicationFilterChain.internalDoFilter(ApplicationFilterChain.java:290)
	at org.apache.catalina.core.ApplicationFilterChain.doFilter(ApplicationFilterChain.java:206)
	at org.apache.catalina.core.StandardWrapperValve.invoke(StandardWrapperValve.java:233)
	at org.apache.catalina.core.StandardContextValve.invoke(StandardContextValve.java:191)
	at org.apache.catalina.core.StandardHostValve.invoke(StandardHostValve.java:128)
	at org.apache.catalina.valves.ErrorReportValve.invoke(ErrorReportValve.java:102)
	at org.apache.catalina.core.StandardEngineValve.invoke(StandardEngineValve.java:109)
	at org.apache.catalina.connector.CoyoteAdapter.service(CoyoteAdapter.java:286)
	at org.apache.coyote.http11.Http11Processor.process(Http11Processor.java:845)
	at org.apache.coyote.http11.Http11Protocol$Http11ConnectionHandler.process(Http11Protocol.java:583)
	at org.apache.tomcat.util.net.JIoEndpoint$Worker.run(JIoEndpoint.java:447)
	at java.lang.Thread.run(Thread.java:662)
2014-7-1 14:18:49 org.apache.catalina.core.StandardWrapperValve invoke
严重: Servlet.service() for servlet PSITMServlet threw exception
java.lang.IllegalStateException: getOutputStream() has already been called for this response
	at org.apache.catalina.connector.Response.getWriter(Response.java:610)
	at org.apache.catalina.connector.ResponseFacade.getWriter(ResponseFacade.java:198)
	at uap.ps.itm.pub.servlet.PSITMServlet.invoke(PSITMServlet.java:61)
	at uap.ps.itm.pub.servlet.PSITMServlet.doGet(PSITMServlet.java:33)
	at javax.servlet.http.HttpServlet.service(HttpServlet.java:747)
	at javax.servlet.http.HttpServlet.service(HttpServlet.java:860)
	at org.apache.catalina.core.ApplicationFilterChain.internalDoFilter(ApplicationFilterChain.java:290)
	at org.apache.catalina.core.ApplicationFilterChain.doFilter(ApplicationFilterChain.java:206)
	at org.apache.catalina.core.StandardWrapperValve.invoke(StandardWrapperValve.java:233)
	at org.apache.catalina.core.StandardContextValve.invoke(StandardContextValve.java:191)
	at org.apache.catalina.core.StandardHostValve.invoke(StandardHostValve.java:128)
	at org.apache.catalina.valves.ErrorReportValve.invoke(ErrorReportValve.java:102)
	at org.apache.catalina.core.StandardEngineValve.invoke(StandardEngineValve.java:109)
	at org.apache.catalina.connector.CoyoteAdapter.service(CoyoteAdapter.java:286)
	at org.apache.coyote.http11.Http11Processor.process(Http11Processor.java:845)
	at org.apache.coyote.http11.Http11Protocol$Http11ConnectionHandler.process(Http11Protocol.java:583)
	at org.apache.tomcat.util.net.JIoEndpoint$Worker.run(JIoEndpoint.java:447)
	at java.lang.Thread.run(Thread.java:662)
2014-7-1 14:19:18 org.apache.catalina.core.StandardWrapperValve invoke
严重: Servlet.service() for servlet PSITMServlet threw exception
java.lang.NullPointerException
	at nc.monitor.servlet.Invoker.invoke(Invoker.java:21)
	at uap.ps.itm.pub.servlet.PSITMServlet.invoke(PSITMServlet.java:51)
	at uap.ps.itm.pub.servlet.PSITMServlet.doGet(PSITMServlet.java:33)
	at javax.servlet.http.HttpServlet.service(HttpServlet.java:747)
	at javax.servlet.http.HttpServlet.service(HttpServlet.java:860)
	at org.apache.catalina.core.ApplicationFilterChain.internalDoFilter(ApplicationFilterChain.java:290)
	at org.apache.catalina.core.ApplicationFilterChain.doFilter(ApplicationFilterChain.java:206)
	at org.apache.catalina.core.StandardWrapperValve.invoke(StandardWrapperValve.java:233)
	at org.apache.catalina.core.StandardContextValve.invoke(StandardContextValve.java:191)
	at org.apache.catalina.core.StandardHostValve.invoke(StandardHostValve.java:128)
	at org.apache.catalina.valves.ErrorReportValve.invoke(ErrorReportValve.java:102)
	at org.apache.catalina.core.StandardEngineValve.invoke(StandardEngineValve.java:109)
	at org.apache.catalina.connector.CoyoteAdapter.service(CoyoteAdapter.java:286)
	at org.apache.coyote.http11.Http11Processor.process(Http11Processor.java:845)
	at org.apache.coyote.http11.Http11Protocol$Http11ConnectionHandler.process(Http11Protocol.java:583)
	at org.apache.tomcat.util.net.JIoEndpoint$Worker.run(JIoEndpoint.java:447)
	at java.lang.Thread.run(Thread.java:662)
2014-7-1 14:19:19 org.apache.catalina.core.StandardWrapperValve invoke
严重: Servlet.service() for servlet PSITMServlet threw exception
java.lang.IllegalStateException: getOutputStream() has already been called for this response
	at org.apache.catalina.connector.Response.getWriter(Response.java:610)
	at org.apache.catalina.connector.ResponseFacade.getWriter(ResponseFacade.java:198)
	at uap.ps.itm.pub.servlet.PSITMServlet.invoke(PSITMServlet.java:61)
	at uap.ps.itm.pub.servlet.PSITMServlet.doGet(PSITMServlet.java:33)
	at javax.servlet.http.HttpServlet.service(HttpServlet.java:747)
	at javax.servlet.http.HttpServlet.service(HttpServlet.java:860)
	at org.apache.catalina.core.ApplicationFilterChain.internalDoFilter(ApplicationFilterChain.java:290)
	at org.apache.catalina.core.ApplicationFilterChain.doFilter(ApplicationFilterChain.java:206)
	at org.apache.catalina.core.StandardWrapperValve.invoke(StandardWrapperValve.java:233)
	at org.apache.catalina.core.StandardContextValve.invoke(StandardContextValve.java:191)
	at org.apache.catalina.core.StandardHostValve.invoke(StandardHostValve.java:128)
	at org.apache.catalina.valves.ErrorReportValve.invoke(ErrorReportValve.java:102)
	at org.apache.catalina.core.StandardEngineValve.invoke(StandardEngineValve.java:109)
	at org.apache.catalina.connector.CoyoteAdapter.service(CoyoteAdapter.java:286)
	at org.apache.coyote.http11.Http11Processor.process(Http11Processor.java:845)
	at org.apache.coyote.http11.Http11Protocol$Http11ConnectionHandler.process(Http11Protocol.java:583)
	at org.apache.tomcat.util.net.JIoEndpoint$Worker.run(JIoEndpoint.java:447)
	at java.lang.Thread.run(Thread.java:662)
2014-7-1 14:19:34 org.apache.catalina.core.StandardWrapperValve invoke
严重: Servlet.service() for servlet PSITMServlet threw exception
java.lang.NullPointerException
	at nc.monitor.servlet.Invoker.invoke(Invoker.java:21)
	at uap.ps.itm.pub.servlet.PSITMServlet.invoke(PSITMServlet.java:51)
	at uap.ps.itm.pub.servlet.PSITMServlet.doGet(PSITMServlet.java:33)
	at javax.servlet.http.HttpServlet.service(HttpServlet.java:747)
	at javax.servlet.http.HttpServlet.service(HttpServlet.java:860)
	at org.apache.catalina.core.ApplicationFilterChain.internalDoFilter(ApplicationFilterChain.java:290)
	at org.apache.catalina.core.ApplicationFilterChain.doFilter(ApplicationFilterChain.java:206)
	at org.apache.catalina.core.StandardWrapperValve.invoke(StandardWrapperValve.java:233)
	at org.apache.catalina.core.StandardContextValve.invoke(StandardContextValve.java:191)
	at org.apache.catalina.core.StandardHostValve.invoke(StandardHostValve.java:128)
	at org.apache.catalina.valves.ErrorReportValve.invoke(ErrorReportValve.java:102)
	at org.apache.catalina.core.StandardEngineValve.invoke(StandardEngineValve.java:109)
	at org.apache.catalina.connector.CoyoteAdapter.service(CoyoteAdapter.java:286)
	at org.apache.coyote.http11.Http11Processor.process(Http11Processor.java:845)
	at org.apache.coyote.http11.Http11Protocol$Http11ConnectionHandler.process(Http11Protocol.java:583)
	at org.apache.tomcat.util.net.JIoEndpoint$Worker.run(JIoEndpoint.java:447)
	at java.lang.Thread.run(Thread.java:662)
2014-7-1 15:16:00 org.apache.catalina.core.StandardWrapperValve invoke
严重: Servlet.service() for servlet PSITMServlet threw exception
java.lang.NullPointerException
	at nc.monitor.servlet.Invoker.invoke(Invoker.java:21)
	at uap.ps.itm.pub.servlet.PSITMServlet.invoke(PSITMServlet.java:48)
	at uap.ps.itm.pub.servlet.PSITMServlet.doGet(PSITMServlet.java:31)
	at javax.servlet.http.HttpServlet.service(HttpServlet.java:747)
	at javax.servlet.http.HttpServlet.service(HttpServlet.java:860)
	at org.apache.catalina.core.ApplicationFilterChain.internalDoFilter(ApplicationFilterChain.java:290)
	at org.apache.catalina.core.ApplicationFilterChain.doFilter(ApplicationFilterChain.java:206)
	at org.apache.catalina.core.StandardWrapperValve.invoke(StandardWrapperValve.java:233)
	at org.apache.catalina.core.StandardContextValve.invoke(StandardContextValve.java:191)
	at org.apache.catalina.core.StandardHostValve.invoke(StandardHostValve.java:128)
	at org.apache.catalina.valves.ErrorReportValve.invoke(ErrorReportValve.java:102)
	at org.apache.catalina.core.StandardEngineValve.invoke(StandardEngineValve.java:109)
	at org.apache.catalina.connector.CoyoteAdapter.service(CoyoteAdapter.java:286)
	at org.apache.coyote.http11.Http11Processor.process(Http11Processor.java:845)
	at org.apache.coyote.http11.Http11Protocol$Http11ConnectionHandler.process(Http11Protocol.java:583)
	at org.apache.tomcat.util.net.JIoEndpoint$Worker.run(JIoEndpoint.java:447)
	at java.lang.Thread.run(Thread.java:662)
2014-7-1 15:16:14 org.apache.catalina.core.StandardWrapperValve invoke
严重: Servlet.service() for servlet PSITMServlet threw exception
java.lang.NullPointerException
	at nc.monitor.servlet.Invoker.invoke(Invoker.java:21)
	at uap.ps.itm.pub.servlet.PSITMServlet.invoke(PSITMServlet.java:48)
	at uap.ps.itm.pub.servlet.PSITMServlet.doGet(PSITMServlet.java:31)
	at javax.servlet.http.HttpServlet.service(HttpServlet.java:747)
	at javax.servlet.http.HttpServlet.service(HttpServlet.java:860)
	at org.apache.catalina.core.ApplicationFilterChain.internalDoFilter(ApplicationFilterChain.java:290)
	at org.apache.catalina.core.ApplicationFilterChain.doFilter(ApplicationFilterChain.java:206)
	at org.apache.catalina.core.StandardWrapperValve.invoke(StandardWrapperValve.java:233)
	at org.apache.catalina.core.StandardContextValve.invoke(StandardContextValve.java:191)
	at org.apache.catalina.core.StandardHostValve.invoke(StandardHostValve.java:128)
	at org.apache.catalina.valves.ErrorReportValve.invoke(ErrorReportValve.java:102)
	at org.apache.catalina.core.StandardEngineValve.invoke(StandardEngineValve.java:109)
	at org.apache.catalina.connector.CoyoteAdapter.service(CoyoteAdapter.java:286)
	at org.apache.coyote.http11.Http11Processor.process(Http11Processor.java:845)
	at org.apache.coyote.http11.Http11Protocol$Http11ConnectionHandler.process(Http11Protocol.java:583)
	at org.apache.tomcat.util.net.JIoEndpoint$Worker.run(JIoEndpoint.java:447)
	at java.lang.Thread.run(Thread.java:662)
2014-7-1 15:16:22 org.apache.catalina.core.StandardWrapperValve invoke
严重: Servlet.service() for servlet PSITMServlet threw exception
java.lang.NullPointerException
	at nc.monitor.servlet.Invoker.invoke(Invoker.java:21)
	at uap.ps.itm.pub.servlet.PSITMServlet.invoke(PSITMServlet.java:48)
	at uap.ps.itm.pub.servlet.PSITMServlet.doGet(PSITMServlet.java:31)
	at javax.servlet.http.HttpServlet.service(HttpServlet.java:747)
	at javax.servlet.http.HttpServlet.service(HttpServlet.java:860)
	at org.apache.catalina.core.ApplicationFilterChain.internalDoFilter(ApplicationFilterChain.java:290)
	at org.apache.catalina.core.ApplicationFilterChain.doFilter(ApplicationFilterChain.java:206)
	at org.apache.catalina.core.StandardWrapperValve.invoke(StandardWrapperValve.java:233)
	at org.apache.catalina.core.StandardContextValve.invoke(StandardContextValve.java:191)
	at org.apache.catalina.core.StandardHostValve.invoke(StandardHostValve.java:128)
	at org.apache.catalina.valves.ErrorReportValve.invoke(ErrorReportValve.java:102)
	at org.apache.catalina.core.StandardEngineValve.invoke(StandardEngineValve.java:109)
	at org.apache.catalina.connector.CoyoteAdapter.service(CoyoteAdapter.java:286)
	at org.apache.coyote.http11.Http11Processor.process(Http11Processor.java:845)
	at org.apache.coyote.http11.Http11Protocol$Http11ConnectionHandler.process(Http11Protocol.java:583)
	at org.apache.tomcat.util.net.JIoEndpoint$Worker.run(JIoEndpoint.java:447)
	at java.lang.Thread.run(Thread.java:662)
2014-7-1 15:16:51 org.apache.catalina.core.StandardWrapperValve invoke
严重: Servlet.service() for servlet PSITMServlet threw exception
java.lang.NullPointerException
	at nc.monitor.servlet.Invoker.invoke(Invoker.java:21)
	at uap.ps.itm.pub.servlet.PSITMServlet.invoke(PSITMServlet.java:48)
	at uap.ps.itm.pub.servlet.PSITMServlet.doGet(PSITMServlet.java:31)
	at javax.servlet.http.HttpServlet.service(HttpServlet.java:747)
	at javax.servlet.http.HttpServlet.service(HttpServlet.java:860)
	at org.apache.catalina.core.ApplicationFilterChain.internalDoFilter(ApplicationFilterChain.java:290)
	at org.apache.catalina.core.ApplicationFilterChain.doFilter(ApplicationFilterChain.java:206)
	at org.apache.catalina.core.StandardWrapperValve.invoke(StandardWrapperValve.java:233)
	at org.apache.catalina.core.StandardContextValve.invoke(StandardContextValve.java:191)
	at org.apache.catalina.core.StandardHostValve.invoke(StandardHostValve.java:128)
	at org.apache.catalina.valves.ErrorReportValve.invoke(ErrorReportValve.java:102)
	at org.apache.catalina.core.StandardEngineValve.invoke(StandardEngineValve.java:109)
	at org.apache.catalina.connector.CoyoteAdapter.service(CoyoteAdapter.java:286)
	at org.apache.coyote.http11.Http11Processor.process(Http11Processor.java:845)
	at org.apache.coyote.http11.Http11Protocol$Http11ConnectionHandler.process(Http11Protocol.java:583)
	at org.apache.tomcat.util.net.JIoEndpoint$Worker.run(JIoEndpoint.java:447)
	at java.lang.Thread.run(Thread.java:662)
2014-7-1 15:18:00 org.apache.catalina.core.StandardWrapperValve invoke
严重: Servlet.service() for servlet PSITMServlet threw exception
java.lang.NullPointerException
	at nc.monitor.servlet.Invoker.invoke(Invoker.java:21)
	at uap.ps.itm.pub.servlet.PSITMServlet.invoke(PSITMServlet.java:48)
	at uap.ps.itm.pub.servlet.PSITMServlet.doGet(PSITMServlet.java:31)
	at javax.servlet.http.HttpServlet.service(HttpServlet.java:747)
	at javax.servlet.http.HttpServlet.service(HttpServlet.java:860)
	at org.apache.catalina.core.ApplicationFilterChain.internalDoFilter(ApplicationFilterChain.java:290)
	at org.apache.catalina.core.ApplicationFilterChain.doFilter(ApplicationFilterChain.java:206)
	at org.apache.catalina.core.StandardWrapperValve.invoke(StandardWrapperValve.java:233)
	at org.apache.catalina.core.StandardContextValve.invoke(StandardContextValve.java:191)
	at org.apache.catalina.core.StandardHostValve.invoke(StandardHostValve.java:128)
	at org.apache.catalina.valves.ErrorReportValve.invoke(ErrorReportValve.java:102)
	at org.apache.catalina.core.StandardEngineValve.invoke(StandardEngineValve.java:109)
	at org.apache.catalina.connector.CoyoteAdapter.service(CoyoteAdapter.java:286)
	at org.apache.coyote.http11.Http11Processor.process(Http11Processor.java:845)
	at org.apache.coyote.http11.Http11Protocol$Http11ConnectionHandler.process(Http11Protocol.java:583)
	at org.apache.tomcat.util.net.JIoEndpoint$Worker.run(JIoEndpoint.java:447)
	at java.lang.Thread.run(Thread.java:662)
2014-7-1 15:20:01 org.apache.catalina.core.StandardWrapperValve invoke
严重: Servlet.service() for servlet PSITMServlet threw exception
java.lang.NullPointerException
	at nc.monitor.servlet.Invoker.invoke(Invoker.java:21)
	at uap.ps.itm.pub.servlet.PSITMServlet.invoke(PSITMServlet.java:48)
	at uap.ps.itm.pub.servlet.PSITMServlet.doGet(PSITMServlet.java:31)
	at javax.servlet.http.HttpServlet.service(HttpServlet.java:747)
	at javax.servlet.http.HttpServlet.service(HttpServlet.java:860)
	at org.apache.catalina.core.ApplicationFilterChain.internalDoFilter(ApplicationFilterChain.java:290)
	at org.apache.catalina.core.ApplicationFilterChain.doFilter(ApplicationFilterChain.java:206)
	at org.apache.catalina.core.StandardWrapperValve.invoke(StandardWrapperValve.java:233)
	at org.apache.catalina.core.StandardContextValve.invoke(StandardContextValve.java:191)
	at org.apache.catalina.core.StandardHostValve.invoke(StandardHostValve.java:128)
	at org.apache.catalina.valves.ErrorReportValve.invoke(ErrorReportValve.java:102)
	at org.apache.catalina.core.StandardEngineValve.invoke(StandardEngineValve.java:109)
	at org.apache.catalina.connector.CoyoteAdapter.service(CoyoteAdapter.java:286)
	at org.apache.coyote.http11.Http11Processor.process(Http11Processor.java:845)
	at org.apache.coyote.http11.Http11Protocol$Http11ConnectionHandler.process(Http11Protocol.java:583)
	at org.apache.tomcat.util.net.JIoEndpoint$Worker.run(JIoEndpoint.java:447)
	at java.lang.Thread.run(Thread.java:662)
2014-7-1 15:20:36 org.apache.catalina.core.StandardWrapperValve invoke
严重: Servlet.service() for servlet PSITMServlet threw exception
java.lang.NullPointerException
	at nc.monitor.servlet.Invoker.invoke(Invoker.java:21)
	at uap.ps.itm.pub.servlet.PSITMServlet.invoke(PSITMServlet.java:48)
	at uap.ps.itm.pub.servlet.PSITMServlet.doGet(PSITMServlet.java:31)
	at javax.servlet.http.HttpServlet.service(HttpServlet.java:747)
	at javax.servlet.http.HttpServlet.service(HttpServlet.java:860)
	at org.apache.catalina.core.ApplicationFilterChain.internalDoFilter(ApplicationFilterChain.java:290)
	at org.apache.catalina.core.ApplicationFilterChain.doFilter(ApplicationFilterChain.java:206)
	at org.apache.catalina.core.StandardWrapperValve.invoke(StandardWrapperValve.java:233)
	at org.apache.catalina.core.StandardContextValve.invoke(StandardContextValve.java:191)
	at org.apache.catalina.core.StandardHostValve.invoke(StandardHostValve.java:128)
	at org.apache.catalina.valves.ErrorReportValve.invoke(ErrorReportValve.java:102)
	at org.apache.catalina.core.StandardEngineValve.invoke(StandardEngineValve.java:109)
	at org.apache.catalina.connector.CoyoteAdapter.service(CoyoteAdapter.java:286)
	at org.apache.coyote.http11.Http11Processor.process(Http11Processor.java:845)
	at org.apache.coyote.http11.Http11Protocol$Http11ConnectionHandler.process(Http11Protocol.java:583)
	at org.apache.tomcat.util.net.JIoEndpoint$Worker.run(JIoEndpoint.java:447)
	at java.lang.Thread.run(Thread.java:662)
2014-7-1 15:21:32 org.apache.catalina.core.StandardWrapperValve invoke
严重: Servlet.service() for servlet PSITMServlet threw exception
java.lang.NullPointerException
	at nc.monitor.servlet.Invoker.invoke(Invoker.java:21)
	at uap.ps.itm.pub.servlet.PSITMServlet.invoke(PSITMServlet.java:48)
	at uap.ps.itm.pub.servlet.PSITMServlet.doGet(PSITMServlet.java:31)
	at javax.servlet.http.HttpServlet.service(HttpServlet.java:747)
	at javax.servlet.http.HttpServlet.service(HttpServlet.java:860)
	at org.apache.catalina.core.ApplicationFilterChain.internalDoFilter(ApplicationFilterChain.java:290)
	at org.apache.catalina.core.ApplicationFilterChain.doFilter(ApplicationFilterChain.java:206)
	at org.apache.catalina.core.StandardWrapperValve.invoke(StandardWrapperValve.java:233)
	at org.apache.catalina.core.StandardContextValve.invoke(StandardContextValve.java:191)
	at org.apache.catalina.core.StandardHostValve.invoke(StandardHostValve.java:128)
	at org.apache.catalina.valves.ErrorReportValve.invoke(ErrorReportValve.java:102)
	at org.apache.catalina.core.StandardEngineValve.invoke(StandardEngineValve.java:109)
	at org.apache.catalina.connector.CoyoteAdapter.service(CoyoteAdapter.java:286)
	at org.apache.coyote.http11.Http11Processor.process(Http11Processor.java:845)
	at org.apache.coyote.http11.Http11Protocol$Http11ConnectionHandler.process(Http11Protocol.java:583)
	at org.apache.tomcat.util.net.JIoEndpoint$Worker.run(JIoEndpoint.java:447)
	at java.lang.Thread.run(Thread.java:662)
2014-7-1 15:23:03 org.apache.catalina.core.StandardWrapperValve invoke
严重: Servlet.service() for servlet PSITMServlet threw exception
java.lang.NullPointerException
	at nc.monitor.servlet.Invoker.invoke(Invoker.java:21)
	at uap.ps.itm.pub.servlet.PSITMServlet.invoke(PSITMServlet.java:48)
	at uap.ps.itm.pub.servlet.PSITMServlet.doGet(PSITMServlet.java:31)
	at javax.servlet.http.HttpServlet.service(HttpServlet.java:747)
	at javax.servlet.http.HttpServlet.service(HttpServlet.java:860)
	at org.apache.catalina.core.ApplicationFilterChain.internalDoFilter(ApplicationFilterChain.java:290)
	at org.apache.catalina.core.ApplicationFilterChain.doFilter(ApplicationFilterChain.java:206)
	at org.apache.catalina.core.StandardWrapperValve.invoke(StandardWrapperValve.java:233)
	at org.apache.catalina.core.StandardContextValve.invoke(StandardContextValve.java:191)
	at org.apache.catalina.core.StandardHostValve.invoke(StandardHostValve.java:128)
	at org.apache.catalina.valves.ErrorReportValve.invoke(ErrorReportValve.java:102)
	at org.apache.catalina.core.StandardEngineValve.invoke(StandardEngineValve.java:109)
	at org.apache.catalina.connector.CoyoteAdapter.service(CoyoteAdapter.java:286)
	at org.apache.coyote.http11.Http11Processor.process(Http11Processor.java:845)
	at org.apache.coyote.http11.Http11Protocol$Http11ConnectionHandler.process(Http11Protocol.java:583)
	at org.apache.tomcat.util.net.JIoEndpoint$Worker.run(JIoEndpoint.java:447)
	at java.lang.Thread.run(Thread.java:662)
2014-7-1 15:33:04 org.apache.catalina.core.StandardWrapperValve invoke
严重: Servlet.service() for servlet PSITMServlet threw exception
java.lang.NullPointerException
	at nc.monitor.servlet.Invoker.invoke(Invoker.java:21)
	at uap.ps.itm.pub.servlet.PSITMServlet.invoke(PSITMServlet.java:48)
	at uap.ps.itm.pub.servlet.PSITMServlet.doGet(PSITMServlet.java:31)
	at javax.servlet.http.HttpServlet.service(HttpServlet.java:747)
	at javax.servlet.http.HttpServlet.service(HttpServlet.java:860)
	at org.apache.catalina.core.ApplicationFilterChain.internalDoFilter(ApplicationFilterChain.java:290)
	at org.apache.catalina.core.ApplicationFilterChain.doFilter(ApplicationFilterChain.java:206)
	at org.apache.catalina.core.StandardWrapperValve.invoke(StandardWrapperValve.java:233)
	at org.apache.catalina.core.StandardContextValve.invoke(StandardContextValve.java:191)
	at org.apache.catalina.core.StandardHostValve.invoke(StandardHostValve.java:128)
	at org.apache.catalina.valves.ErrorReportValve.invoke(ErrorReportValve.java:102)
	at org.apache.catalina.core.StandardEngineValve.invoke(StandardEngineValve.java:109)
	at org.apache.catalina.connector.CoyoteAdapter.service(CoyoteAdapter.java:286)
	at org.apache.coyote.http11.Http11Processor.process(Http11Processor.java:845)
	at org.apache.coyote.http11.Http11Protocol$Http11ConnectionHandler.process(Http11Protocol.java:583)
	at org.apache.tomcat.util.net.JIoEndpoint$Worker.run(JIoEndpoint.java:447)
	at java.lang.Thread.run(Thread.java:662)
2014-7-1 16:12:27 org.apache.catalina.core.StandardWrapperValve invoke
严重: Servlet.service() for servlet PSITMServlet threw exception
java.lang.NullPointerException
	at uap.ps.itm.pub.servlet.PSITMServlet.invoke(PSITMServlet.java:69)
	at uap.ps.itm.pub.servlet.PSITMServlet.doGet(PSITMServlet.java:31)
	at javax.servlet.http.HttpServlet.service(HttpServlet.java:747)
	at javax.servlet.http.HttpServlet.service(HttpServlet.java:860)
	at org.apache.catalina.core.ApplicationFilterChain.internalDoFilter(ApplicationFilterChain.java:290)
	at org.apache.catalina.core.ApplicationFilterChain.doFilter(ApplicationFilterChain.java:206)
	at org.apache.catalina.core.StandardWrapperValve.invoke(StandardWrapperValve.java:233)
	at org.apache.catalina.core.StandardContextValve.invoke(StandardContextValve.java:191)
	at org.apache.catalina.core.StandardHostValve.invoke(StandardHostValve.java:128)
	at org.apache.catalina.valves.ErrorReportValve.invoke(ErrorReportValve.java:102)
	at org.apache.catalina.core.StandardEngineValve.invoke(StandardEngineValve.java:109)
	at org.apache.catalina.connector.CoyoteAdapter.service(CoyoteAdapter.java:286)
	at org.apache.coyote.http11.Http11Processor.process(Http11Processor.java:845)
	at org.apache.coyote.http11.Http11Protocol$Http11ConnectionHandler.process(Http11Protocol.java:583)
	at org.apache.tomcat.util.net.JIoEndpoint$Worker.run(JIoEndpoint.java:447)
	at java.lang.Thread.run(Thread.java:662)
2014-7-1 16:52:32 org.apache.catalina.core.StandardWrapperValve invoke
严重: Servlet.service() for servlet PSITMServlet threw exception
java.lang.NullPointerException
	at nc.monitor.servlet.Invoker.invoke(Invoker.java:21)
	at uap.ps.itm.pub.servlet.PSITMServlet.invoke(PSITMServlet.java:48)
	at uap.ps.itm.pub.servlet.PSITMServlet.doGet(PSITMServlet.java:31)
	at javax.servlet.http.HttpServlet.service(HttpServlet.java:747)
	at javax.servlet.http.HttpServlet.service(HttpServlet.java:860)
	at org.apache.catalina.core.ApplicationFilterChain.internalDoFilter(ApplicationFilterChain.java:290)
	at org.apache.catalina.core.ApplicationFilterChain.doFilter(ApplicationFilterChain.java:206)
	at org.apache.catalina.core.StandardWrapperValve.invoke(StandardWrapperValve.java:233)
	at org.apache.catalina.core.StandardContextValve.invoke(StandardContextValve.java:191)
	at org.apache.catalina.core.StandardHostValve.invoke(StandardHostValve.java:128)
	at org.apache.catalina.valves.ErrorReportValve.invoke(ErrorReportValve.java:102)
	at org.apache.catalina.core.StandardEngineValve.invoke(StandardEngineValve.java:109)
	at org.apache.catalina.connector.CoyoteAdapter.service(CoyoteAdapter.java:286)
	at org.apache.coyote.http11.Http11Processor.process(Http11Processor.java:845)
	at org.apache.coyote.http11.Http11Protocol$Http11ConnectionHandler.process(Http11Protocol.java:583)
	at org.apache.tomcat.util.net.JIoEndpoint$Worker.run(JIoEndpoint.java:447)
	at java.lang.Thread.run(Thread.java:662)
2014-7-1 16:53:16 org.apache.catalina.core.StandardWrapperValve invoke
严重: Servlet.service() for servlet PSITMServlet threw exception
java.lang.NullPointerException
	at nc.monitor.servlet.Invoker.invoke(Invoker.java:21)
	at uap.ps.itm.pub.servlet.PSITMServlet.invoke(PSITMServlet.java:48)
	at uap.ps.itm.pub.servlet.PSITMServlet.doGet(PSITMServlet.java:31)
	at javax.servlet.http.HttpServlet.service(HttpServlet.java:747)
	at javax.servlet.http.HttpServlet.service(HttpServlet.java:860)
	at org.apache.catalina.core.ApplicationFilterChain.internalDoFilter(ApplicationFilterChain.java:290)
	at org.apache.catalina.core.ApplicationFilterChain.doFilter(ApplicationFilterChain.java:206)
	at org.apache.catalina.core.StandardWrapperValve.invoke(StandardWrapperValve.java:233)
	at org.apache.catalina.core.StandardContextValve.invoke(StandardContextValve.java:191)
	at org.apache.catalina.core.StandardHostValve.invoke(StandardHostValve.java:128)
	at org.apache.catalina.valves.ErrorReportValve.invoke(ErrorReportValve.java:102)
	at org.apache.catalina.core.StandardEngineValve.invoke(StandardEngineValve.java:109)
	at org.apache.catalina.connector.CoyoteAdapter.service(CoyoteAdapter.java:286)
	at org.apache.coyote.http11.Http11Processor.process(Http11Processor.java:845)
	at org.apache.coyote.http11.Http11Protocol$Http11ConnectionHandler.process(Http11Protocol.java:583)
	at org.apache.tomcat.util.net.JIoEndpoint$Worker.run(JIoEndpoint.java:447)
	at java.lang.Thread.run(Thread.java:662)
2014-7-1 16:55:10 org.apache.catalina.core.StandardWrapperValve invoke
严重: Servlet.service() for servlet PSITMServlet threw exception
net.sf.json.JSONException: JSONObject["method"] not found.
	at net.sf.json.JSONObject.getString(JSONObject.java:2092)
	at uap.ps.itm.pub.servlet.PSITMServlet.getRequestInfo4Ajax(PSITMServlet.java:97)
	at uap.ps.itm.pub.servlet.PSITMServlet.invoke(PSITMServlet.java:43)
	at uap.ps.itm.pub.servlet.PSITMServlet.doGet(PSITMServlet.java:31)
	at javax.servlet.http.HttpServlet.service(HttpServlet.java:747)
	at javax.servlet.http.HttpServlet.service(HttpServlet.java:860)
	at org.apache.catalina.core.ApplicationFilterChain.internalDoFilter(ApplicationFilterChain.java:290)
	at org.apache.catalina.core.ApplicationFilterChain.doFilter(ApplicationFilterChain.java:206)
	at org.apache.catalina.core.StandardWrapperValve.invoke(StandardWrapperValve.java:233)
	at org.apache.catalina.core.StandardContextValve.invoke(StandardContextValve.java:191)
	at org.apache.catalina.core.StandardHostValve.invoke(StandardHostValve.java:128)
	at org.apache.catalina.valves.ErrorReportValve.invoke(ErrorReportValve.java:102)
	at org.apache.catalina.core.StandardEngineValve.invoke(StandardEngineValve.java:109)
	at org.apache.catalina.connector.CoyoteAdapter.service(CoyoteAdapter.java:286)
	at org.apache.coyote.http11.Http11Processor.process(Http11Processor.java:845)
	at org.apache.coyote.http11.Http11Protocol$Http11ConnectionHandler.process(Http11Protocol.java:583)
	at org.apache.tomcat.util.net.JIoEndpoint$Worker.run(JIoEndpoint.java:447)
	at java.lang.Thread.run(Thread.java:662)
2014-7-1 16:56:38 org.apache.catalina.core.StandardWrapperValve invoke
严重: Servlet.service() for servlet PSITMServlet threw exception
net.sf.json.JSONException: JSONObject["method"] not found.
	at net.sf.json.JSONObject.getString(JSONObject.java:2092)
	at uap.ps.itm.pub.servlet.PSITMServlet.getRequestInfo4Ajax(PSITMServlet.java:97)
	at uap.ps.itm.pub.servlet.PSITMServlet.invoke(PSITMServlet.java:43)
	at uap.ps.itm.pub.servlet.PSITMServlet.doGet(PSITMServlet.java:31)
	at javax.servlet.http.HttpServlet.service(HttpServlet.java:747)
	at javax.servlet.http.HttpServlet.service(HttpServlet.java:860)
	at org.apache.catalina.core.ApplicationFilterChain.internalDoFilter(ApplicationFilterChain.java:290)
	at org.apache.catalina.core.ApplicationFilterChain.doFilter(ApplicationFilterChain.java:206)
	at org.apache.catalina.core.StandardWrapperValve.invoke(StandardWrapperValve.java:233)
	at org.apache.catalina.core.StandardContextValve.invoke(StandardContextValve.java:191)
	at org.apache.catalina.core.StandardHostValve.invoke(StandardHostValve.java:128)
	at org.apache.catalina.valves.ErrorReportValve.invoke(ErrorReportValve.java:102)
	at org.apache.catalina.core.StandardEngineValve.invoke(StandardEngineValve.java:109)
	at org.apache.catalina.connector.CoyoteAdapter.service(CoyoteAdapter.java:286)
	at org.apache.coyote.http11.Http11Processor.process(Http11Processor.java:845)
	at org.apache.coyote.http11.Http11Protocol$Http11ConnectionHandler.process(Http11Protocol.java:583)
	at org.apache.tomcat.util.net.JIoEndpoint$Worker.run(JIoEndpoint.java:447)
	at java.lang.Thread.run(Thread.java:662)
2014-7-1 16:57:14 org.apache.catalina.core.StandardWrapperValve invoke
严重: Servlet.service() for servlet PSITMServlet threw exception
net.sf.json.JSONException: JSONObject["method"] not found.
	at net.sf.json.JSONObject.getString(JSONObject.java:2092)
	at uap.ps.itm.pub.servlet.PSITMServlet.getRequestInfo4Ajax(PSITMServlet.java:97)
	at uap.ps.itm.pub.servlet.PSITMServlet.invoke(PSITMServlet.java:43)
	at uap.ps.itm.pub.servlet.PSITMServlet.doGet(PSITMServlet.java:31)
	at javax.servlet.http.HttpServlet.service(HttpServlet.java:747)
	at javax.servlet.http.HttpServlet.service(HttpServlet.java:860)
	at org.apache.catalina.core.ApplicationFilterChain.internalDoFilter(ApplicationFilterChain.java:290)
	at org.apache.catalina.core.ApplicationFilterChain.doFilter(ApplicationFilterChain.java:206)
	at org.apache.catalina.core.StandardWrapperValve.invoke(StandardWrapperValve.java:233)
	at org.apache.catalina.core.StandardContextValve.invoke(StandardContextValve.java:191)
	at org.apache.catalina.core.StandardHostValve.invoke(StandardHostValve.java:128)
	at org.apache.catalina.valves.ErrorReportValve.invoke(ErrorReportValve.java:102)
	at org.apache.catalina.core.StandardEngineValve.invoke(StandardEngineValve.java:109)
	at org.apache.catalina.connector.CoyoteAdapter.service(CoyoteAdapter.java:286)
	at org.apache.coyote.http11.Http11Processor.process(Http11Processor.java:845)
	at org.apache.coyote.http11.Http11Protocol$Http11ConnectionHandler.process(Http11Protocol.java:583)
	at org.apache.tomcat.util.net.JIoEndpoint$Worker.run(JIoEndpoint.java:447)
	at java.lang.Thread.run(Thread.java:662)
2014-7-1 17:00:13 org.apache.catalina.core.StandardWrapperValve invoke
严重: Servlet.service() for servlet PSITMServlet threw exception
net.sf.json.JSONException: JSONObject["method"] not found.
	at net.sf.json.JSONObject.getString(JSONObject.java:2092)
	at uap.ps.itm.pub.servlet.PSITMServlet.getRequestInfo4Ajax(PSITMServlet.java:97)
	at uap.ps.itm.pub.servlet.PSITMServlet.invoke(PSITMServlet.java:43)
	at uap.ps.itm.pub.servlet.PSITMServlet.doGet(PSITMServlet.java:31)
	at javax.servlet.http.HttpServlet.service(HttpServlet.java:747)
	at javax.servlet.http.HttpServlet.service(HttpServlet.java:860)
	at org.apache.catalina.core.ApplicationFilterChain.internalDoFilter(ApplicationFilterChain.java:290)
	at org.apache.catalina.core.ApplicationFilterChain.doFilter(ApplicationFilterChain.java:206)
	at org.apache.catalina.core.StandardWrapperValve.invoke(StandardWrapperValve.java:233)
	at org.apache.catalina.core.StandardContextValve.invoke(StandardContextValve.java:191)
	at org.apache.catalina.core.StandardHostValve.invoke(StandardHostValve.java:128)
	at org.apache.catalina.valves.ErrorReportValve.invoke(ErrorReportValve.java:102)
	at org.apache.catalina.core.StandardEngineValve.invoke(StandardEngineValve.java:109)
	at org.apache.catalina.connector.CoyoteAdapter.service(CoyoteAdapter.java:286)
	at org.apache.coyote.http11.Http11Processor.process(Http11Processor.java:845)
	at org.apache.coyote.http11.Http11Protocol$Http11ConnectionHandler.process(Http11Protocol.java:583)
	at org.apache.tomcat.util.net.JIoEndpoint$Worker.run(JIoEndpoint.java:447)
	at java.lang.Thread.run(Thread.java:662)
2014-7-1 17:01:23 org.apache.catalina.core.StandardWrapperValve invoke
严重: Servlet.service() for servlet PSITMServlet threw exception
net.sf.json.JSONException: JSONObject["method"] not found.
	at net.sf.json.JSONObject.getString(JSONObject.java:2092)
	at uap.ps.itm.pub.servlet.PSITMServlet.getRequestInfo4Ajax(PSITMServlet.java:97)
	at uap.ps.itm.pub.servlet.PSITMServlet.invoke(PSITMServlet.java:43)
	at uap.ps.itm.pub.servlet.PSITMServlet.doGet(PSITMServlet.java:31)
	at javax.servlet.http.HttpServlet.service(HttpServlet.java:747)
	at javax.servlet.http.HttpServlet.service(HttpServlet.java:860)
	at org.apache.catalina.core.ApplicationFilterChain.internalDoFilter(ApplicationFilterChain.java:290)
	at org.apache.catalina.core.ApplicationFilterChain.doFilter(ApplicationFilterChain.java:206)
	at org.apache.catalina.core.StandardWrapperValve.invoke(StandardWrapperValve.java:233)
	at org.apache.catalina.core.StandardContextValve.invoke(StandardContextValve.java:191)
	at org.apache.catalina.core.StandardHostValve.invoke(StandardHostValve.java:128)
	at org.apache.catalina.valves.ErrorReportValve.invoke(ErrorReportValve.java:102)
	at org.apache.catalina.core.StandardEngineValve.invoke(StandardEngineValve.java:109)
	at org.apache.catalina.connector.CoyoteAdapter.service(CoyoteAdapter.java:286)
	at org.apache.coyote.http11.Http11Processor.process(Http11Processor.java:845)
	at org.apache.coyote.http11.Http11Protocol$Http11ConnectionHandler.process(Http11Protocol.java:583)
	at org.apache.tomcat.util.net.JIoEndpoint$Worker.run(JIoEndpoint.java:447)
	at java.lang.Thread.run(Thread.java:662)
2014-7-1 17:17:57 org.apache.catalina.core.StandardWrapperValve invoke
严重: Servlet.service() for servlet PSITMServlet threw exception
net.sf.json.JSONException: JSONObject["method"] not found.
	at net.sf.json.JSONObject.getString(JSONObject.java:2092)
	at uap.ps.itm.pub.servlet.PSITMServlet.getRequestInfo4Ajax(PSITMServlet.java:97)
	at uap.ps.itm.pub.servlet.PSITMServlet.invoke(PSITMServlet.java:43)
	at uap.ps.itm.pub.servlet.PSITMServlet.doGet(PSITMServlet.java:31)
	at javax.servlet.http.HttpServlet.service(HttpServlet.java:747)
	at javax.servlet.http.HttpServlet.service(HttpServlet.java:860)
	at org.apache.catalina.core.ApplicationFilterChain.internalDoFilter(ApplicationFilterChain.java:290)
	at org.apache.catalina.core.ApplicationFilterChain.doFilter(ApplicationFilterChain.java:206)
	at org.apache.catalina.core.StandardWrapperValve.invoke(StandardWrapperValve.java:233)
	at org.apache.catalina.core.StandardContextValve.invoke(StandardContextValve.java:191)
	at org.apache.catalina.core.StandardHostValve.invoke(StandardHostValve.java:128)
	at org.apache.catalina.valves.ErrorReportValve.invoke(ErrorReportValve.java:102)
	at org.apache.catalina.core.StandardEngineValve.invoke(StandardEngineValve.java:109)
	at org.apache.catalina.connector.CoyoteAdapter.service(CoyoteAdapter.java:286)
	at org.apache.coyote.http11.Http11Processor.process(Http11Processor.java:845)
	at org.apache.coyote.http11.Http11Protocol$Http11ConnectionHandler.process(Http11Protocol.java:583)
	at org.apache.tomcat.util.net.JIoEndpoint$Worker.run(JIoEndpoint.java:447)
	at java.lang.Thread.run(Thread.java:662)
2014-7-1 17:18:32 org.apache.catalina.core.StandardWrapperValve invoke
严重: Servlet.service() for servlet PSITMServlet threw exception
net.sf.json.JSONException: JSONObject["method"] not found.
	at net.sf.json.JSONObject.getString(JSONObject.java:2092)
	at uap.ps.itm.pub.servlet.PSITMServlet.getRequestInfo4Ajax(PSITMServlet.java:97)
	at uap.ps.itm.pub.servlet.PSITMServlet.invoke(PSITMServlet.java:43)
	at uap.ps.itm.pub.servlet.PSITMServlet.doGet(PSITMServlet.java:31)
	at javax.servlet.http.HttpServlet.service(HttpServlet.java:747)
	at javax.servlet.http.HttpServlet.service(HttpServlet.java:860)
	at org.apache.catalina.core.ApplicationFilterChain.internalDoFilter(ApplicationFilterChain.java:290)
	at org.apache.catalina.core.ApplicationFilterChain.doFilter(ApplicationFilterChain.java:206)
	at org.apache.catalina.core.StandardWrapperValve.invoke(StandardWrapperValve.java:233)
	at org.apache.catalina.core.StandardContextValve.invoke(StandardContextValve.java:191)
	at org.apache.catalina.core.StandardHostValve.invoke(StandardHostValve.java:128)
	at org.apache.catalina.valves.ErrorReportValve.invoke(ErrorReportValve.java:102)
	at org.apache.catalina.core.StandardEngineValve.invoke(StandardEngineValve.java:109)
	at org.apache.catalina.connector.CoyoteAdapter.service(CoyoteAdapter.java:286)
	at org.apache.coyote.http11.Http11Processor.process(Http11Processor.java:845)
	at org.apache.coyote.http11.Http11Protocol$Http11ConnectionHandler.process(Http11Protocol.java:583)
	at org.apache.tomcat.util.net.JIoEndpoint$Worker.run(JIoEndpoint.java:447)
	at java.lang.Thread.run(Thread.java:662)
2014-7-1 17:19:56 org.apache.catalina.core.StandardWrapperValve invoke
严重: Servlet.service() for servlet PSITMServlet threw exception
net.sf.json.JSONException: JSONObject["method"] not found.
	at net.sf.json.JSONObject.getString(JSONObject.java:2092)
	at uap.ps.itm.pub.servlet.PSITMServlet.getRequestInfo4Ajax(PSITMServlet.java:97)
	at uap.ps.itm.pub.servlet.PSITMServlet.invoke(PSITMServlet.java:43)
	at uap.ps.itm.pub.servlet.PSITMServlet.doGet(PSITMServlet.java:31)
	at javax.servlet.http.HttpServlet.service(HttpServlet.java:747)
	at javax.servlet.http.HttpServlet.service(HttpServlet.java:860)
	at org.apache.catalina.core.ApplicationFilterChain.internalDoFilter(ApplicationFilterChain.java:290)
	at org.apache.catalina.core.ApplicationFilterChain.doFilter(ApplicationFilterChain.java:206)
	at org.apache.catalina.core.StandardWrapperValve.invoke(StandardWrapperValve.java:233)
	at org.apache.catalina.core.StandardContextValve.invoke(StandardContextValve.java:191)
	at org.apache.catalina.core.StandardHostValve.invoke(StandardHostValve.java:128)
	at org.apache.catalina.valves.ErrorReportValve.invoke(ErrorReportValve.java:102)
	at org.apache.catalina.core.StandardEngineValve.invoke(StandardEngineValve.java:109)
	at org.apache.catalina.connector.CoyoteAdapter.service(CoyoteAdapter.java:286)
	at org.apache.coyote.http11.Http11Processor.process(Http11Processor.java:845)
	at org.apache.coyote.http11.Http11Protocol$Http11ConnectionHandler.process(Http11Protocol.java:583)
	at org.apache.tomcat.util.net.JIoEndpoint$Worker.run(JIoEndpoint.java:447)
	at java.lang.Thread.run(Thread.java:662)
2014-7-1 19:54:59 org.apache.catalina.core.StandardWrapperValve invoke
严重: Servlet.service() for servlet PSITMServlet threw exception
net.sf.json.JSONException: JSONObject["method"] not found.
	at net.sf.json.JSONObject.getString(JSONObject.java:2092)
	at uap.ps.itm.pub.servlet.PSITMServlet.getRequestInfo4Ajax(PSITMServlet.java:97)
	at uap.ps.itm.pub.servlet.PSITMServlet.invoke(PSITMServlet.java:43)
	at uap.ps.itm.pub.servlet.PSITMServlet.doGet(PSITMServlet.java:31)
	at javax.servlet.http.HttpServlet.service(HttpServlet.java:747)
	at javax.servlet.http.HttpServlet.service(HttpServlet.java:860)
	at org.apache.catalina.core.ApplicationFilterChain.internalDoFilter(ApplicationFilterChain.java:290)
	at org.apache.catalina.core.ApplicationFilterChain.doFilter(ApplicationFilterChain.java:206)
	at org.apache.catalina.core.StandardWrapperValve.invoke(StandardWrapperValve.java:233)
	at org.apache.catalina.core.StandardContextValve.invoke(StandardContextValve.java:191)
	at org.apache.catalina.core.StandardHostValve.invoke(StandardHostValve.java:128)
	at org.apache.catalina.valves.ErrorReportValve.invoke(ErrorReportValve.java:102)
	at org.apache.catalina.core.StandardEngineValve.invoke(StandardEngineValve.java:109)
	at org.apache.catalina.connector.CoyoteAdapter.service(CoyoteAdapter.java:286)
	at org.apache.coyote.http11.Http11Processor.process(Http11Processor.java:845)
	at org.apache.coyote.http11.Http11Protocol$Http11ConnectionHandler.process(Http11Protocol.java:583)
	at org.apache.tomcat.util.net.JIoEndpoint$Worker.run(JIoEndpoint.java:447)
	at java.lang.Thread.run(Thread.java:662)
2014-7-1 19:56:04 org.apache.catalina.core.StandardWrapperValve invoke
严重: Servlet.service() for servlet PSITMServlet threw exception
net.sf.json.JSONException: JSONObject["method"] not found.
	at net.sf.json.JSONObject.getString(JSONObject.java:2092)
	at uap.ps.itm.pub.servlet.PSITMServlet.getRequestInfo4Ajax(PSITMServlet.java:97)
	at uap.ps.itm.pub.servlet.PSITMServlet.invoke(PSITMServlet.java:43)
	at uap.ps.itm.pub.servlet.PSITMServlet.doGet(PSITMServlet.java:31)
	at javax.servlet.http.HttpServlet.service(HttpServlet.java:747)
	at javax.servlet.http.HttpServlet.service(HttpServlet.java:860)
	at org.apache.catalina.core.ApplicationFilterChain.internalDoFilter(ApplicationFilterChain.java:290)
	at org.apache.catalina.core.ApplicationFilterChain.doFilter(ApplicationFilterChain.java:206)
	at org.apache.catalina.core.StandardWrapperValve.invoke(StandardWrapperValve.java:233)
	at org.apache.catalina.core.StandardContextValve.invoke(StandardContextValve.java:191)
	at org.apache.catalina.core.StandardHostValve.invoke(StandardHostValve.java:128)
	at org.apache.catalina.valves.ErrorReportValve.invoke(ErrorReportValve.java:102)
	at org.apache.catalina.core.StandardEngineValve.invoke(StandardEngineValve.java:109)
	at org.apache.catalina.connector.CoyoteAdapter.service(CoyoteAdapter.java:286)
	at org.apache.coyote.http11.Http11Processor.process(Http11Processor.java:845)
	at org.apache.coyote.http11.Http11Protocol$Http11ConnectionHandler.process(Http11Protocol.java:583)
	at org.apache.tomcat.util.net.JIoEndpoint$Worker.run(JIoEndpoint.java:447)
	at java.lang.Thread.run(Thread.java:662)
2014-7-1 20:14:03 org.apache.catalina.core.StandardWrapperValve invoke
严重: Servlet.service() for servlet PSITMServlet threw exception
net.sf.json.JSONException: JSONObject["method"] not found.
	at net.sf.json.JSONObject.getString(JSONObject.java:2092)
	at uap.ps.itm.pub.servlet.PSITMServlet.getRequestInfo4Ajax(PSITMServlet.java:97)
	at uap.ps.itm.pub.servlet.PSITMServlet.invoke(PSITMServlet.java:43)
	at uap.ps.itm.pub.servlet.PSITMServlet.doGet(PSITMServlet.java:31)
	at javax.servlet.http.HttpServlet.service(HttpServlet.java:747)
	at javax.servlet.http.HttpServlet.service(HttpServlet.java:860)
	at org.apache.catalina.core.ApplicationFilterChain.internalDoFilter(ApplicationFilterChain.java:290)
	at org.apache.catalina.core.ApplicationFilterChain.doFilter(ApplicationFilterChain.java:206)
	at org.apache.catalina.core.StandardWrapperValve.invoke(StandardWrapperValve.java:233)
	at org.apache.catalina.core.StandardContextValve.invoke(StandardContextValve.java:191)
	at org.apache.catalina.core.StandardHostValve.invoke(StandardHostValve.java:128)
	at org.apache.catalina.valves.ErrorReportValve.invoke(ErrorReportValve.java:102)
	at org.apache.catalina.core.StandardEngineValve.invoke(StandardEngineValve.java:109)
	at org.apache.catalina.connector.CoyoteAdapter.service(CoyoteAdapter.java:286)
	at org.apache.coyote.http11.Http11Processor.process(Http11Processor.java:845)
	at org.apache.coyote.http11.Http11Protocol$Http11ConnectionHandler.process(Http11Protocol.java:583)
	at org.apache.tomcat.util.net.JIoEndpoint$Worker.run(JIoEndpoint.java:447)
	at java.lang.Thread.run(Thread.java:662)
2014-7-1 20:16:27 org.apache.catalina.core.StandardWrapperValve invoke
严重: Servlet.service() for servlet PSITMServlet threw exception
net.sf.json.JSONException: JSONObject["method"] not found.
	at net.sf.json.JSONObject.getString(JSONObject.java:2092)
	at uap.ps.itm.pub.servlet.PSITMServlet.getRequestInfo4Ajax(PSITMServlet.java:97)
	at uap.ps.itm.pub.servlet.PSITMServlet.invoke(PSITMServlet.java:43)
	at uap.ps.itm.pub.servlet.PSITMServlet.doGet(PSITMServlet.java:31)
	at javax.servlet.http.HttpServlet.service(HttpServlet.java:747)
	at javax.servlet.http.HttpServlet.service(HttpServlet.java:860)
	at org.apache.catalina.core.ApplicationFilterChain.internalDoFilter(ApplicationFilterChain.java:290)
	at org.apache.catalina.core.ApplicationFilterChain.doFilter(ApplicationFilterChain.java:206)
	at org.apache.catalina.core.StandardWrapperValve.invoke(StandardWrapperValve.java:233)
	at org.apache.catalina.core.StandardContextValve.invoke(StandardContextValve.java:191)
	at org.apache.catalina.core.StandardHostValve.invoke(StandardHostValve.java:128)
	at org.apache.catalina.valves.ErrorReportValve.invoke(ErrorReportValve.java:102)
	at org.apache.catalina.core.StandardEngineValve.invoke(StandardEngineValve.java:109)
	at org.apache.catalina.connector.CoyoteAdapter.service(CoyoteAdapter.java:286)
	at org.apache.coyote.http11.Http11Processor.process(Http11Processor.java:845)
	at org.apache.coyote.http11.Http11Protocol$Http11ConnectionHandler.process(Http11Protocol.java:583)
	at org.apache.tomcat.util.net.JIoEndpoint$Worker.run(JIoEndpoint.java:447)
	at java.lang.Thread.run(Thread.java:662)
2014-7-1 20:16:46 org.apache.catalina.core.StandardWrapperValve invoke
严重: Servlet.service() for servlet PSITMServlet threw exception
net.sf.json.JSONException: JSONObject["method"] not found.
	at net.sf.json.JSONObject.getString(JSONObject.java:2092)
	at uap.ps.itm.pub.servlet.PSITMServlet.getRequestInfo4Ajax(PSITMServlet.java:97)
	at uap.ps.itm.pub.servlet.PSITMServlet.invoke(PSITMServlet.java:43)
	at uap.ps.itm.pub.servlet.PSITMServlet.doGet(PSITMServlet.java:31)
	at javax.servlet.http.HttpServlet.service(HttpServlet.java:747)
	at javax.servlet.http.HttpServlet.service(HttpServlet.java:860)
	at org.apache.catalina.core.ApplicationFilterChain.internalDoFilter(ApplicationFilterChain.java:290)
	at org.apache.catalina.core.ApplicationFilterChain.doFilter(ApplicationFilterChain.java:206)
	at org.apache.catalina.core.StandardWrapperValve.invoke(StandardWrapperValve.java:233)
	at org.apache.catalina.core.StandardContextValve.invoke(StandardContextValve.java:191)
	at org.apache.catalina.core.StandardHostValve.invoke(StandardHostValve.java:128)
	at org.apache.catalina.valves.ErrorReportValve.invoke(ErrorReportValve.java:102)
	at org.apache.catalina.core.StandardEngineValve.invoke(StandardEngineValve.java:109)
	at org.apache.catalina.connector.CoyoteAdapter.service(CoyoteAdapter.java:286)
	at org.apache.coyote.http11.Http11Processor.process(Http11Processor.java:845)
	at org.apache.coyote.http11.Http11Protocol$Http11ConnectionHandler.process(Http11Protocol.java:583)
	at org.apache.tomcat.util.net.JIoEndpoint$Worker.run(JIoEndpoint.java:447)
	at java.lang.Thread.run(Thread.java:662)
