
$$ts=2014-07-04 15:38:31	$$service=dbmonitor:design	$$message=[ERROR] sql=select count(*) as count from  sys.dm_exec_sessions where status='running' #到主机  的 TCP/IP 连接失败。 java.net.ConnectException: Connection refused: connect	$$snapshotfile=N/A	$$snapshotid=1404459511325	
$$ts=2014-07-04 15:38:31	$$service=dbmonitor:test	$$message=[ERROR] sql=select count(*) as  count from v*session where status='ACTIVE'  and username='UAP63'#Io 异常: The Network Adapter could not establish the connection	$$snapshotfile=N/A	$$snapshotid=1404459511347	
$$ts=2014-07-04 15:38:31	$$service=dbmonitor:test	$$message=[ERROR]Io 异常: The Network Adapter could not establish the connection	$$snapshotfile=N/A	$$snapshotid=1404459511367	
$$ts=2014-07-04 15:38:42	$$service=dbmonitor:design	$$message=[ERROR] sql=select count(*) as count from  sys.dm_exec_sessions where status='running' #到主机  的 TCP/IP 连接失败。 java.net.ConnectException: Connection refused: connect	$$snapshotfile=N/A	$$snapshotid=1404459522325	
$$ts=2014-07-04 15:38:42	$$service=dbmonitor:test	$$message=[ERROR]Io 异常: The Network Adapter could not establish the connection	$$snapshotfile=N/A	$$snapshotid=1404459522345	
$$ts=2014-07-04 15:38:42	$$service=dbmonitor:test	$$message=[ERROR] sql=select count(*) as  count from v*session where status='ACTIVE'  and username='UAP63'#Io 异常: The Network Adapter could not establish the connection	$$snapshotfile=N/A	$$snapshotid=1404459522365	
$$ts=2014-07-04 15:38:53	$$service=dbmonitor:design	$$message=[ERROR] sql=select count(*) as count from  sys.dm_exec_sessions where status='running' #到主机  的 TCP/IP 连接失败。 java.net.ConnectException: Connection refused: connect	$$snapshotfile=N/A	$$snapshotid=1404459533326	
$$ts=2014-07-04 15:38:53	$$service=dbmonitor:test	$$message=[ERROR] sql=select count(*) as  count from v*session where status='ACTIVE'  and username='UAP63'#Io 异常: The Network Adapter could not establish the connection	$$snapshotfile=N/A	$$snapshotid=1404459533346	
$$ts=2014-07-04 15:38:53	$$service=dbmonitor:test	$$message=[ERROR]Io 异常: The Network Adapter could not establish the connection	$$snapshotfile=N/A	$$snapshotid=1404459533366	
$$ts=2014-07-04 15:38:54	$$service=processmonitor:MW-Tony-T420i	$$message=[ERROR][mw]server response check failed.	$$snapshotfile=N/A	$$snapshotid=1404459534346	
$$ts=2014-07-04 15:38:54	$$service=processmonitor:MW-Tony-T420i	$$message=[WARNING][mw]server restart over ,costtime=0	$$snapshotfile=N/A	$$snapshotid=1404459534366	
$$ts=2014-07-04 15:39:04	$$service=dbmonitor:test	$$message=[ERROR]Io 异常: The Network Adapter could not establish the connection	$$snapshotfile=N/A	$$snapshotid=1404459544332	
$$ts=2014-07-04 15:39:04	$$service=dbmonitor:design	$$message=[ERROR] sql=select count(*) as count from  sys.dm_exec_sessions where status='running' #到主机  的 TCP/IP 连接失败。 java.net.ConnectException: Connection refused: connect	$$snapshotfile=N/A	$$snapshotid=1404459544352	
$$ts=2014-07-04 15:39:04	$$service=dbmonitor:test	$$message=[ERROR] sql=select count(*) as  count from v*session where status='ACTIVE'  and username='UAP63'#Io 异常: The Network Adapter could not establish the connection	$$snapshotfile=N/A	$$snapshotid=1404459544372	
$$ts=2014-07-04 15:39:15	$$service=dbmonitor:test	$$message=[ERROR] sql=select count(*) as  count from v*session where status='ACTIVE'  and username='UAP63'#Io 异常: The Network Adapter could not establish the connection	$$snapshotfile=N/A	$$snapshotid=1404459555333	
$$ts=2014-07-04 15:39:15	$$service=dbmonitor:design	$$message=[ERROR] sql=select count(*) as count from  sys.dm_exec_sessions where status='running' #到主机  的 TCP/IP 连接失败。 java.net.ConnectException: Connection refused: connect	$$snapshotfile=N/A	$$snapshotid=1404459555353	
$$ts=2014-07-04 15:39:15	$$service=dbmonitor:test	$$message=[ERROR]Io 异常: The Network Adapter could not establish the connection	$$snapshotfile=N/A	$$snapshotid=1404459555373	
$$ts=2014-07-04 15:39:26	$$service=dbmonitor:test	$$message=[ERROR] sql=select count(*) as  count from v*session where status='ACTIVE'  and username='UAP63'#Io 异常: The Network Adapter could not establish the connection	$$snapshotfile=N/A	$$snapshotid=1404459566333	
$$ts=2014-07-04 15:39:26	$$service=dbmonitor:test	$$message=[ERROR]Io 异常: The Network Adapter could not establish the connection	$$snapshotfile=N/A	$$snapshotid=1404459566353	
$$ts=2014-07-04 15:39:26	$$service=dbmonitor:design	$$message=[ERROR] sql=select count(*) as count from  sys.dm_exec_sessions where status='running' #到主机  的 TCP/IP 连接失败。 java.net.ConnectException: Connection refused: connect	$$snapshotfile=N/A	$$snapshotid=1404459566373	
$$ts=2014-07-04 15:39:37	$$service=dbmonitor:test	$$message=[ERROR]Io 异常: The Network Adapter could not establish the connection	$$snapshotfile=N/A	$$snapshotid=1404459577346	
$$ts=2014-07-04 15:39:37	$$service=dbmonitor:test	$$message=[ERROR] sql=select count(*) as  count from v*session where status='ACTIVE'  and username='UAP63'#Io 异常: The Network Adapter could not establish the connection	$$snapshotfile=N/A	$$snapshotid=1404459577366	
$$ts=2014-07-04 15:39:37	$$service=dbmonitor:design	$$message=[ERROR] sql=select count(*) as count from  sys.dm_exec_sessions where status='running' #到主机  的 TCP/IP 连接失败。 java.net.ConnectException: Connection refused: connect	$$snapshotfile=N/A	$$snapshotid=1404459577386	
$$ts=2014-07-04 15:39:48	$$service=dbmonitor:test	$$message=[ERROR]Io 异常: The Network Adapter could not establish the connection	$$snapshotfile=N/A	$$snapshotid=1404459588349	
$$ts=2014-07-04 15:39:48	$$service=dbmonitor:design	$$message=[ERROR] sql=select count(*) as count from  sys.dm_exec_sessions where status='running' #到主机  的 TCP/IP 连接失败。 java.net.ConnectException: Connection refused: connect	$$snapshotfile=N/A	$$snapshotid=1404459588369	
$$ts=2014-07-04 15:39:48	$$service=dbmonitor:test	$$message=[ERROR] sql=select count(*) as  count from v*session where status='ACTIVE'  and username='UAP63'#Io 异常: The Network Adapter could not establish the connection	$$snapshotfile=N/A	$$snapshotid=1404459588389	
$$ts=2014-07-04 15:39:59	$$service=dbmonitor:test	$$message=[ERROR]Io 异常: The Network Adapter could not establish the connection	$$snapshotfile=N/A	$$snapshotid=1404459599350	
$$ts=2014-07-04 15:39:59	$$service=dbmonitor:test	$$message=[ERROR] sql=select count(*) as  count from v*session where status='ACTIVE'  and username='UAP63'#Io 异常: The Network Adapter could not establish the connection	$$snapshotfile=N/A	$$snapshotid=1404459599370	
$$ts=2014-07-04 15:39:59	$$service=dbmonitor:design	$$message=[ERROR] sql=select count(*) as count from  sys.dm_exec_sessions where status='running' #到主机  的 TCP/IP 连接失败。 java.net.ConnectException: Connection refused: connect	$$snapshotfile=N/A	$$snapshotid=1404459599390	
$$ts=2014-07-04 15:40:10	$$service=dbmonitor:test	$$message=[ERROR]Io 异常: The Network Adapter could not establish the connection	$$snapshotfile=N/A	$$snapshotid=1404459610352	
$$ts=2014-07-04 15:40:10	$$service=dbmonitor:test	$$message=[ERROR] sql=select count(*) as  count from v*session where status='ACTIVE'  and username='UAP63'#Io 异常: The Network Adapter could not establish the connection	$$snapshotfile=N/A	$$snapshotid=1404459610372	
$$ts=2014-07-04 15:40:10	$$service=dbmonitor:design	$$message=[ERROR] sql=select count(*) as count from  sys.dm_exec_sessions where status='running' #到主机  的 TCP/IP 连接失败。 java.net.ConnectException: Connection refused: connect	$$snapshotfile=N/A	$$snapshotid=1404459610392	
$$ts=2014-07-04 15:40:21	$$service=dbmonitor:test	$$message=[ERROR]Io 异常: The Network Adapter could not establish the connection	$$snapshotfile=N/A	$$snapshotid=1404459621352	
$$ts=2014-07-04 15:40:21	$$service=dbmonitor:test	$$message=[ERROR] sql=select count(*) as  count from v*session where status='ACTIVE'  and username='UAP63'#Io 异常: The Network Adapter could not establish the connection	$$snapshotfile=N/A	$$snapshotid=1404459621372	
$$ts=2014-07-04 15:40:21	$$service=dbmonitor:design	$$message=[ERROR] sql=select count(*) as count from  sys.dm_exec_sessions where status='running' #到主机  的 TCP/IP 连接失败。 java.net.ConnectException: Connection refused: connect	$$snapshotfile=N/A	$$snapshotid=1404459621392	
$$ts=2014-07-04 15:40:27	$$service=processmonitor:MW-Tony-T420i	$$message=[ERROR][mw]server response check failed.	$$snapshotfile=N/A	$$snapshotid=1404459627373	
$$ts=2014-07-04 15:40:27	$$service=processmonitor:MW-Tony-T420i	$$message=[WARNING][mw]server restart over ,costtime=0	$$snapshotfile=N/A	$$snapshotid=1404459627393	
$$ts=2014-07-04 15:40:32	$$service=dbmonitor:test	$$message=[ERROR]Io 异常: The Network Adapter could not establish the connection	$$snapshotfile=N/A	$$snapshotid=1404459632333	
$$ts=2014-07-04 15:40:32	$$service=dbmonitor:design	$$message=[ERROR] sql=select count(*) as count from  sys.dm_exec_sessions where status='running' #到主机  的 TCP/IP 连接失败。 java.net.ConnectException: Connection refused: connect	$$snapshotfile=N/A	$$snapshotid=1404459632353	
$$ts=2014-07-04 15:40:32	$$service=dbmonitor:test	$$message=[ERROR] sql=select count(*) as  count from v*session where status='ACTIVE'  and username='UAP63'#Io 异常: The Network Adapter could not establish the connection	$$snapshotfile=N/A	$$snapshotid=1404459632373	
$$ts=2014-07-04 15:40:43	$$service=dbmonitor:test	$$message=[ERROR]Io 异常: The Network Adapter could not establish the connection	$$snapshotfile=N/A	$$snapshotid=1404459643335	
$$ts=2014-07-04 15:40:43	$$service=dbmonitor:test	$$message=[ERROR] sql=select count(*) as  count from v*session where status='ACTIVE'  and username='UAP63'#Io 异常: The Network Adapter could not establish the connection	$$snapshotfile=N/A	$$snapshotid=1404459643355	
$$ts=2014-07-04 15:40:43	$$service=dbmonitor:design	$$message=[ERROR] sql=select count(*) as count from  sys.dm_exec_sessions where status='running' #到主机  的 TCP/IP 连接失败。 java.net.ConnectException: Connection refused: connect	$$snapshotfile=N/A	$$snapshotid=1404459643375	
$$ts=2014-07-04 15:40:54	$$service=dbmonitor:test	$$message=[ERROR] sql=select count(*) as  count from v*session where status='ACTIVE'  and username='UAP63'#Io 异常: The Network Adapter could not establish the connection	$$snapshotfile=N/A	$$snapshotid=1404459654350	
$$ts=2014-07-04 15:40:54	$$service=dbmonitor:design	$$message=[ERROR] sql=select count(*) as count from  sys.dm_exec_sessions where status='running' #到主机  的 TCP/IP 连接失败。 java.net.ConnectException: Connection refused: connect	$$snapshotfile=N/A	$$snapshotid=1404459654370	
$$ts=2014-07-04 15:40:54	$$service=dbmonitor:test	$$message=[ERROR]Io 异常: The Network Adapter could not establish the connection	$$snapshotfile=N/A	$$snapshotid=1404459654390	
$$ts=2014-07-04 15:41:05	$$service=dbmonitor:test	$$message=[ERROR]Io 异常: The Network Adapter could not establish the connection	$$snapshotfile=N/A	$$snapshotid=1404459665354	
$$ts=2014-07-04 15:41:05	$$service=dbmonitor:test	$$message=[ERROR] sql=select count(*) as  count from v*session where status='ACTIVE'  and username='UAP63'#Io 异常: The Network Adapter could not establish the connection	$$snapshotfile=N/A	$$snapshotid=1404459665374	
$$ts=2014-07-04 15:41:05	$$service=dbmonitor:design	$$message=[ERROR] sql=select count(*) as count from  sys.dm_exec_sessions where status='running' #到主机  的 TCP/IP 连接失败。 java.net.ConnectException: Connection refused: connect	$$snapshotfile=N/A	$$snapshotid=1404459665394	
$$ts=2014-07-04 15:41:16	$$service=dbmonitor:test	$$message=[ERROR]Io 异常: The Network Adapter could not establish the connection	$$snapshotfile=N/A	$$snapshotid=1404459676355	
$$ts=2014-07-04 15:41:16	$$service=dbmonitor:test	$$message=[ERROR] sql=select count(*) as  count from v*session where status='ACTIVE'  and username='UAP63'#Io 异常: The Network Adapter could not establish the connection	$$snapshotfile=N/A	$$snapshotid=1404459676375	
$$ts=2014-07-04 15:41:16	$$service=dbmonitor:design	$$message=[ERROR] sql=select count(*) as count from  sys.dm_exec_sessions where status='running' #到主机  的 TCP/IP 连接失败。 java.net.ConnectException: Connection refused: connect	$$snapshotfile=N/A	$$snapshotid=1404459676395	
$$ts=2014-07-04 15:41:27	$$service=dbmonitor:test	$$message=[ERROR]Io 异常: The Network Adapter could not establish the connection	$$snapshotfile=N/A	$$snapshotid=1404459687355	
$$ts=2014-07-04 15:41:27	$$service=dbmonitor:test	$$message=[ERROR] sql=select count(*) as  count from v*session where status='ACTIVE'  and username='UAP63'#Io 异常: The Network Adapter could not establish the connection	$$snapshotfile=N/A	$$snapshotid=1404459687375	
$$ts=2014-07-04 15:41:27	$$service=dbmonitor:design	$$message=[ERROR] sql=select count(*) as count from  sys.dm_exec_sessions where status='running' #到主机  的 TCP/IP 连接失败。 java.net.ConnectException: Connection refused: connect	$$snapshotfile=N/A	$$snapshotid=1404459687395	
$$ts=2014-07-04 15:41:38	$$service=dbmonitor:test	$$message=[ERROR]Io 异常: The Network Adapter could not establish the connection	$$snapshotfile=N/A	$$snapshotid=1404459698356	
$$ts=2014-07-04 15:41:38	$$service=dbmonitor:test	$$message=[ERROR] sql=select count(*) as  count from v*session where status='ACTIVE'  and username='UAP63'#Io 异常: The Network Adapter could not establish the connection	$$snapshotfile=N/A	$$snapshotid=1404459698376	
$$ts=2014-07-04 15:41:38	$$service=dbmonitor:design	$$message=[ERROR] sql=select count(*) as count from  sys.dm_exec_sessions where status='running' #到主机  的 TCP/IP 连接失败。 java.net.ConnectException: Connection refused: connect	$$snapshotfile=N/A	$$snapshotid=1404459698396	
$$ts=2014-07-04 15:41:49	$$service=dbmonitor:test	$$message=[ERROR]Io 异常: The Network Adapter could not establish the connection	$$snapshotfile=N/A	$$snapshotid=1404459709348	
$$ts=2014-07-04 15:41:49	$$service=dbmonitor:test	$$message=[ERROR] sql=select count(*) as  count from v*session where status='ACTIVE'  and username='UAP63'#Io 异常: The Network Adapter could not establish the connection	$$snapshotfile=N/A	$$snapshotid=1404459709368	
$$ts=2014-07-04 15:41:49	$$service=dbmonitor:design	$$message=[ERROR] sql=select count(*) as count from  sys.dm_exec_sessions where status='running' #到主机  的 TCP/IP 连接失败。 java.net.ConnectException: Connection refused: connect	$$snapshotfile=N/A	$$snapshotid=1404459709388	
$$ts=2014-07-04 15:41:54	$$service=privilegemanager:Tony-T420i	$$message=[WARNING]security check error.username=null	$$snapshotfile=N/A	$$snapshotid=1404459714961	
$$ts=2014-07-04 15:41:55	$$service=privilegemanager:Tony-T420i	$$message=[WARNING]security check error.username=null	$$snapshotfile=N/A	$$snapshotid=1404459715513	
$$ts=2014-07-04 15:42:00	$$service=dbmonitor:test	$$message=[ERROR]Io 异常: The Network Adapter could not establish the connection	$$snapshotfile=N/A	$$snapshotid=1404459720350	
$$ts=2014-07-04 15:42:00	$$service=dbmonitor:test	$$message=[ERROR] sql=select count(*) as  count from v*session where status='ACTIVE'  and username='UAP63'#Io 异常: The Network Adapter could not establish the connection	$$snapshotfile=N/A	$$snapshotid=1404459720370	
$$ts=2014-07-04 15:42:00	$$service=dbmonitor:design	$$message=[ERROR] sql=select count(*) as count from  sys.dm_exec_sessions where status='running' #到主机  的 TCP/IP 连接失败。 java.net.ConnectException: Connection refused: connect	$$snapshotfile=N/A	$$snapshotid=1404459720390	
$$ts=2014-07-04 15:42:00	$$service=processmonitor:MW-Tony-T420i	$$message=[ERROR][mw]server response check failed.	$$snapshotfile=N/A	$$snapshotid=1404459720412	
$$ts=2014-07-04 15:42:00	$$service=processmonitor:MW-Tony-T420i	$$message=[WARNING][mw]server restart over ,costtime=0	$$snapshotfile=N/A	$$snapshotid=1404459720432	
$$ts=2014-07-04 15:42:11	$$service=dbmonitor:test	$$message=[ERROR]Io 异常: The Network Adapter could not establish the connection	$$snapshotfile=N/A	$$snapshotid=1404459731349	
$$ts=2014-07-04 15:42:11	$$service=dbmonitor:test	$$message=[ERROR] sql=select count(*) as  count from v*session where status='ACTIVE'  and username='UAP63'#Io 异常: The Network Adapter could not establish the connection	$$snapshotfile=N/A	$$snapshotid=1404459731369	
$$ts=2014-07-04 15:42:11	$$service=privilegemanager:Tony-T420i	$$message=[WARNING]security check error.username=null	$$snapshotfile=N/A	$$snapshotid=1404459731389	
$$ts=2014-07-04 15:42:11	$$service=dbmonitor:design	$$message=[ERROR] sql=select count(*) as count from  sys.dm_exec_sessions where status='running' #到主机  的 TCP/IP 连接失败。 java.net.ConnectException: Connection refused: connect	$$snapshotfile=N/A	$$snapshotid=1404459731409	
$$ts=2014-07-04 15:42:22	$$service=dbmonitor:test	$$message=[ERROR]Io 异常: The Network Adapter could not establish the connection	$$snapshotfile=N/A	$$snapshotid=1404459742352	
$$ts=2014-07-04 15:42:22	$$service=dbmonitor:test	$$message=[ERROR] sql=select count(*) as  count from v*session where status='ACTIVE'  and username='UAP63'#Io 异常: The Network Adapter could not establish the connection	$$snapshotfile=N/A	$$snapshotid=1404459742372	
$$ts=2014-07-04 15:42:22	$$service=dbmonitor:design	$$message=[ERROR] sql=select count(*) as count from  sys.dm_exec_sessions where status='running' #到主机  的 TCP/IP 连接失败。 java.net.ConnectException: Connection refused: connect	$$snapshotfile=N/A	$$snapshotid=1404459742392	
$$ts=2014-07-04 15:42:33	$$service=dbmonitor:test	$$message=[ERROR]Io 异常: The Network Adapter could not establish the connection	$$snapshotfile=N/A	$$snapshotid=1404459753357	
$$ts=2014-07-04 15:42:33	$$service=dbmonitor:test	$$message=[ERROR] sql=select count(*) as  count from v*session where status='ACTIVE'  and username='UAP63'#Io 异常: The Network Adapter could not establish the connection	$$snapshotfile=N/A	$$snapshotid=1404459753377	
$$ts=2014-07-04 15:42:33	$$service=dbmonitor:design	$$message=[ERROR] sql=select count(*) as count from  sys.dm_exec_sessions where status='running' #到主机  的 TCP/IP 连接失败。 java.net.ConnectException: Connection refused: connect	$$snapshotfile=N/A	$$snapshotid=1404459753397	
$$ts=2014-07-04 15:42:44	$$service=dbmonitor:test	$$message=[ERROR] sql=select count(*) as  count from v*session where status='ACTIVE'  and username='UAP63'#Io 异常: The Network Adapter could not establish the connection	$$snapshotfile=N/A	$$snapshotid=1404459764350	
$$ts=2014-07-04 15:42:44	$$service=dbmonitor:test	$$message=[ERROR]Io 异常: The Network Adapter could not establish the connection	$$snapshotfile=N/A	$$snapshotid=1404459764370	
$$ts=2014-07-04 15:42:44	$$service=dbmonitor:design	$$message=[ERROR] sql=select count(*) as count from  sys.dm_exec_sessions where status='running' #到主机  的 TCP/IP 连接失败。 java.net.ConnectException: Connection refused: connect	$$snapshotfile=N/A	$$snapshotid=1404459764390	
$$ts=2014-07-04 15:42:55	$$service=dbmonitor:test	$$message=[ERROR] sql=select count(*) as  count from v*session where status='ACTIVE'  and username='UAP63'#Io 异常: The Network Adapter could not establish the connection	$$snapshotfile=N/A	$$snapshotid=1404459775371	
$$ts=2014-07-04 15:42:55	$$service=dbmonitor:test	$$message=[ERROR]Io 异常: The Network Adapter could not establish the connection	$$snapshotfile=N/A	$$snapshotid=1404459775391	
$$ts=2014-07-04 15:42:55	$$service=dbmonitor:design	$$message=[ERROR] sql=select count(*) as count from  sys.dm_exec_sessions where status='running' #到主机  的 TCP/IP 连接失败。 java.net.ConnectException: Connection refused: connect	$$snapshotfile=N/A	$$snapshotid=1404459775411	
$$ts=2014-07-04 15:43:06	$$service=dbmonitor:test	$$message=[ERROR] sql=select count(*) as  count from v*session where status='ACTIVE'  and username='UAP63'#Io 异常: The Network Adapter could not establish the connection	$$snapshotfile=N/A	$$snapshotid=1404459786374	
$$ts=2014-07-04 15:43:06	$$service=dbmonitor:test	$$message=[ERROR]Io 异常: The Network Adapter could not establish the connection	$$snapshotfile=N/A	$$snapshotid=1404459786394	
$$ts=2014-07-04 15:43:06	$$service=dbmonitor:design	$$message=[ERROR] sql=select count(*) as count from  sys.dm_exec_sessions where status='running' #到主机  的 TCP/IP 连接失败。 java.net.ConnectException: Connection refused: connect	$$snapshotfile=N/A	$$snapshotid=1404459786414	
$$ts=2014-07-04 15:43:17	$$service=dbmonitor:test	$$message=[ERROR]Io 异常: The Network Adapter could not establish the connection	$$snapshotfile=N/A	$$snapshotid=1404459797375	
$$ts=2014-07-04 15:43:17	$$service=dbmonitor:test	$$message=[ERROR] sql=select count(*) as  count from v*session where status='ACTIVE'  and username='UAP63'#Io 异常: The Network Adapter could not establish the connection	$$snapshotfile=N/A	$$snapshotid=1404459797395	
$$ts=2014-07-04 15:43:17	$$service=dbmonitor:design	$$message=[ERROR] sql=select count(*) as count from  sys.dm_exec_sessions where status='running' #到主机  的 TCP/IP 连接失败。 java.net.ConnectException: Connection refused: connect	$$snapshotfile=N/A	$$snapshotid=1404459797415	
$$ts=2014-07-04 15:43:28	$$service=dbmonitor:test	$$message=[ERROR]Io 异常: The Network Adapter could not establish the connection	$$snapshotfile=N/A	$$snapshotid=1404459808376	
$$ts=2014-07-04 15:43:28	$$service=dbmonitor:test	$$message=[ERROR] sql=select count(*) as  count from v*session where status='ACTIVE'  and username='UAP63'#Io 异常: The Network Adapter could not establish the connection	$$snapshotfile=N/A	$$snapshotid=1404459808396	
$$ts=2014-07-04 15:43:28	$$service=dbmonitor:design	$$message=[ERROR] sql=select count(*) as count from  sys.dm_exec_sessions where status='running' #到主机  的 TCP/IP 连接失败。 java.net.ConnectException: Connection refused: connect	$$snapshotfile=N/A	$$snapshotid=1404459808416	
$$ts=2014-07-04 15:43:33	$$service=processmonitor:MW-Tony-T420i	$$message=[ERROR][mw]server response check failed.	$$snapshotfile=N/A	$$snapshotid=1404459813396	
$$ts=2014-07-04 15:43:33	$$service=processmonitor:MW-Tony-T420i	$$message=[WARNING][mw]server restart over ,costtime=0	$$snapshotfile=N/A	$$snapshotid=1404459813416	
$$ts=2014-07-04 15:43:39	$$service=dbmonitor:test	$$message=[ERROR]Io 异常: The Network Adapter could not establish the connection	$$snapshotfile=N/A	$$snapshotid=1404459819377	
$$ts=2014-07-04 15:43:39	$$service=dbmonitor:test	$$message=[ERROR] sql=select count(*) as  count from v*session where status='ACTIVE'  and username='UAP63'#Io 异常: The Network Adapter could not establish the connection	$$snapshotfile=N/A	$$snapshotid=1404459819397	
$$ts=2014-07-04 15:43:39	$$service=dbmonitor:design	$$message=[ERROR] sql=select count(*) as count from  sys.dm_exec_sessions where status='running' #到主机  的 TCP/IP 连接失败。 java.net.ConnectException: Connection refused: connect	$$snapshotfile=N/A	$$snapshotid=1404459819417	
$$ts=2014-07-04 15:43:41	$$service=privilegemanager:Tony-T420i	$$message=[WARNING]security check error.username=null	$$snapshotfile=N/A	$$snapshotid=1404459821618	
$$ts=2014-07-04 15:43:50	$$service=dbmonitor:test	$$message=[ERROR]Io 异常: The Network Adapter could not establish the connection	$$snapshotfile=N/A	$$snapshotid=1404459830392	
$$ts=2014-07-04 15:43:50	$$service=dbmonitor:test	$$message=[ERROR] sql=select count(*) as  count from v*session where status='ACTIVE'  and username='UAP63'#Io 异常: The Network Adapter could not establish the connection	$$snapshotfile=N/A	$$snapshotid=1404459830412	
$$ts=2014-07-04 15:43:50	$$service=dbmonitor:design	$$message=[ERROR] sql=select count(*) as count from  sys.dm_exec_sessions where status='running' #到主机  的 TCP/IP 连接失败。 java.net.ConnectException: Connection refused: connect	$$snapshotfile=N/A	$$snapshotid=1404459830432	
$$ts=2014-07-04 15:44:01	$$service=dbmonitor:test	$$message=[ERROR]Io 异常: The Network Adapter could not establish the connection	$$snapshotfile=N/A	$$snapshotid=1404459841378	
$$ts=2014-07-04 15:44:01	$$service=dbmonitor:test	$$message=[ERROR] sql=select count(*) as  count from v*session where status='ACTIVE'  and username='UAP63'#Io 异常: The Network Adapter could not establish the connection	$$snapshotfile=N/A	$$snapshotid=1404459841398	
$$ts=2014-07-04 15:44:01	$$service=dbmonitor:design	$$message=[ERROR] sql=select count(*) as count from  sys.dm_exec_sessions where status='running' #到主机  的 TCP/IP 连接失败。 java.net.ConnectException: Connection refused: connect	$$snapshotfile=N/A	$$snapshotid=1404459841418	
$$ts=2014-07-04 15:44:12	$$service=dbmonitor:test	$$message=[ERROR] sql=select count(*) as  count from v*session where status='ACTIVE'  and username='UAP63'#Io 异常: The Network Adapter could not establish the connection	$$snapshotfile=N/A	$$snapshotid=1404459852380	
$$ts=2014-07-04 15:44:12	$$service=dbmonitor:test	$$message=[ERROR]Io 异常: The Network Adapter could not establish the connection	$$snapshotfile=N/A	$$snapshotid=1404459852400	
$$ts=2014-07-04 15:44:12	$$service=dbmonitor:design	$$message=[ERROR] sql=select count(*) as count from  sys.dm_exec_sessions where status='running' #到主机  的 TCP/IP 连接失败。 java.net.ConnectException: Connection refused: connect	$$snapshotfile=N/A	$$snapshotid=1404459852420	
$$ts=2014-07-04 15:44:23	$$service=dbmonitor:test	$$message=[ERROR]Io 异常: The Network Adapter could not establish the connection	$$snapshotfile=N/A	$$snapshotid=1404459863392	
$$ts=2014-07-04 15:44:23	$$service=dbmonitor:test	$$message=[ERROR] sql=select count(*) as  count from v*session where status='ACTIVE'  and username='UAP63'#Io 异常: The Network Adapter could not establish the connection	$$snapshotfile=N/A	$$snapshotid=1404459863412	
$$ts=2014-07-04 15:44:23	$$service=dbmonitor:design	$$message=[ERROR] sql=select count(*) as count from  sys.dm_exec_sessions where status='running' #到主机  的 TCP/IP 连接失败。 java.net.ConnectException: Connection refused: connect	$$snapshotfile=N/A	$$snapshotid=1404459863432	
$$ts=2014-07-04 15:44:34	$$service=dbmonitor:test	$$message=[ERROR]Io 异常: The Network Adapter could not establish the connection	$$snapshotfile=N/A	$$snapshotid=1404459874400	
$$ts=2014-07-04 15:44:34	$$service=dbmonitor:test	$$message=[ERROR] sql=select count(*) as  count from v*session where status='ACTIVE'  and username='UAP63'#Io 异常: The Network Adapter could not establish the connection	$$snapshotfile=N/A	$$snapshotid=1404459874420	
$$ts=2014-07-04 15:44:34	$$service=dbmonitor:design	$$message=[ERROR] sql=select count(*) as count from  sys.dm_exec_sessions where status='running' #到主机  的 TCP/IP 连接失败。 java.net.ConnectException: Connection refused: connect	$$snapshotfile=N/A	$$snapshotid=1404459874440	
$$ts=2014-07-04 15:44:45	$$service=dbmonitor:test	$$message=[ERROR] sql=select count(*) as  count from v*session where status='ACTIVE'  and username='UAP63'#Io 异常: The Network Adapter could not establish the connection	$$snapshotfile=N/A	$$snapshotid=1404459885383	
$$ts=2014-07-04 15:44:45	$$service=dbmonitor:test	$$message=[ERROR]Io 异常: The Network Adapter could not establish the connection	$$snapshotfile=N/A	$$snapshotid=1404459885403	
$$ts=2014-07-04 15:44:45	$$service=dbmonitor:design	$$message=[ERROR] sql=select count(*) as count from  sys.dm_exec_sessions where status='running' #到主机  的 TCP/IP 连接失败。 java.net.ConnectException: Connection refused: connect	$$snapshotfile=N/A	$$snapshotid=1404459885423	
$$ts=2014-07-04 15:44:56	$$service=dbmonitor:test	$$message=[ERROR]Io 异常: The Network Adapter could not establish the connection	$$snapshotfile=N/A	$$snapshotid=1404459896394	
$$ts=2014-07-04 15:44:56	$$service=dbmonitor:test	$$message=[ERROR] sql=select count(*) as  count from v*session where status='ACTIVE'  and username='UAP63'#Io 异常: The Network Adapter could not establish the connection	$$snapshotfile=N/A	$$snapshotid=1404459896414	
$$ts=2014-07-04 15:44:56	$$service=dbmonitor:design	$$message=[ERROR] sql=select count(*) as count from  sys.dm_exec_sessions where status='running' #到主机  的 TCP/IP 连接失败。 java.net.ConnectException: Connection refused: connect	$$snapshotfile=N/A	$$snapshotid=1404459896434	
$$ts=2014-07-04 15:45:06	$$service=processmonitor:MW-Tony-T420i	$$message=[ERROR][mw]server response check failed.	$$snapshotfile=N/A	$$snapshotid=1404459906418	
$$ts=2014-07-04 15:45:06	$$service=processmonitor:MW-Tony-T420i	$$message=[WARNING][mw]server restart over ,costtime=0	$$snapshotfile=N/A	$$snapshotid=1404459906438	
$$ts=2014-07-04 15:45:07	$$service=dbmonitor:test	$$message=[ERROR]Io 异常: The Network Adapter could not establish the connection	$$snapshotfile=N/A	$$snapshotid=1404459907378	
$$ts=2014-07-04 15:45:07	$$service=dbmonitor:test	$$message=[ERROR] sql=select count(*) as  count from v*session where status='ACTIVE'  and username='UAP63'#Io 异常: The Network Adapter could not establish the connection	$$snapshotfile=N/A	$$snapshotid=1404459907398	
$$ts=2014-07-04 15:45:07	$$service=dbmonitor:design	$$message=[ERROR] sql=select count(*) as count from  sys.dm_exec_sessions where status='running' #到主机  的 TCP/IP 连接失败。 java.net.ConnectException: Connection refused: connect	$$snapshotfile=N/A	$$snapshotid=1404459907438	
$$ts=2014-07-04 15:45:18	$$service=dbmonitor:test	$$message=[ERROR]Io 异常: The Network Adapter could not establish the connection	$$snapshotfile=N/A	$$snapshotid=1404459918379	
$$ts=2014-07-04 15:45:18	$$service=dbmonitor:test	$$message=[ERROR] sql=select count(*) as  count from v*session where status='ACTIVE'  and username='UAP63'#Io 异常: The Network Adapter could not establish the connection	$$snapshotfile=N/A	$$snapshotid=1404459918399	
$$ts=2014-07-04 15:45:18	$$service=dbmonitor:design	$$message=[ERROR] sql=select count(*) as count from  sys.dm_exec_sessions where status='running' #到主机  的 TCP/IP 连接失败。 java.net.ConnectException: Connection refused: connect	$$snapshotfile=N/A	$$snapshotid=1404459918439	
$$ts=2014-07-04 15:45:29	$$service=dbmonitor:test	$$message=[ERROR]Io 异常: The Network Adapter could not establish the connection	$$snapshotfile=N/A	$$snapshotid=1404459929387	
$$ts=2014-07-04 15:45:29	$$service=dbmonitor:test	$$message=[ERROR] sql=select count(*) as  count from v*session where status='ACTIVE'  and username='UAP63'#Io 异常: The Network Adapter could not establish the connection	$$snapshotfile=N/A	$$snapshotid=1404459929407	
$$ts=2014-07-04 15:45:29	$$service=dbmonitor:design	$$message=[ERROR] sql=select count(*) as count from  sys.dm_exec_sessions where status='running' #到主机  的 TCP/IP 连接失败。 java.net.ConnectException: Connection refused: connect	$$snapshotfile=N/A	$$snapshotid=1404459929427	
$$ts=2014-07-04 15:45:40	$$service=dbmonitor:test	$$message=[ERROR]Io 异常: The Network Adapter could not establish the connection	$$snapshotfile=N/A	$$snapshotid=1404459940392	
$$ts=2014-07-04 15:45:40	$$service=dbmonitor:test	$$message=[ERROR] sql=select count(*) as  count from v*session where status='ACTIVE'  and username='UAP63'#Io 异常: The Network Adapter could not establish the connection	$$snapshotfile=N/A	$$snapshotid=1404459940412	
$$ts=2014-07-04 15:45:40	$$service=dbmonitor:design	$$message=[ERROR] sql=select count(*) as count from  sys.dm_exec_sessions where status='running' #到主机  的 TCP/IP 连接失败。 java.net.ConnectException: Connection refused: connect	$$snapshotfile=N/A	$$snapshotid=1404459940432	
$$ts=2014-07-04 15:45:51	$$service=dbmonitor:test	$$message=[ERROR] sql=select count(*) as  count from v*session where status='ACTIVE'  and username='UAP63'#Io 异常: The Network Adapter could not establish the connection	$$snapshotfile=N/A	$$snapshotid=1404459951392	
$$ts=2014-07-04 15:45:51	$$service=dbmonitor:test	$$message=[ERROR]Io 异常: The Network Adapter could not establish the connection	$$snapshotfile=N/A	$$snapshotid=1404459951412	
$$ts=2014-07-04 15:45:51	$$service=dbmonitor:design	$$message=[ERROR] sql=select count(*) as count from  sys.dm_exec_sessions where status='running' #到主机  的 TCP/IP 连接失败。 java.net.ConnectException: Connection refused: connect	$$snapshotfile=N/A	$$snapshotid=1404459951452	
$$ts=2014-07-04 15:46:02	$$service=dbmonitor:test	$$message=[ERROR]Io 异常: The Network Adapter could not establish the connection	$$snapshotfile=N/A	$$snapshotid=1404459962380	
$$ts=2014-07-04 15:46:02	$$service=dbmonitor:test	$$message=[ERROR] sql=select count(*) as  count from v*session where status='ACTIVE'  and username='UAP63'#Io 异常: The Network Adapter could not establish the connection	$$snapshotfile=N/A	$$snapshotid=1404459962400	
$$ts=2014-07-04 15:46:02	$$service=dbmonitor:design	$$message=[ERROR] sql=select count(*) as count from  sys.dm_exec_sessions where status='running' #到主机  的 TCP/IP 连接失败。 java.net.ConnectException: Connection refused: connect	$$snapshotfile=N/A	$$snapshotid=1404459962440	
$$ts=2014-07-04 15:46:13	$$service=dbmonitor:test	$$message=[ERROR] sql=select count(*) as  count from v*session where status='ACTIVE'  and username='UAP63'#Io 异常: The Network Adapter could not establish the connection	$$snapshotfile=N/A	$$snapshotid=1404459973382	
$$ts=2014-07-04 15:46:13	$$service=dbmonitor:test	$$message=[ERROR]Io 异常: The Network Adapter could not establish the connection	$$snapshotfile=N/A	$$snapshotid=1404459973402	
$$ts=2014-07-04 15:46:13	$$service=dbmonitor:design	$$message=[ERROR] sql=select count(*) as count from  sys.dm_exec_sessions where status='running' #到主机  的 TCP/IP 连接失败。 java.net.ConnectException: Connection refused: connect	$$snapshotfile=N/A	$$snapshotid=1404459973442	
$$ts=2014-07-04 15:46:24	$$service=dbmonitor:test	$$message=[ERROR]Io 异常: The Network Adapter could not establish the connection	$$snapshotfile=N/A	$$snapshotid=1404459984387	
$$ts=2014-07-04 15:46:24	$$service=dbmonitor:test	$$message=[ERROR] sql=select count(*) as  count from v*session where status='ACTIVE'  and username='UAP63'#Io 异常: The Network Adapter could not establish the connection	$$snapshotfile=N/A	$$snapshotid=1404459984407	
$$ts=2014-07-04 15:46:24	$$service=dbmonitor:design	$$message=[ERROR] sql=select count(*) as count from  sys.dm_exec_sessions where status='running' #到主机  的 TCP/IP 连接失败。 java.net.ConnectException: Connection refused: connect	$$snapshotfile=N/A	$$snapshotid=1404459984448	
$$ts=2014-07-04 15:46:35	$$service=dbmonitor:test	$$message=[ERROR]Io 异常: The Network Adapter could not establish the connection	$$snapshotfile=N/A	$$snapshotid=1404459995409	
$$ts=2014-07-04 15:46:35	$$service=dbmonitor:test	$$message=[ERROR] sql=select count(*) as  count from v*session where status='ACTIVE'  and username='UAP63'#Io 异常: The Network Adapter could not establish the connection	$$snapshotfile=N/A	$$snapshotid=1404459995429	
$$ts=2014-07-04 15:46:35	$$service=dbmonitor:design	$$message=[ERROR] sql=select count(*) as count from  sys.dm_exec_sessions where status='running' #到主机  的 TCP/IP 连接失败。 java.net.ConnectException: Connection refused: connect	$$snapshotfile=N/A	$$snapshotid=1404459995469	
$$ts=2014-07-04 15:46:39	$$service=processmonitor:MW-Tony-T420i	$$message=[ERROR][mw]server response check failed.	$$snapshotfile=N/A	$$snapshotid=1404459999470	
$$ts=2014-07-04 15:46:39	$$service=processmonitor:MW-Tony-T420i	$$message=[WARNING][mw]server restart over ,costtime=0	$$snapshotfile=N/A	$$snapshotid=1404459999490	
$$ts=2014-07-04 15:46:46	$$service=dbmonitor:test	$$message=[ERROR]Io 异常: The Network Adapter could not establish the connection	$$snapshotfile=N/A	$$snapshotid=1404460006394	
$$ts=2014-07-04 15:46:46	$$service=dbmonitor:test	$$message=[ERROR] sql=select count(*) as  count from v*session where status='ACTIVE'  and username='UAP63'#Io 异常: The Network Adapter could not establish the connection	$$snapshotfile=N/A	$$snapshotid=1404460006414	
$$ts=2014-07-04 15:46:46	$$service=dbmonitor:design	$$message=[ERROR] sql=select count(*) as count from  sys.dm_exec_sessions where status='running' #到主机  的 TCP/IP 连接失败。 java.net.ConnectException: Connection refused: connect	$$snapshotfile=N/A	$$snapshotid=1404460006474	
$$ts=2014-07-04 15:46:57	$$service=dbmonitor:test	$$message=[ERROR]Io 异常: The Network Adapter could not establish the connection	$$snapshotfile=N/A	$$snapshotid=1404460017404	
$$ts=2014-07-04 15:46:57	$$service=dbmonitor:test	$$message=[ERROR] sql=select count(*) as  count from v*session where status='ACTIVE'  and username='UAP63'#Io 异常: The Network Adapter could not establish the connection	$$snapshotfile=N/A	$$snapshotid=1404460017424	
$$ts=2014-07-04 15:46:57	$$service=dbmonitor:design	$$message=[ERROR] sql=select count(*) as count from  sys.dm_exec_sessions where status='running' #到主机  的 TCP/IP 连接失败。 java.net.ConnectException: Connection refused: connect	$$snapshotfile=N/A	$$snapshotid=1404460017484	
$$ts=2014-07-04 15:47:08	$$service=dbmonitor:test	$$message=[ERROR]Io 异常: The Network Adapter could not establish the connection	$$snapshotfile=N/A	$$snapshotid=1404460028408	
$$ts=2014-07-04 15:47:08	$$service=dbmonitor:test	$$message=[ERROR] sql=select count(*) as  count from v*session where status='ACTIVE'  and username='UAP63'#Io 异常: The Network Adapter could not establish the connection	$$snapshotfile=N/A	$$snapshotid=1404460028428	
$$ts=2014-07-04 15:47:08	$$service=dbmonitor:design	$$message=[ERROR] sql=select count(*) as count from  sys.dm_exec_sessions where status='running' #到主机  的 TCP/IP 连接失败。 java.net.ConnectException: Connection refused: connect	$$snapshotfile=N/A	$$snapshotid=1404460028488	
$$ts=2014-07-04 15:47:19	$$service=dbmonitor:test	$$message=[ERROR]Io 异常: The Network Adapter could not establish the connection	$$snapshotfile=N/A	$$snapshotid=1404460039388	
$$ts=2014-07-04 15:47:19	$$service=dbmonitor:test	$$message=[ERROR] sql=select count(*) as  count from v*session where status='ACTIVE'  and username='UAP63'#Io 异常: The Network Adapter could not establish the connection	$$snapshotfile=N/A	$$snapshotid=1404460039408	
$$ts=2014-07-04 15:47:19	$$service=dbmonitor:design	$$message=[ERROR] sql=select count(*) as count from  sys.dm_exec_sessions where status='running' #到主机  的 TCP/IP 连接失败。 java.net.ConnectException: Connection refused: connect	$$snapshotfile=N/A	$$snapshotid=1404460039488	
$$ts=2014-07-04 15:47:30	$$service=dbmonitor:test	$$message=[ERROR]Io 异常: The Network Adapter could not establish the connection	$$snapshotfile=N/A	$$snapshotid=1404460050395	
$$ts=2014-07-04 15:47:30	$$service=dbmonitor:test	$$message=[ERROR] sql=select count(*) as  count from v*session where status='ACTIVE'  and username='UAP63'#Io 异常: The Network Adapter could not establish the connection	$$snapshotfile=N/A	$$snapshotid=1404460050415	
$$ts=2014-07-04 15:47:30	$$service=dbmonitor:design	$$message=[ERROR] sql=select count(*) as count from  sys.dm_exec_sessions where status='running' #到主机  的 TCP/IP 连接失败。 java.net.ConnectException: Connection refused: connect	$$snapshotfile=N/A	$$snapshotid=1404460050495	
$$ts=2014-07-04 15:47:41	$$service=dbmonitor:test	$$message=[ERROR]Io 异常: The Network Adapter could not establish the connection	$$snapshotfile=N/A	$$snapshotid=1404460061396	
$$ts=2014-07-04 15:47:41	$$service=dbmonitor:test	$$message=[ERROR] sql=select count(*) as  count from v*session where status='ACTIVE'  and username='UAP63'#Io 异常: The Network Adapter could not establish the connection	$$snapshotfile=N/A	$$snapshotid=1404460061416	
$$ts=2014-07-04 15:47:41	$$service=dbmonitor:design	$$message=[ERROR] sql=select count(*) as count from  sys.dm_exec_sessions where status='running' #到主机  的 TCP/IP 连接失败。 java.net.ConnectException: Connection refused: connect	$$snapshotfile=N/A	$$snapshotid=1404460061496	
$$ts=2014-07-04 15:47:52	$$service=dbmonitor:test	$$message=[ERROR]Io 异常: The Network Adapter could not establish the connection	$$snapshotfile=N/A	$$snapshotid=1404460072400	
$$ts=2014-07-04 15:47:52	$$service=dbmonitor:test	$$message=[ERROR] sql=select count(*) as  count from v*session where status='ACTIVE'  and username='UAP63'#Io 异常: The Network Adapter could not establish the connection	$$snapshotfile=N/A	$$snapshotid=1404460072420	
$$ts=2014-07-04 15:47:52	$$service=dbmonitor:design	$$message=[ERROR] sql=select count(*) as count from  sys.dm_exec_sessions where status='running' #到主机  的 TCP/IP 连接失败。 java.net.ConnectException: Connection refused: connect	$$snapshotfile=N/A	$$snapshotid=1404460072500	
$$ts=2014-07-04 15:48:03	$$service=dbmonitor:test	$$message=[ERROR]Io 异常: The Network Adapter could not establish the connection	$$snapshotfile=N/A	$$snapshotid=1404460083396	
$$ts=2014-07-04 15:48:03	$$service=dbmonitor:test	$$message=[ERROR] sql=select count(*) as  count from v*session where status='ACTIVE'  and username='UAP63'#Io 异常: The Network Adapter could not establish the connection	$$snapshotfile=N/A	$$snapshotid=1404460083416	
$$ts=2014-07-04 15:48:03	$$service=dbmonitor:design	$$message=[ERROR] sql=select count(*) as count from  sys.dm_exec_sessions where status='running' #到主机  的 TCP/IP 连接失败。 java.net.ConnectException: Connection refused: connect	$$snapshotfile=N/A	$$snapshotid=1404460083498	
$$ts=2014-07-04 15:48:12	$$service=processmonitor:MW-Tony-T420i	$$message=[ERROR][mw]server response check failed.	$$snapshotfile=N/A	$$snapshotid=1404460092493	
$$ts=2014-07-04 15:48:12	$$service=processmonitor:MW-Tony-T420i	$$message=[WARNING][mw]server restart over ,costtime=0	$$snapshotfile=N/A	$$snapshotid=1404460092513	
$$ts=2014-07-04 15:48:14	$$service=dbmonitor:test	$$message=[ERROR]Io 异常: The Network Adapter could not establish the connection	$$snapshotfile=N/A	$$snapshotid=1404460094413	
$$ts=2014-07-04 15:48:14	$$service=dbmonitor:test	$$message=[ERROR] sql=select count(*) as  count from v*session where status='ACTIVE'  and username='UAP63'#Io 异常: The Network Adapter could not establish the connection	$$snapshotfile=N/A	$$snapshotid=1404460094433	
$$ts=2014-07-04 15:48:14	$$service=dbmonitor:design	$$message=[ERROR] sql=select count(*) as count from  sys.dm_exec_sessions where status='running' #到主机  的 TCP/IP 连接失败。 java.net.ConnectException: Connection refused: connect	$$snapshotfile=N/A	$$snapshotid=1404460094493	