
$$ts=2013-12-24 10:05:25	$$nc.npr.service.plugin.remotecallresulttop10 process time =0ms	$$nc.npr.service.plugin.remotecallresulttop10 get result time =0ms	
$$ts=2013-12-24 10:05:25	$$nc.npr.service.plugin.remotecallcosttimetop10 process time =0ms	$$nc.npr.service.plugin.remotecallcosttimetop10 get result time =0ms	
$$ts=2013-12-24 10:05:25	$$nc.npr.service.plugin.sqlexecutesummaryimpl process time =0ms	$$nc.npr.service.plugin.sqlexecutesummaryimpl get result time =0ms	
$$ts=2013-12-24 10:05:25	$$nc.npr.service.plugin.remotecallsqltimesoverlimit process time =0ms	$$nc.npr.service.plugin.remotecallsqltimesoverlimit get result time =0ms	
$$ts=2013-12-24 10:05:25	$$nc.npr.service.plugin.systemmonitorpluginimpl process time =0ms	$$nc.npr.service.plugin.systemmonitorpluginimpl get result time =0ms	
$$ts=2013-12-24 10:05:25	$$nc.npr.service.plugin.jvmrespcostchartimpl process time =1ms	$$nc.npr.service.plugin.jvmrespcostchartimpl get result time =0ms	
$$ts=2013-12-24 10:05:25	$$nc.npr.service.plugin.readorwriteover1mimpl process time =0ms	$$nc.npr.service.plugin.readorwriteover1mimpl get result time =0ms	
$$ts=2013-12-24 10:05:25	$$nc.npr.service.plugin.databaseworkloadchartimpl process time =0ms	$$nc.npr.service.plugin.databaseworkloadchartimpl get result time =0ms	
$$ts=2013-12-24 10:05:25	$$nc.npr.service.plugin.sqlcosttimetop10 process time =0ms	$$nc.npr.service.plugin.sqlcosttimetop10 get result time =0ms	
$$ts=2013-12-24 10:05:25	$$nc.npr.service.plugin.throughputpluginimplmaster process time =0ms	$$nc.npr.service.plugin.throughputpluginimplmaster get result time =0ms	
$$ts=2013-12-24 10:05:25	$$nc.npr.service.plugin.msgsnapshotplugimpl process time =0ms	$$nc.npr.service.plugin.msgsnapshotplugimpl get result time =0ms	
$$ts=2013-12-24 10:05:25	$$nc.npr.service.plugin.serversthroughputpluginimplservers process time =0ms	$$nc.npr.service.plugin.serversthroughputpluginimplservers get result time =1ms	
$$ts=2013-12-24 10:05:25	$$nc.npr.service.plugin.mwcputimepluginimpl process time =0ms	$$nc.npr.service.plugin.mwcputimepluginimpl get result time =0ms	
$$ts=2013-12-24 10:05:25	$$nc.npr.service.plugin.serversthroughputpluginimplcluster process time =0ms	$$nc.npr.service.plugin.serversthroughputpluginimplcluster get result time =1ms	
$$ts=2013-12-24 10:05:25	$$nc.npr.service.plugin.networktrafficpluginimpl process time =0ms	$$nc.npr.service.plugin.networktrafficpluginimpl get result time =0ms	
$$ts=2013-12-24 10:05:25	$$nc.npr.service.plugin.remotecallwritetraffictop10 process time =0ms	$$nc.npr.service.plugin.remotecallwritetraffictop10 get result time =0ms	
$$ts=2013-12-24 10:05:25	$$nc.npr.service.plugin.callmasternumstop10 process time =0ms	$$nc.npr.service.plugin.callmasternumstop10 get result time =0ms	
$$ts=2013-12-24 10:05:25	$$nc.npr.service.plugin.jvmmemorychartimpl process time =1ms	$$nc.npr.service.plugin.jvmmemorychartimpl get result time =0ms	
$$ts=2013-12-24 10:05:25	$$nc.npr.service.plugin.jvmthroughputchartimpl process time =0ms	$$nc.npr.service.plugin.jvmthroughputchartimpl get result time =0ms	
$$ts=2013-12-24 10:05:25	$$nc.npr.service.plugin.onlineusertableimpl process time =0ms	$$nc.npr.service.plugin.onlineusertableimpl get result time =0ms	
$$ts=2013-12-24 10:05:25	$$nc.npr.service.plugin.remotecallconnnotclosepluginimpl process time =0ms	$$nc.npr.service.plugin.remotecallconnnotclosepluginimpl get result time =0ms	
$$ts=2013-12-24 10:05:25	$$nc.npr.service.plugin.remotecalltimesoverlimit process time =0ms	$$nc.npr.service.plugin.remotecalltimesoverlimit get result time =0ms	
$$ts=2013-12-24 10:05:25	$$nc.npr.service.plugin.dbsummarypluginimpl process time =0ms	$$nc.npr.service.plugin.dbsummarypluginimpl get result time =0ms	
$$ts=2013-12-24 10:05:25	$$nc.npr.service.plugin.mwsummarypluginimpl process time =0ms	$$nc.npr.service.plugin.mwsummarypluginimpl get result time =0ms	
$$ts=2013-12-24 10:05:25	$$nc.npr.service.plugin.remotecallsqlnumstop10 process time =0ms	$$nc.npr.service.plugin.remotecallsqlnumstop10 get result time =0ms	
$$ts=2013-12-24 10:05:25	$$nc.npr.service.plugin.remotecallreadtraffictop10 process time =0ms	$$nc.npr.service.plugin.remotecallreadtraffictop10 get result time =0ms	
$$ts=2013-12-24 10:05:25	$$nc.npr.service.plugin.serversthroughputpluginimpl process time =12ms	$$nc.npr.service.plugin.serversthroughputpluginimpl get result time =0ms	
$$ts=2013-12-24 10:05:25	$$nc.npr.service.plugin.onlineuserchartimpl process time =0ms	$$nc.npr.service.plugin.onlineuserchartimpl get result time =15ms	
$$ts=2013-12-24 10:05:25	$$nc.npr.service.plugin.requestmastertop10 process time =0ms	$$nc.npr.service.plugin.requestmastertop10 get result time =0ms	
$$ts=2013-12-24 10:05:25	$$nc.npr.service.plugin.calldbnumstop10 process time =0ms	$$nc.npr.service.plugin.calldbnumstop10 get result time =0ms	
$$ts=2013-12-24 10:05:25	$$nc.npr.service.plugin.throughputpluginimpl process time =4ms	$$nc.npr.service.plugin.throughputpluginimpl get result time =0ms	
$$ts=2013-12-24 10:05:25	$$nc.npr.service.plugin.sqlresulttop10 process time =0ms	$$nc.npr.service.plugin.sqlresulttop10 get result time =0ms	
$$ts=2013-12-24 10:05:25	$$nc.npr.service.plugin.jvmwebthreadchartimpl process time =3ms	$$nc.npr.service.plugin.jvmwebthreadchartimpl get result time =0ms	