
$$ts=2013-12-24 09:01:52	$$service=dbmonitor:test	$$message=[ERROR]Io exception: The Network Adapter could not establish the connection	$$snapshotfile=N/A	$$snapshotid=1387846912621	
$$ts=2013-12-24 09:01:52	$$service=dbmonitor:design	$$message=[ERROR]Io exception: The Network Adapter could not establish the connection	$$snapshotfile=N/A	$$snapshotid=1387846912643	
$$ts=2013-12-24 09:01:52	$$service=dbmonitor:test	$$message=[ERROR] sql=select count(*) as  count from v*session where status='ACTIVE'  and username='UAP63'#Io exception: The Network Adapter could not establish the connection	$$snapshotfile=N/A	$$snapshotid=1387846912664	
$$ts=2013-12-24 09:01:52	$$service=dbmonitor:design	$$message=[ERROR] sql=select count(*) as  count from v*session where status='ACTIVE'  and username='UAP63'#Io exception: The Network Adapter could not establish the connection	$$snapshotfile=N/A	$$snapshotid=1387846912685	
$$ts=2013-12-24 09:02:02	$$service=dbmonitor:design	$$message=[ERROR] sql=select count(*) as  count from v*session where status='ACTIVE'  and username='UAP63'#Io exception: The Network Adapter could not establish the connection	$$snapshotfile=N/A	$$snapshotid=1387846922637	
$$ts=2013-12-24 09:02:02	$$service=dbmonitor:test	$$message=[ERROR]Io exception: The Network Adapter could not establish the connection	$$snapshotfile=N/A	$$snapshotid=1387846922658	
$$ts=2013-12-24 09:02:02	$$service=dbmonitor:test	$$message=[ERROR] sql=select count(*) as  count from v*session where status='ACTIVE'  and username='UAP63'#Io exception: The Network Adapter could not establish the connection	$$snapshotfile=N/A	$$snapshotid=1387846922679	
$$ts=2013-12-24 09:02:02	$$service=dbmonitor:design	$$message=[ERROR]Io exception: The Network Adapter could not establish the connection	$$snapshotfile=N/A	$$snapshotid=1387846922700	
$$ts=2013-12-24 09:02:09	$$service=processmonitor:MW-Tony-PC	$$message=[ERROR][mw]server response check failed.	$$snapshotfile=N/A	$$snapshotid=1387846929915	
$$ts=2013-12-24 09:02:09	$$service=processmonitor:MW-Tony-PC	$$message=[WARNING][mw]server restart over ,costtime=0	$$snapshotfile=N/A	$$snapshotid=1387846929936	
$$ts=2013-12-24 09:02:12	$$service=dbmonitor:design	$$message=[ERROR] sql=select count(*) as  count from v*session where status='ACTIVE'  and username='UAP63'#Io exception: The Network Adapter could not establish the connection	$$snapshotfile=N/A	$$snapshotid=1387846932635	
$$ts=2013-12-24 09:02:12	$$service=dbmonitor:test	$$message=[ERROR] sql=select count(*) as  count from v*session where status='ACTIVE'  and username='UAP63'#Io exception: The Network Adapter could not establish the connection	$$snapshotfile=N/A	$$snapshotid=1387846932656	
$$ts=2013-12-24 09:02:12	$$service=dbmonitor:design	$$message=[ERROR]Io exception: The Network Adapter could not establish the connection	$$snapshotfile=N/A	$$snapshotid=1387846932676	
$$ts=2013-12-24 09:02:12	$$service=dbmonitor:test	$$message=[ERROR]Io exception: The Network Adapter could not establish the connection	$$snapshotfile=N/A	$$snapshotid=1387846932697	
$$ts=2013-12-24 09:02:22	$$service=dbmonitor:design	$$message=[ERROR] sql=select count(*) as  count from v*session where status='ACTIVE'  and username='UAP63'#Io exception: The Network Adapter could not establish the connection	$$snapshotfile=N/A	$$snapshotid=1387846942638	
$$ts=2013-12-24 09:02:22	$$service=dbmonitor:test	$$message=[ERROR] sql=select count(*) as  count from v*session where status='ACTIVE'  and username='UAP63'#Io exception: The Network Adapter could not establish the connection	$$snapshotfile=N/A	$$snapshotid=1387846942659	
$$ts=2013-12-24 09:02:22	$$service=dbmonitor:test	$$message=[ERROR]Io exception: The Network Adapter could not establish the connection	$$snapshotfile=N/A	$$snapshotid=1387846942680	
$$ts=2013-12-24 09:02:22	$$service=dbmonitor:design	$$message=[ERROR]Io exception: The Network Adapter could not establish the connection	$$snapshotfile=N/A	$$snapshotid=1387846942701	
$$ts=2013-12-24 09:02:32	$$service=dbmonitor:design	$$message=[ERROR] sql=select count(*) as  count from v*session where status='ACTIVE'  and username='UAP63'#Io exception: The Network Adapter could not establish the connection	$$snapshotfile=N/A	$$snapshotid=1387846952642	
$$ts=2013-12-24 09:02:32	$$service=dbmonitor:test	$$message=[ERROR] sql=select count(*) as  count from v*session where status='ACTIVE'  and username='UAP63'#Io exception: The Network Adapter could not establish the connection	$$snapshotfile=N/A	$$snapshotid=1387846952664	
$$ts=2013-12-24 09:02:32	$$service=dbmonitor:test	$$message=[ERROR]Io exception: The Network Adapter could not establish the connection	$$snapshotfile=N/A	$$snapshotid=1387846952685	
$$ts=2013-12-24 09:02:32	$$service=dbmonitor:design	$$message=[ERROR]Io exception: The Network Adapter could not establish the connection	$$snapshotfile=N/A	$$snapshotid=1387846952706	
$$ts=2013-12-24 09:02:42	$$service=dbmonitor:design	$$message=[ERROR] sql=select count(*) as  count from v*session where status='ACTIVE'  and username='UAP63'#Io exception: The Network Adapter could not establish the connection	$$snapshotfile=N/A	$$snapshotid=1387846962648	
$$ts=2013-12-24 09:02:42	$$service=dbmonitor:test	$$message=[ERROR] sql=select count(*) as  count from v*session where status='ACTIVE'  and username='UAP63'#Io exception: The Network Adapter could not establish the connection	$$snapshotfile=N/A	$$snapshotid=1387846962669	
$$ts=2013-12-24 09:02:42	$$service=dbmonitor:test	$$message=[ERROR]Io exception: The Network Adapter could not establish the connection	$$snapshotfile=N/A	$$snapshotid=1387846962690	
$$ts=2013-12-24 09:02:42	$$service=dbmonitor:design	$$message=[ERROR]Io exception: The Network Adapter could not establish the connection	$$snapshotfile=N/A	$$snapshotid=1387846962711	
$$ts=2013-12-24 09:02:52	$$service=dbmonitor:design	$$message=[ERROR] sql=select count(*) as  count from v*session where status='ACTIVE'  and username='UAP63'#Io exception: The Network Adapter could not establish the connection	$$snapshotfile=N/A	$$snapshotid=1387846972650	
$$ts=2013-12-24 09:02:52	$$service=dbmonitor:test	$$message=[ERROR] sql=select count(*) as  count from v*session where status='ACTIVE'  and username='UAP63'#Io exception: The Network Adapter could not establish the connection	$$snapshotfile=N/A	$$snapshotid=1387846972671	
$$ts=2013-12-24 09:02:52	$$service=dbmonitor:test	$$message=[ERROR]Io exception: The Network Adapter could not establish the connection	$$snapshotfile=N/A	$$snapshotid=1387846972692	
$$ts=2013-12-24 09:02:52	$$service=dbmonitor:design	$$message=[ERROR]Io exception: The Network Adapter could not establish the connection	$$snapshotfile=N/A	$$snapshotid=1387846972714	
$$ts=2013-12-24 09:03:02	$$service=dbmonitor:design	$$message=[ERROR] sql=select count(*) as  count from v*session where status='ACTIVE'  and username='UAP63'#Io exception: The Network Adapter could not establish the connection	$$snapshotfile=N/A	$$snapshotid=1387846982664	
$$ts=2013-12-24 09:03:02	$$service=dbmonitor:test	$$message=[ERROR] sql=select count(*) as  count from v*session where status='ACTIVE'  and username='UAP63'#Io exception: The Network Adapter could not establish the connection	$$snapshotfile=N/A	$$snapshotid=1387846982686	
$$ts=2013-12-24 09:03:02	$$service=dbmonitor:test	$$message=[ERROR]Io exception: The Network Adapter could not establish the connection	$$snapshotfile=N/A	$$snapshotid=1387846982707	
$$ts=2013-12-24 09:03:02	$$service=dbmonitor:design	$$message=[ERROR]Io exception: The Network Adapter could not establish the connection	$$snapshotfile=N/A	$$snapshotid=1387846982728	
$$ts=2013-12-24 09:03:12	$$service=dbmonitor:design	$$message=[ERROR] sql=select count(*) as  count from v*session where status='ACTIVE'  and username='UAP63'#Io exception: The Network Adapter could not establish the connection	$$snapshotfile=N/A	$$snapshotid=1387846992657	
$$ts=2013-12-24 09:03:12	$$service=dbmonitor:test	$$message=[ERROR] sql=select count(*) as  count from v*session where status='ACTIVE'  and username='UAP63'#Io exception: The Network Adapter could not establish the connection	$$snapshotfile=N/A	$$snapshotid=1387846992678	
$$ts=2013-12-24 09:03:12	$$service=dbmonitor:test	$$message=[ERROR]Io exception: The Network Adapter could not establish the connection	$$snapshotfile=N/A	$$snapshotid=1387846992699	
$$ts=2013-12-24 09:03:12	$$service=dbmonitor:design	$$message=[ERROR]Io exception: The Network Adapter could not establish the connection	$$snapshotfile=N/A	$$snapshotid=1387846992720	